{"numTotalTestSuites":98,"numPassedTestSuites":98,"numFailedTestSuites":0,"numPendingTestSuites":0,"numTotalTests":290,"numPassedTests":290,"numFailedTests":0,"numPendingTests":0,"numTodoTests":0,"snapshot":{"added":0,"failure":false,"filesAdded":0,"filesRemoved":0,"filesRemovedList":[],"filesUnmatched":0,"filesUpdated":0,"matched":0,"total":0,"unchecked":0,"uncheckedKeysByFile":[],"unmatched":0,"updated":0,"didUpdate":false},"startTime":1789778288854,"success":true,"testResults":[{"assertionResults":[{"ancestorTitles":[],"fullName":"GAP-029 shows only a fresh team invitation, dismisses it and skips hidden/expired","status":"passed","title":"GAP-029 shows only a fresh team invitation, dismisses it and skips hidden/expired","duration":74.90429099999994,"failureMessages":[],"meta":{}},{"ancestorTitles":[],"fullName":"GAP-008 immersive judge and tutorial routes never fetch a popup","status":"passed","title":"GAP-008 immersive judge and tutorial routes never fetch a popup","duration":1.109625000000051,"failureMessages":[],"meta":{}},{"ancestorTitles":[],"fullName":"GAP-008 a shown notice disappears at its exact expiration","status":"passed","title":"GAP-008 a shown notice disappears at its exact expiration","duration":12.47195899999997,"failureMessages":[],"meta":{}},{"ancestorTitles":[],"fullName":"GAP-008 notice survives StrictMode effect replay","status":"passed","title":"GAP-008 notice survives StrictMode effect replay","duration":6.990125000000035,"failureMessages":[],"meta":{}},{"ancestorTitles":[],"fullName":"GAP-008 previous actor dismiss response cannot navigate the new actor","status":"passed","title":"GAP-008 previous actor dismiss response cannot navigate the new actor","duration":12.050416999999925,"failureMessages":[],"meta":{}}],"startTime":1789778296236,"endTime":1789778296344.0505,"status":"passed","message":"","name":"/Users/liubavskii/.codex/worktrees/c870/tab10/apps/web/src/InvitationNotice.test.tsx"},{"assertionResults":[{"ancestorTitles":["REQ_ui__a11y_360_smoke"],"fullName":"REQ_ui__a11y_360_smoke renders task context navigation without a persistent tab bar","status":"passed","title":"renders task context navigation without a persistent tab bar","duration":53.29529200000002,"failureMessages":[],"meta":{}},{"ancestorTitles":["REQ_ui__a11y_360_smoke"],"fullName":"REQ_ui__a11y_360_smoke exposes skip link and main landmark in AppShell","status":"passed","title":"exposes skip link and main landmark in AppShell","duration":8.073958000000061,"failureMessages":[],"meta":{}},{"ancestorTitles":["REQ_ui__a11y_360_smoke"],"fullName":"REQ_ui__a11y_360_smoke hides skip link in immersive judge shell","status":"passed","title":"hides skip link in immersive judge shell","duration":1.969665999999961,"failureMessages":[],"meta":{}},{"ancestorTitles":["REQ_ui__a11y_360_smoke"],"fullName":"REQ_ui__a11y_360_smoke AT-EMPTY-001 empty state includes actionable CTA","status":"passed","title":"AT-EMPTY-001 empty state includes actionable CTA","duration":25.481750000000034,"failureMessages":[],"meta":{}},{"ancestorTitles":["REQ_ui__a11y_360_smoke"],"fullName":"REQ_ui__a11y_360_smoke auth layout exposes brand and heading","status":"passed","title":"auth layout exposes brand and heading","duration":3.8140829999999823,"failureMessages":[],"meta":{}},{"ancestorTitles":["REQ_ui__a11y_360_smoke"],"fullName":"REQ_ui__a11y_360_smoke stylesheet declares focus, skip-link, and touch floors","status":"passed","title":"stylesheet declares focus, skip-link, and touch floors","duration":1.6815839999999298,"failureMessages":[],"meta":{}}],"startTime":1789778296583,"endTime":1789778296676.6816,"status":"passed","message":"","name":"/Users/liubavskii/.codex/worktrees/c870/tab10/apps/web/src/a11y.smoke.test.tsx"},{"assertionResults":[{"ancestorTitles":["AT-AUTH-009 runtime unauthorized API handling"],"fullName":"AT-AUTH-009 runtime unauthorized API handling broadcasts the first protected 401, blocks request loops, and unlocks after login","status":"passed","title":"broadcasts the first protected 401, blocks request loops, and unlocks after login","duration":7.588041999999973,"failureMessages":[],"meta":{}},{"ancestorTitles":["AT-AUTH-009 runtime unauthorized API handling"],"fullName":"AT-AUTH-009 runtime unauthorized API handling ignores a protected 401 from the previous auth generation after login succeeds","status":"passed","title":"ignores a protected 401 from the previous auth generation after login succeeds","duration":2.8300409999999374,"failureMessages":[],"meta":{}}],"startTime":1789778296801,"endTime":1789778296810.83,"status":"passed","message":"","name":"/Users/liubavskii/.codex/worktrees/c870/tab10/apps/web/src/api.auth.test.ts"},{"assertionResults":[{"ancestorTitles":["AT-AUTH-009 runtime session recovery"],"fullName":"AT-AUTH-009 runtime session recovery shows login after a runtime 401 and restores the safe route with its unsaved form draft","status":"passed","title":"shows login after a runtime 401 and restores the safe route with its unsaved form draft","duration":609.000458,"failureMessages":[],"meta":{}},{"ancestorTitles":["AT-AUTH-009 runtime session recovery"],"fullName":"AT-AUTH-009 runtime session recovery clears protected page state when reauthentication changes the actor","status":"passed","title":"clears protected page state when reauthentication changes the actor","duration":471.289667,"failureMessages":[],"meta":{}},{"ancestorTitles":["AT-AUTH-009 runtime session recovery"],"fullName":"AT-AUTH-009 runtime session recovery rejects an external post-login return target","status":"passed","title":"rejects an external post-login return target","duration":179.99879099999998,"failureMessages":[],"meta":{}},{"ancestorTitles":["AT-AUTH-009 runtime session recovery"],"fullName":"AT-AUTH-009 runtime session recovery returns a normally unauthenticated user to the requested internal route","status":"passed","title":"returns a normally unauthenticated user to the requested internal route","duration":190.85958300000038,"failureMessages":[],"meta":{}}],"startTime":1789778291900,"endTime":1789778293350.8596,"status":"passed","message":"","name":"/Users/liubavskii/.codex/worktrees/c870/tab10/apps/web/src/auth-recovery.test.tsx"},{"assertionResults":[{"ancestorTitles":["avatarSrc"],"fullName":"avatarSrc maps preset keys to public paths","status":"passed","title":"maps preset keys to public paths","duration":0.8025000000000091,"failureMessages":[],"meta":{}}],"startTime":1789778297014,"endTime":1789778297014.8025,"status":"passed","message":"","name":"/Users/liubavskii/.codex/worktrees/c870/tab10/apps/web/src/avatarSrc.test.ts"},{"assertionResults":[{"ancestorTitles":["challongeRoundLabel"],"fullName":"challongeRoundLabel labels SE rounds like Challonge","status":"passed","title":"labels SE rounds like Challonge","duration":0.7846250000000055,"failureMessages":[],"meta":{}},{"ancestorTitles":["resolvePlayerFate"],"fullName":"resolvePlayerFate marks SE early-round loser as eliminated","status":"passed","title":"marks SE early-round loser as eliminated","duration":0.6674170000000004,"failureMessages":[],"meta":{}},{"ancestorTitles":["resolvePlayerFate"],"fullName":"resolvePlayerFate marks a loser with a loser-bracket destination as drop","status":"passed","title":"marks a loser with a loser-bracket destination as drop","duration":0.09000000000003183,"failureMessages":[],"meta":{}},{"ancestorTitles":["resolvePlayerFate"],"fullName":"resolvePlayerFate marks a loser without a destination as eliminated","status":"passed","title":"marks a loser without a destination as eliminated","duration":0.0584999999999809,"failureMessages":[],"meta":{}},{"ancestorTitles":["liveMatchVersusLabel"],"fullName":"liveMatchVersusLabel resolves names from tournamentSlotId","status":"passed","title":"resolves names from tournamentSlotId","duration":0.547916999999984,"failureMessages":[],"meta":{}},{"ancestorTitles":["buildBracketViewModel"],"fullName":"buildBracketViewModel builds named cards for 4-player SE with judge CTA and bands","status":"passed","title":"builds named cards for 4-player SE with judge CTA and bands","duration":0.705332999999996,"failureMessages":[],"meta":{}},{"ancestorTitles":["buildBracketViewModel"],"fullName":"buildBracketViewModel BYE card shows auto-advance name","status":"passed","title":"BYE card shows auto-advance name","duration":0.23324999999999818,"failureMessages":[],"meta":{}},{"ancestorTitles":["buildBracketViewModel"],"fullName":"buildBracketViewModel finished SE match: winner advances, loser eliminated, feedsTo next card","status":"passed","title":"finished SE match: winner advances, loser eliminated, feedsTo next card","duration":0.4115840000000617,"failureMessages":[],"meta":{}},{"ancestorTitles":["buildBracketViewModelV2"],"fullName":"buildBracketViewModelV2 renders SE V2 seed names and winners band","status":"passed","title":"renders SE V2 seed names and winners band","duration":0.9421670000000404,"failureMessages":[],"meta":{}},{"ancestorTitles":["buildBracketViewModelV2"],"fullName":"buildBracketViewModelV2 wires feedsToCardKey after applyBracketResult","status":"passed","title":"wires feedsToCardKey after applyBracketResult","duration":0.435416000000032,"failureMessages":[],"meta":{}},{"ancestorTitles":["buildBracketViewModelV2"],"fullName":"buildBracketViewModelV2 liveMatchVersusLabel resolves V2 node id","status":"passed","title":"liveMatchVersusLabel resolves V2 node id","duration":0.09758299999998599,"failureMessages":[],"meta":{}}],"startTime":1789778296833,"endTime":1789778296838.4353,"status":"passed","message":"","name":"/Users/liubavskii/.codex/worktrees/c870/tab10/apps/web/src/bracketViewModel.test.ts"},{"assertionResults":[{"ancestorTitles":["OPS-005 bounded cold-start UX"],"fullName":"OPS-005 bounded cold-start UX shows an explicit waking state while only the initial auth probe is pending","status":"passed","title":"shows an explicit waking state while only the initial auth probe is pending","duration":75.64329200000009,"failureMessages":[],"meta":{}},{"ancestorTitles":["OPS-005 bounded cold-start UX"],"fullName":"OPS-005 bounded cold-start UX times out after 60 seconds and offers an explicit Retry","status":"passed","title":"times out after 60 seconds and offers an explicit Retry","duration":38.41887499999996,"failureMessages":[],"meta":{}},{"ancestorTitles":["OPS-005 bounded cold-start UX"],"fullName":"OPS-005 bounded cold-start UX does not label a warm page request as a cold start","status":"passed","title":"does not label a warm page request as a cold start","duration":17.31216699999993,"failureMessages":[],"meta":{}}],"startTime":1789778296117,"endTime":1789778296248.3123,"status":"passed","message":"","name":"/Users/liubavskii/.codex/worktrees/c870/tab10/apps/web/src/cold-start.test.tsx"},{"assertionResults":[{"ancestorTitles":["REQ_ui__copy_text"],"fullName":"REQ_ui__copy_text copies via navigator.clipboard","status":"passed","title":"copies via navigator.clipboard","duration":1.7865409999999997,"failureMessages":[],"meta":{}}],"startTime":1789778296846,"endTime":1789778296847.7866,"status":"passed","message":"","name":"/Users/liubavskii/.codex/worktrees/c870/tab10/apps/web/src/copyText.test.ts"},{"assertionResults":[{"ancestorTitles":["REQ_ui__judge_serve_indicator"],"fullName":"REQ_ui__judge_serve_indicator resolves serving side from currentServerParticipantId","status":"passed","title":"resolves serving side from currentServerParticipantId","duration":0.7066250000000309,"failureMessages":[],"meta":{}},{"ancestorTitles":["REQ_ui__judge_serve_indicator"],"fullName":"REQ_ui__judge_serve_indicator builds side labels from participants","status":"passed","title":"builds side labels from participants","duration":0.1582080000000019,"failureMessages":[],"meta":{}},{"ancestorTitles":["REQ_ui__judge_serve_indicator"],"fullName":"REQ_ui__judge_serve_indicator prefers API displayName for registered players","status":"passed","title":"prefers API displayName for registered players","duration":0.08108299999997826,"failureMessages":[],"meta":{}},{"ancestorTitles":["REQ_ui__judge_serve_indicator"],"fullName":"REQ_ui__judge_serve_indicator labels tutorial actor","status":"passed","title":"labels tutorial actor","duration":0.05570799999998144,"failureMessages":[],"meta":{}},{"ancestorTitles":["REQ_ui__judge_landscape_hint"],"fullName":"REQ_ui__judge_landscape_hint shows hint only on narrow portrait","status":"passed","title":"shows hint only on narrow portrait","duration":0.10679199999998445,"failureMessages":[],"meta":{}},{"ancestorTitles":["REQ_ui__judge_duration"],"fullName":"REQ_ui__judge_duration formats duration for timer display","status":"passed","title":"formats duration for timer display","duration":0.12062499999996135,"failureMessages":[],"meta":{}},{"ancestorTitles":["REQ_ui__judge_duration"],"fullName":"REQ_ui__judge_duration computes elapsed from startedAt","status":"passed","title":"computes elapsed from startedAt","duration":0.10658300000000054,"failureMessages":[],"meta":{}},{"ancestorTitles":["REQ_ui__judge_acquire_errors"],"fullName":"REQ_ui__judge_acquire_errors builds JUDGE_TAKEN message with judge name","status":"passed","title":"builds JUDGE_TAKEN message with judge name","duration":0.09595799999999599,"failureMessages":[],"meta":{}}],"startTime":1789778296838,"endTime":1789778296840.1067,"status":"passed","message":"","name":"/Users/liubavskii/.codex/worktrees/c870/tab10/apps/web/src/judgeUi.test.ts"},{"assertionResults":[{"ancestorTitles":["REQ_shell__home_first_navigation_d36"],"fullName":"REQ_shell__home_first_navigation_d36 returns to the provided task context and offers Home","status":"passed","title":"returns to the provided task context and offers Home","duration":52.97883300000001,"failureMessages":[],"meta":{}},{"ancestorTitles":["REQ_shell__home_first_navigation_d36"],"fullName":"REQ_shell__home_first_navigation_d36 uses a safe route fallback when context is absent","status":"passed","title":"uses a safe route fallback when context is absent","duration":5.249249999999961,"failureMessages":[],"meta":{}},{"ancestorTitles":["REQ_shell__home_first_navigation_d36"],"fullName":"REQ_shell__home_first_navigation_d36 keeps the judge release result at the destination","status":"passed","title":"keeps the judge release result at the destination","duration":7.180499999999938,"failureMessages":[],"meta":{}},{"ancestorTitles":["REQ_shell__home_first_navigation_d36"],"fullName":"REQ_shell__home_first_navigation_d36 shows a judge release warning after choosing Home","status":"passed","title":"shows a judge release warning after choosing Home","duration":2.5515409999999292,"failureMessages":[],"meta":{}}],"startTime":1789778296245,"endTime":1789778296312.5515,"status":"passed","message":"","name":"/Users/liubavskii/.codex/worktrees/c870/tab10/apps/web/src/layout.test.tsx"},{"assertionResults":[{"ancestorTitles":["BUG-012 onboarding resume flow"],"fullName":"BUG-012 onboarding resume flow auto-opens at the authoritative step and persists the next step across remount","status":"passed","title":"auto-opens at the authoritative step and persists the next step across remount","duration":171.35070799999994,"failureMessages":[],"meta":{}},{"ancestorTitles":["BUG-012 onboarding resume flow"],"fullName":"BUG-012 onboarding resume flow highlights reachable navigation targets without leaving the persisted guide","status":"passed","title":"highlights reachable navigation targets without leaving the persisted guide","duration":74.41054200000008,"failureMessages":[],"meta":{}},{"ancestorTitles":["BUG-012 onboarding resume flow"],"fullName":"BUG-012 onboarding resume flow starts the tutorial without completing onboarding","status":"passed","title":"starts the tutorial without completing onboarding","duration":56.306708999999955,"failureMessages":[],"meta":{}},{"ancestorTitles":["BUG-012 onboarding resume flow"],"fullName":"BUG-012 onboarding resume flow restarts completed onboarding from the Profile action","status":"passed","title":"restarts completed onboarding from the Profile action","duration":45.46795800000018,"failureMessages":[],"meta":{}}],"startTime":1789778295228,"endTime":1789778295575.468,"status":"passed","message":"","name":"/Users/liubavskii/.codex/worktrees/c870/tab10/apps/web/src/onboarding-resume.test.tsx"},{"assertionResults":[{"ancestorTitles":["REQ_ui__status_labels"],"fullName":"REQ_ui__status_labels maps match and tournament statuses to Russian","status":"passed","title":"maps match and tournament statuses to Russian","duration":2.297416999999996,"failureMessages":[],"meta":{}},{"ancestorTitles":["REQ_ui__status_labels"],"fullName":"REQ_ui__status_labels assigns tone for StatusChip colors","status":"passed","title":"assigns tone for StatusChip colors","duration":0.5413330000000087,"failureMessages":[],"meta":{}},{"ancestorTitles":["REQ_ui__list_row"],"fullName":"REQ_ui__list_row renders link row with title and chevron","status":"passed","title":"renders link row with title and chevron","duration":67.69062499999995,"failureMessages":[],"meta":{}},{"ancestorTitles":["REQ_ui__status_chip"],"fullName":"REQ_ui__status_chip shows localized label","status":"passed","title":"shows localized label","duration":1.7508339999999407,"failureMessages":[],"meta":{}},{"ancestorTitles":["REQ_ui__async_state"],"fullName":"REQ_ui__async_state shows skeleton while loading","status":"passed","title":"shows skeleton while loading","duration":6.145416999999952,"failureMessages":[],"meta":{}},{"ancestorTitles":["REQ_ui__async_state"],"fullName":"REQ_ui__async_state shows alert on error","status":"passed","title":"shows alert on error","duration":5.950041999999939,"failureMessages":[],"meta":{}},{"ancestorTitles":["REQ_ui__async_state"],"fullName":"REQ_ui__async_state shows empty state","status":"passed","title":"shows empty state","duration":13.083665999999994,"failureMessages":[],"meta":{}},{"ancestorTitles":["REQ_ui__filter_bar"],"fullName":"REQ_ui__filter_bar renders button group options","status":"passed","title":"renders button group options","duration":17.079958000000033,"failureMessages":[],"meta":{}}],"startTime":1789778296405,"endTime":1789778296520.08,"status":"passed","message":"","name":"/Users/liubavskii/.codex/worktrees/c870/tab10/apps/web/src/patterns.test.tsx"},{"assertionResults":[{"ancestorTitles":["REQ_ui__rankings_podium"],"fullName":"REQ_ui__rankings_podium splits top three for podium","status":"passed","title":"splits top three for podium","duration":0.9609580000000051,"failureMessages":[],"meta":{}},{"ancestorTitles":["REQ_ui__rankings_podium"],"fullName":"REQ_ui__rankings_podium builds initials from display name","status":"passed","title":"builds initials from display name","duration":0.2504999999999882,"failureMessages":[],"meta":{}}],"startTime":1789778296880,"endTime":1789778296881.2505,"status":"passed","message":"","name":"/Users/liubavskii/.codex/worktrees/c870/tab10/apps/web/src/rankingUi.test.ts"},{"assertionResults":[{"ancestorTitles":[],"fullName":"BUG-018 gives the keyboard-active option a real ID owned by its listbox","status":"passed","title":"BUG-018 gives the keyboard-active option a real ID owned by its listbox","duration":97.77475000000004,"failureMessages":[],"meta":{}},{"ancestorTitles":[],"fullName":"BUG-018 does not select a hidden active option after Escape","status":"passed","title":"BUG-018 does not select a hidden active option after Escape","duration":43.434999999999945,"failureMessages":[],"meta":{}},{"ancestorTitles":[],"fullName":"BUG-018 closes an open option list when its picker becomes disabled","status":"passed","title":"BUG-018 closes an open option list when its picker becomes disabled","duration":42.72579200000007,"failureMessages":[],"meta":{}},{"ancestorTitles":[],"fullName":"BUG-018 closes the first popup on Tab without changing its value","status":"passed","title":"BUG-018 closes the first popup on Tab without changing its value","duration":34.78879099999995,"failureMessages":[],"meta":{}},{"ancestorTitles":[],"fullName":"BUG-023 keeps duplicate labels as distinct IDs and announces a genuine zero match","status":"passed","title":"BUG-023 keeps duplicate labels as distinct IDs and announces a genuine zero match","duration":134.58133400000008,"failureMessages":[],"meta":{}},{"ancestorTitles":[],"fullName":"GAP-011 Dialog keeps focus while its parent rerenders and traps the current controls","status":"passed","title":"GAP-011 Dialog keeps focus while its parent rerenders and traps the current controls","duration":63.810624999999845,"failureMessages":[],"meta":{}},{"ancestorTitles":[],"fullName":"GAP-011 excludes controls beneath a CSS-hidden ancestor from the focus loop","status":"passed","title":"GAP-011 excludes controls beneath a CSS-hidden ancestor from the focus loop","duration":15.48133400000006,"failureMessages":[],"meta":{}},{"ancestorTitles":[],"fullName":"GAP-011 recovers focus when the active control becomes disabled","status":"passed","title":"GAP-011 recovers focus when the active control becomes disabled","duration":23.96349999999984,"failureMessages":[],"meta":{}},{"ancestorTitles":[],"fullName":"GAP-011 recovers focus when the active control becomes removed","status":"passed","title":"GAP-011 recovers focus when the active control becomes removed","duration":28.49354100000005,"failureMessages":[],"meta":{}},{"ancestorTitles":[],"fullName":"GAP-011 updates the loop when an ancestor becomes hidden while open","status":"passed","title":"GAP-011 updates the loop when an ancestor becomes hidden while open","duration":70.74445800000012,"failureMessages":[],"meta":{}}],"startTime":1789778293582,"endTime":1789778294138.7444,"status":"passed","message":"","name":"/Users/liubavskii/.codex/worktrees/c870/tab10/apps/web/src/ui.a11y.test.tsx"},{"assertionResults":[{"ancestorTitles":["useVisibleRefresh"],"fullName":"useVisibleRefresh loads once, polls every 30 seconds only while visible, resumes once, and cleans up","status":"passed","title":"loads once, polls every 30 seconds only while visible, resumes once, and cleans up","duration":24.242083000000036,"failureMessages":[],"meta":{}},{"ancestorTitles":["useVisibleRefresh"],"fullName":"useVisibleRefresh coalesces timer and manual refresh while a request is in flight","status":"passed","title":"coalesces timer and manual refresh while a request is in flight","duration":43.96108300000003,"failureMessages":[],"meta":{}},{"ancestorTitles":["useVisibleRefresh"],"fullName":"useVisibleRefresh keeps manual retry when polling is disabled and clears the error on success","status":"passed","title":"keeps manual retry when polling is disabled and clears the error on success","duration":17.495791000000054,"failureMessages":[],"meta":{}},{"ancestorTitles":["useVisibleRefresh"],"fullName":"useVisibleRefresh starts the new resource request without waiting for an older key","status":"passed","title":"starts the new resource request without waiting for an older key","duration":13.884999999999991,"failureMessages":[],"meta":{}}],"startTime":1789778295326,"endTime":1789778295424.885,"status":"passed","message":"","name":"/Users/liubavskii/.codex/worktrees/c870/tab10/apps/web/src/useVisibleRefresh.test.tsx"},{"assertionResults":[{"ancestorTitles":["BracketAlgorithmDialog"],"fullName":"BracketAlgorithmDialog opens with compact selected by default for SE and shows full descriptions","status":"passed","title":"opens with compact selected by default for SE and shows full descriptions","duration":48.97083299999997,"failureMessages":[],"meta":{}},{"ancestorTitles":["BracketAlgorithmDialog"],"fullName":"BracketAlgorithmDialog selecting classic calls onSelect with power_of_two","status":"passed","title":"selecting classic calls onSelect with power_of_two","duration":7.517541999999935,"failureMessages":[],"meta":{}},{"ancestorTitles":["BracketAlgorithmDialog"],"fullName":"BracketAlgorithmDialog submit confirms selected algorithm via parent (payload enum)","status":"passed","title":"submit confirms selected algorithm via parent (payload enum)","duration":33.50770899999998,"failureMessages":[],"meta":{}},{"ancestorTitles":["BracketAlgorithmDialog"],"fullName":"BracketAlgorithmDialog cancel does not confirm","status":"passed","title":"cancel does not confirm","duration":25.449833000000012,"failureMessages":[],"meta":{}},{"ancestorTitles":["BracketAlgorithmDialog"],"fullName":"BracketAlgorithmDialog DE: both algorithms available; compact enabled","status":"passed","title":"DE: both algorithms available; compact enabled","duration":4.442000000000007,"failureMessages":[],"meta":{}},{"ancestorTitles":["BracketAlgorithmDialog"],"fullName":"BracketAlgorithmDialog DE: submit with compact confirms","status":"passed","title":"DE: submit with compact confirms","duration":6.687583000000018,"failureMessages":[],"meta":{}},{"ancestorTitles":["BracketAlgorithmDialog"],"fullName":"BracketAlgorithmDialog shows regen warning when requested","status":"passed","title":"shows regen warning when requested","duration":3.978625000000079,"failureMessages":[],"meta":{}},{"ancestorTitles":["BracketAlgorithmDialog"],"fullName":"BracketAlgorithmDialog keyboard: radio group is present for a11y","status":"passed","title":"keyboard: radio group is present for a11y","duration":6.614417000000003,"failureMessages":[],"meta":{}},{"ancestorTitles":[],"fullName":"GAP-011 pending bracket generation disables choice and submit controls","status":"passed","title":"GAP-011 pending bracket generation disables choice and submit controls","duration":8.560416000000032,"failureMessages":[],"meta":{}}],"startTime":1789778296088,"endTime":1789778296233.5603,"status":"passed","message":"","name":"/Users/liubavskii/.codex/worktrees/c870/tab10/apps/web/src/components/BracketAlgorithmDialog.test.tsx"},{"assertionResults":[{"ancestorTitles":["GAP-006 tournament bracket"],"fullName":"GAP-006 tournament bracket marks every bracket row that belongs to the current participant","status":"passed","title":"marks every bracket row that belongs to the current participant","duration":62.698125000000005,"failureMessages":[],"meta":{}},{"ancestorTitles":["GAP-006 tournament bracket"],"fullName":"GAP-006 tournament bracket opens a bracket match when session storage cannot save position","status":"passed","title":"opens a bracket match when session storage cannot save position","duration":86.97533300000009,"failureMessages":[],"meta":{}}],"startTime":1789778295508,"endTime":1789778295657.9753,"status":"passed","message":"","name":"/Users/liubavskii/.codex/worktrees/c870/tab10/apps/web/src/components/TournamentBracket.gap006.test.tsx"},{"assertionResults":[{"ancestorTitles":["UserPicker"],"fullName":"UserPicker filters by exclude list and self","status":"passed","title":"filters by exclude list and self","duration":79.85500000000002,"failureMessages":[],"meta":{}},{"ancestorTitles":[],"fullName":"BUG-023 finds the same permitted ID with name tokens in either order","status":"passed","title":"BUG-023 finds the same permitted ID with name tokens in either order","duration":111.44112499999994,"failureMessages":[],"meta":{}},{"ancestorTitles":[],"fullName":"BUG-025 distinguishes a pending directory from a ready empty result","status":"passed","title":"BUG-025 distinguishes a pending directory from a ready empty result","duration":29.462666000000013,"failureMessages":[],"meta":{}},{"ancestorTitles":[],"fullName":"BUG-025 offers one explicit GET retry after a directory failure","status":"passed","title":"BUG-025 offers one explicit GET retry after a directory failure","duration":37.811375,"failureMessages":[],"meta":{}},{"ancestorTitles":[],"fullName":"BUG-025 ignores the old actor's late directory response even when self-exclusion is off","status":"passed","title":"BUG-025 ignores the old actor's late directory response even when self-exclusion is off","duration":41.700958000000014,"failureMessages":[],"meta":{}},{"ancestorTitles":[],"fullName":"BUG-025 never restores an excluded player from an obsolete response","status":"passed","title":"BUG-025 never restores an excluded player from an obsolete response","duration":18.904166999999916,"failureMessages":[],"meta":{}},{"ancestorTitles":[],"fullName":"BUG-025 does not steal focus after retry if the operator moved elsewhere","status":"passed","title":"BUG-025 does not steal focus after retry if the operator moved elsewhere","duration":25.89675000000011,"failureMessages":[],"meta":{}},{"ancestorTitles":[],"fullName":"BUG-025 leaves focus on retry after another directory failure","status":"passed","title":"BUG-025 leaves focus on retry after another directory failure","duration":16.942332999999962,"failureMessages":[],"meta":{}},{"ancestorTitles":[],"fullName":"GAP-011 announces directory failure","status":"passed","title":"GAP-011 announces directory failure","duration":8.446333999999979,"failureMessages":[],"meta":{}}],"startTime":1789778294804,"endTime":1789778295174.4463,"status":"passed","message":"","name":"/Users/liubavskii/.codex/worktrees/c870/tab10/apps/web/src/components/UserPicker.test.tsx"},{"assertionResults":[{"ancestorTitles":["GAP-010 admin user catalog"],"fullName":"GAP-010 admin user catalog ADM-002 keeps the latest search/filter result and displays account dates","status":"passed","title":"ADM-002 keeps the latest search/filter result and displays account dates","duration":183.55070899999998,"failureMessages":[],"meta":{}},{"ancestorTitles":["GAP-010 admin user catalog"],"fullName":"GAP-010 admin user catalog ADM-004 edits a stable target, keeps email readonly and maps empty nullable fields to null","status":"passed","title":"ADM-004 edits a stable target, keeps email readonly and maps empty nullable fields to null","duration":144.44241699999998,"failureMessages":[],"meta":{}},{"ancestorTitles":["GAP-010 admin user catalog"],"fullName":"GAP-010 admin user catalog keeps a saved profile newer than an earlier catalog response","status":"passed","title":"keeps a saved profile newer than an earlier catalog response","duration":137.65079200000014,"failureMessages":[],"meta":{}},{"ancestorTitles":["GAP-010 admin user catalog"],"fullName":"GAP-010 admin user catalog validates profile edits, serializes all admin mutations, and preserves loaded context on failure","status":"passed","title":"validates profile edits, serializes all admin mutations, and preserves loaded context on failure","duration":182.85416600000008,"failureMessages":[],"meta":{}},{"ancestorTitles":["GAP-010 admin user catalog"],"fullName":"GAP-010 admin user catalog keeps a typed profile draft across a 401 and same-actor reload","status":"passed","title":"keeps a typed profile draft across a 401 and same-actor reload","duration":130.87587500000018,"failureMessages":[],"meta":{}},{"ancestorTitles":["GAP-010 admin user catalog"],"fullName":"GAP-010 admin user catalog shows an initial load error with retry and a filtered empty state","status":"passed","title":"shows an initial load error with retry and a filtered empty state","duration":27.95183400000019,"failureMessages":[],"meta":{}}],"startTime":1789778293206,"endTime":1789778294012.952,"status":"passed","message":"","name":"/Users/liubavskii/.codex/worktrees/c870/tab10/apps/web/src/pages/AdminPage.gap010.test.tsx"},{"assertionResults":[{"ancestorTitles":["REQ_ui__auth_layout"],"fullName":"REQ_ui__auth_layout shows brand and login form in AuthLayout","status":"passed","title":"shows brand and login form in AuthLayout","duration":29.36120800000026,"failureMessages":[],"meta":{}},{"ancestorTitles":["REQ_ui__temp_password_copy"],"fullName":"REQ_ui__temp_password_copy copies temporary password on CTA","status":"passed","title":"copies temporary password on CTA","duration":63.43687500000033,"failureMessages":[],"meta":{}},{"ancestorTitles":["REQ_ui__admin_confirm_dialogs"],"fullName":"REQ_ui__admin_confirm_dialogs asks confirm before block and shows temp password dialog on reset","status":"passed","title":"asks confirm before block and shows temp password dialog on reset","duration":223.04291699999976,"failureMessages":[],"meta":{}},{"ancestorTitles":["REQ_ui__admin_confirm_dialogs"],"fullName":"REQ_ui__admin_confirm_dialogs creates user with selected admin role","status":"passed","title":"creates user with selected admin role","duration":96.56479199999967,"failureMessages":[],"meta":{}},{"ancestorTitles":["REQ_ui__admin_confirm_dialogs"],"fullName":"REQ_ui__admin_confirm_dialogs BUG-009: keeps create-user submit single-flight while the request is pending","status":"passed","title":"BUG-009: keeps create-user submit single-flight while the request is pending","duration":59.85191699999996,"failureMessages":[],"meta":{}},{"ancestorTitles":["REQ_ui__admin_confirm_dialogs"],"fullName":"REQ_ui__admin_confirm_dialogs confirms promote/demote and hides role buttons for self","status":"passed","title":"confirms promote/demote and hides role buttons for self","duration":252.58416599999964,"failureMessages":[],"meta":{}},{"ancestorTitles":["REQ_ui__admin_confirm_dialogs"],"fullName":"REQ_ui__admin_confirm_dialogs BUG-011: offers unblock only for blocked targets and hides self-block","status":"passed","title":"BUG-011: offers unblock only for blocked targets and hides self-block","duration":90.73108300000013,"failureMessages":[],"meta":{}},{"ancestorTitles":["REQ_ui__admin_confirm_dialogs"],"fullName":"REQ_ui__admin_confirm_dialogs BUG-011: keeps unblock single-flight and preserves context on failure","status":"passed","title":"BUG-011: keeps unblock single-flight and preserves context on failure","duration":76.80941600000006,"failureMessages":[],"meta":{}}],"startTime":1789778291533,"endTime":1789778292425.8093,"status":"passed","message":"","name":"/Users/liubavskii/.codex/worktrees/c870/tab10/apps/web/src/pages/AdminPage.test.tsx"},{"assertionResults":[{"ancestorTitles":["WO2 R2 repeated auth error focus"],"fullName":"WO2 R2 repeated auth error focus refocuses the one Alert for each explicit unchanged mismatch submit, then leaves editing focus alone","status":"passed","title":"refocuses the one Alert for each explicit unchanged mismatch submit, then leaves editing focus alone","duration":293.84170900000004,"failureMessages":[],"meta":{}},{"ancestorTitles":["WO2 R2 repeated auth error focus"],"fullName":"WO2 R2 repeated auth error focus refocuses a repeated generic login refusal without stealing focus during correction","status":"passed","title":"refocuses a repeated generic login refusal without stealing focus during correction","duration":241.96175000000017,"failureMessages":[],"meta":{}}],"startTime":1789778294093,"endTime":1789778294628.9617,"status":"passed","message":"","name":"/Users/liubavskii/.codex/worktrees/c870/tab10/apps/web/src/pages/AuthFocus.wo2r2.test.tsx"},{"assertionResults":[{"ancestorTitles":["WO2 auth forms"],"fullName":"WO2 auth forms ends only the current first-password session before replacing login","status":"passed","title":"ends only the current first-password session before replacing login","duration":126.13900000000012,"failureMessages":[],"meta":{}},{"ancestorTitles":["WO2 auth forms"],"fullName":"WO2 auth forms treats a 401 logout response as an ended current session","status":"passed","title":"treats a 401 logout response as an ended current session","duration":29.67520800000011,"failureMessages":[],"meta":{}},{"ancestorTitles":["WO2 auth forms"],"fullName":"WO2 auth forms shares one flight across save and logout, then preserves values on known logout failure","status":"passed","title":"shares one flight across save and logout, then preserves values on known logout failure","duration":190.49879199999987,"failureMessages":[],"meta":{}},{"ancestorTitles":["WO2 auth forms"],"fullName":"WO2 auth forms does not start logout while the first-password save is held","status":"passed","title":"does not start logout while the first-password save is held","duration":145.5138750000001,"failureMessages":[],"meta":{}},{"ancestorTitles":["WO2 auth forms"],"fullName":"WO2 auth forms links mismatch to both fields, focuses the alert once, and clears stale error on edit","status":"passed","title":"links mismatch to both fields, focuses the alert once, and clears stale error on edit","duration":131.56245800000033,"failureMessages":[],"meta":{}},{"ancestorTitles":["WO2 auth forms"],"fullName":"WO2 auth forms translates known policy reasons without displaying internal codes","status":"passed","title":"translates known policy reasons without displaying internal codes","duration":88.31174999999985,"failureMessages":[],"meta":{}},{"ancestorTitles":["WO2 auth forms"],"fullName":"WO2 auth forms reveals each password in its own field without submitting or replacing the input","status":"passed","title":"reveals each password in its own field without submitting or replacing the input","duration":157.32300000000032,"failureMessages":[],"meta":{}},{"ancestorTitles":["WO2 auth forms"],"fullName":"WO2 auth forms keeps wrong-credential errors generic and focuses a named alert","status":"passed","title":"keeps wrong-credential errors generic and focuses a named alert","duration":150.77904200000012,"failureMessages":[],"meta":{}},{"ancestorTitles":["WO2 auth forms"],"fullName":"WO2 auth forms keeps login single-flight while its response is held","status":"passed","title":"keeps login single-flight while its response is held","duration":125.84174999999959,"failureMessages":[],"meta":{}}],"startTime":1789778291900,"endTime":1789778293045.8418,"status":"passed","message":"","name":"/Users/liubavskii/.codex/worktrees/c870/tab10/apps/web/src/pages/AuthPages.wo2.test.tsx"},{"assertionResults":[{"ancestorTitles":["BUG-016 Europe/Moscow event default titles"],"fullName":"BUG-016 Europe/Moscow event default titles formats the match title in Moscow","status":"passed","title":"formats the match title in Moscow","duration":22.693499999999972,"failureMessages":[],"meta":{}},{"ancestorTitles":["BUG-016 Europe/Moscow event default titles"],"fullName":"BUG-016 Europe/Moscow event default titles formats the tournament title in Moscow","status":"passed","title":"formats the tournament title in Moscow","duration":0.20979099999999562,"failureMessages":[],"meta":{}}],"startTime":1789778296566,"endTime":1789778296588.6936,"status":"passed","message":"","name":"/Users/liubavskii/.codex/worktrees/c870/tab10/apps/web/src/pages/EventDefaultTitles.test.ts"},{"assertionResults":[{"ancestorTitles":[],"fullName":"GAP-009 offers categories and material-link guidance, keeps error draft and allows retry","status":"passed","title":"GAP-009 offers categories and material-link guidance, keeps error draft and allows retry","duration":103.11966700000005,"failureMessages":[],"meta":{}},{"ancestorTitles":[],"fullName":"GAP-009 FAQ error has explicit retry and request recovery","status":"passed","title":"GAP-009 FAQ error has explicit retry and request recovery","duration":25.532041999999933,"failureMessages":[],"meta":{}}],"startTime":1789778296178,"endTime":1789778296306.532,"status":"passed","message":"","name":"/Users/liubavskii/.codex/worktrees/c870/tab10/apps/web/src/pages/HelpPage.gap009.test.tsx"},{"assertionResults":[{"ancestorTitles":["AT-ADM-MATCH-007 history purge visibility"],"fullName":"AT-ADM-MATCH-007 history purge visibility shows hard purge only for non-finished standalone records","status":"passed","title":"shows hard purge only for non-finished standalone records","duration":89.30829200000005,"failureMessages":[],"meta":{}},{"ancestorTitles":["AT-VIS-003 history controls and states"],"fullName":"AT-VIS-003 history controls and states uses Moscow day boundaries independently of the browser timezone","status":"passed","title":"uses Moscow day boundaries independently of the browser timezone","duration":0.4235839999998916,"failureMessages":[],"meta":{}},{"ancestorTitles":["AT-VIS-003 history controls and states"],"fullName":"AT-VIS-003 history controls and states submits search and combined filters to the dedicated endpoint","status":"passed","title":"submits search and combined filters to the dedicated endpoint","duration":307.5593339999999,"failureMessages":[],"meta":{}},{"ancestorTitles":["AT-VIS-003 history controls and states"],"fullName":"AT-VIS-003 history controls and states preserves loaded rows when next-page loading fails and permits retry","status":"passed","title":"preserves loaded rows when next-page loading fails and permits retry","duration":39.24562500000002,"failureMessages":[],"meta":{}},{"ancestorTitles":["AT-VIS-003 history controls and states"],"fullName":"AT-VIS-003 history controls and states retries an initial error and replaces it with the authoritative empty state","status":"passed","title":"retries an initial error and replaces it with the authoritative empty state","duration":49.9045000000001,"failureMessages":[],"meta":{}},{"ancestorTitles":["AT-VIS-003 history controls and states"],"fullName":"AT-VIS-003 history controls and states does not let an older response overwrite newer filtered results","status":"passed","title":"does not let an older response overwrite newer filtered results","duration":52.18870800000013,"failureMessages":[],"meta":{}},{"ancestorTitles":["AT-VIS-003 history controls and states"],"fullName":"AT-VIS-003 history controls and states unlocks pagination after filters supersede an in-flight next page","status":"passed","title":"unlocks pagination after filters supersede an in-flight next page","duration":81.89283299999988,"failureMessages":[],"meta":{}},{"ancestorTitles":["AT-VIS-003 history controls and states"],"fullName":"AT-VIS-003 history controls and states restores loaded pages and filters after returning from detail","status":"passed","title":"restores loaded pages and filters after returning from detail","duration":65.25170800000001,"failureMessages":[],"meta":{}},{"ancestorTitles":["AT-VIS-003 history controls and states"],"fullName":"AT-VIS-003 history controls and states opens a history detail when session storage rejects return context","status":"passed","title":"opens a history detail when session storage rejects return context","duration":47.56716699999993,"failureMessages":[],"meta":{}}],"startTime":1789778293548,"endTime":1789778294281.5671,"status":"passed","message":"","name":"/Users/liubavskii/.codex/worktrees/c870/tab10/apps/web/src/pages/HistoryPage.test.tsx"},{"assertionResults":[{"ancestorTitles":["AT-HOME dashboard"],"fullName":"AT-HOME dashboard renders personal work, recent history, notification count, and direct actions","status":"passed","title":"renders personal work, recent history, notification count, and direct actions","duration":127.96179200000006,"failureMessages":[],"meta":{}},{"ancestorTitles":["AT-HOME dashboard"],"fullName":"AT-HOME dashboard GAP-029 does not treat an old API's unverified count as zero or expose its preview","status":"passed","title":"GAP-029 does not treat an old API's unverified count as zero or expose its preview","duration":15.352292000000034,"failureMessages":[],"meta":{}},{"ancestorTitles":["AT-HOME dashboard"],"fullName":"AT-HOME dashboard reloads top-3 for the month period","status":"passed","title":"reloads top-3 for the month period","duration":39.86658399999999,"failureMessages":[],"meta":{}},{"ancestorTitles":["AT-HOME dashboard"],"fullName":"AT-HOME dashboard shows two current tasks first and expands the remaining work on demand","status":"passed","title":"shows two current tasks first and expands the remaining work on demand","duration":41.95124999999996,"failureMessages":[],"meta":{}},{"ancestorTitles":["AT-HOME dashboard"],"fullName":"AT-HOME dashboard requests player history from the server before displaying the filtered five","status":"passed","title":"requests player history from the server before displaying the filtered five","duration":20.127332999999908,"failureMessages":[],"meta":{}},{"ancestorTitles":["AT-HOME dashboard"],"fullName":"AT-HOME dashboard shows actionable empty history and ranking with direct creation","status":"passed","title":"shows actionable empty history and ranking with direct creation","duration":25.027333,"failureMessages":[],"meta":{}},{"ancestorTitles":["AT-HOME dashboard"],"fullName":"AT-HOME dashboard keeps other permitted routes reachable while Home data fails","status":"passed","title":"keeps other permitted routes reachable while Home data fails","duration":23.599249999999984,"failureMessages":[],"meta":{}},{"ancestorTitles":["AT-HOME dashboard"],"fullName":"AT-HOME dashboard keeps history and ranking available while the first Home request is pending","status":"passed","title":"keeps history and ranking available while the first Home request is pending","duration":10.487374999999929,"failureMessages":[],"meta":{}},{"ancestorTitles":["AT-HOME dashboard"],"fullName":"AT-HOME dashboard marks a finished match winner by side even when both sides have the same display name","status":"passed","title":"marks a finished match winner by side even when both sides have the same display name","duration":24.6724999999999,"failureMessages":[],"meta":{}},{"ancestorTitles":["AT-HOME dashboard"],"fullName":"AT-HOME dashboard keeps 2×2 names, unknown winners, and exceptional terminal outcomes distinct","status":"passed","title":"keeps 2×2 names, unknown winners, and exceptional terminal outcomes distinct","duration":15.00412499999993,"failureMessages":[],"meta":{}}],"startTime":1789778294214,"endTime":1789778294558.0042,"status":"passed","message":"","name":"/Users/liubavskii/.codex/worktrees/c870/tab10/apps/web/src/pages/HomePage.test.tsx"},{"assertionResults":[{"ancestorTitles":["REQ_ui__judge_immersive"],"fullName":"REQ_ui__judge_immersive GAP-011 announces score once and exposes ordinary keyboard judge actions","status":"passed","title":"GAP-011 announces score once and exposes ordinary keyboard judge actions","duration":114.09766600000012,"failureMessages":[],"meta":{}},{"ancestorTitles":["REQ_ui__judge_immersive"],"fullName":"REQ_ui__judge_immersive BUG-025 keeps handover unavailable while directory loads and retries a failed GET","status":"passed","title":"BUG-025 keeps handover unavailable while directory loads and retries a failed GET","duration":116.54533300000003,"failureMessages":[],"meta":{}},{"ancestorTitles":["REQ_ui__judge_immersive"],"fullName":"REQ_ui__judge_immersive BUG-025 keeps handover retry focused if its GET fails again","status":"passed","title":"BUG-025 keeps handover retry focused if its GET fails again","duration":62.58358300000009,"failureMessages":[],"meta":{}},{"ancestorTitles":["REQ_ui__judge_immersive"],"fullName":"REQ_ui__judge_immersive shows scores, side names, serve badge with racket, timer and +1","status":"passed","title":"shows scores, side names, serve badge with racket, timer and +1","duration":28.867083000000093,"failureMessages":[],"meta":{}},{"ancestorTitles":["REQ_ui__judge_immersive"],"fullName":"REQ_ui__judge_immersive shows landscape hint in portrait","status":"passed","title":"shows landscape hint in portrait","duration":7.716249999999945,"failureMessages":[],"meta":{}},{"ancestorTitles":["REQ_ui__judge_immersive"],"fullName":"REQ_ui__judge_immersive shows blocked screen when acquire fails","status":"passed","title":"shows blocked screen when acquire fails","duration":5.923959000000195,"failureMessages":[],"meta":{}},{"ancestorTitles":["REQ_ui__judge_immersive"],"fullName":"REQ_ui__judge_immersive AT-JUDGE-002 lets a nonparticipant acquire from a known writable judge URL","status":"passed","title":"AT-JUDGE-002 lets a nonparticipant acquire from a known writable judge URL","duration":12.895042000000103,"failureMessages":[],"meta":{}},{"ancestorTitles":["REQ_ui__judge_immersive"],"fullName":"REQ_ui__judge_immersive AT-JUDGE-002 does not acquire after a 403 on a readonly judge URL","status":"passed","title":"AT-JUDGE-002 does not acquire after a 403 on a readonly judge URL","duration":8.095124999999825,"failureMessages":[],"meta":{}},{"ancestorTitles":["REQ_ui__judge_immersive"],"fullName":"REQ_ui__judge_immersive awards point only via +1 button","status":"passed","title":"awards point only via +1 button","duration":32.279207999999926,"failureMessages":[],"meta":{}},{"ancestorTitles":["REQ_ui__judge_immersive"],"fullName":"REQ_ui__judge_immersive AT-JUDGE-007 serializes two rapid +1 intents with the authoritative version","status":"passed","title":"AT-JUDGE-007 serializes two rapid +1 intents with the authoritative version","duration":59.60620800000015,"failureMessages":[],"meta":{}},{"ancestorTitles":["REQ_ui__judge_immersive"],"fullName":"REQ_ui__judge_immersive AT-JUDGE-007 stops the queue and shows authoritative score on version conflict","status":"passed","title":"AT-JUDGE-007 stops the queue and shows authoritative score on version conflict","duration":32.6862500000002,"failureMessages":[],"meta":{}},{"ancestorTitles":["REQ_ui__judge_immersive"],"fullName":"REQ_ui__judge_immersive shows setup as board with swap and start match","status":"passed","title":"shows setup as board with swap and start match","duration":72.82508299999972,"failureMessages":[],"meta":{}},{"ancestorTitles":["REQ_ui__judge_immersive"],"fullName":"REQ_ui__judge_immersive BUG-026 keeps a confirmed start and immutable second-step payload through known setup failure","status":"passed","title":"BUG-026 keeps a confirmed start and immutable second-step payload through known setup failure","duration":93.06195900000012,"failureMessages":[],"meta":{}},{"ancestorTitles":["REQ_ui__judge_immersive"],"fullName":"REQ_ui__judge_immersive BUG-026 never repeats an unknown judgeSetup after a GET","status":"passed","title":"BUG-026 never repeats an unknown judgeSetup after a GET","duration":32.88716599999998,"failureMessages":[],"meta":{}},{"ancestorTitles":["REQ_ui__judge_immersive"],"fullName":"REQ_ui__judge_immersive BUG-026 does not replay an unknown first start after an early waiting GET","status":"passed","title":"BUG-026 does not replay an unknown first start after an early waiting GET","duration":52.41483300000027,"failureMessages":[],"meta":{}},{"ancestorTitles":["REQ_ui__judge_immersive"],"fullName":"REQ_ui__judge_immersive AT-JUDGE-003 Cancel waits for release before navigation and reports success","status":"passed","title":"AT-JUDGE-003 Cancel waits for release before navigation and reports success","duration":20.782250000000204,"failureMessages":[],"meta":{}},{"ancestorTitles":["REQ_ui__judge_immersive"],"fullName":"REQ_ui__judge_immersive GAP-030 Home waits for judge release and reports success at Home","status":"passed","title":"GAP-030 Home waits for judge release and reports success at Home","duration":20.805875000000015,"failureMessages":[],"meta":{}},{"ancestorTitles":["REQ_ui__judge_immersive"],"fullName":"REQ_ui__judge_immersive GAP-005 blocks setup cancellation while start is pending","status":"passed","title":"GAP-005 blocks setup cancellation while start is pending","duration":41.40679100000034,"failureMessages":[],"meta":{}},{"ancestorTitles":["REQ_ui__judge_immersive"],"fullName":"REQ_ui__judge_immersive BUG-004 Back releases the lock before leaving scoring","status":"passed","title":"BUG-004 Back releases the lock before leaving scoring","duration":25.978917000000365,"failureMessages":[],"meta":{}},{"ancestorTitles":["REQ_ui__judge_immersive"],"fullName":"REQ_ui__judge_immersive BUG-004 explicit exit is best-effort and reports release failure after navigation","status":"passed","title":"BUG-004 explicit exit is best-effort and reports release failure after navigation","duration":55.50670799999989,"failureMessages":[],"meta":{}},{"ancestorTitles":["REQ_ui__judge_immersive"],"fullName":"REQ_ui__judge_immersive BUG-005 heartbeat 401/UNAUTHORIZED shows lost-lock state, blocks mutations, and syncs authoritative match","status":"passed","title":"BUG-005 heartbeat 401/UNAUTHORIZED shows lost-lock state, blocks mutations, and syncs authoritative match","duration":12.92166700000007,"failureMessages":[],"meta":{}},{"ancestorTitles":["REQ_ui__judge_immersive"],"fullName":"REQ_ui__judge_immersive BUG-005 heartbeat 403/FORBIDDEN shows lost-lock state, blocks mutations, and syncs authoritative match","status":"passed","title":"BUG-005 heartbeat 403/FORBIDDEN shows lost-lock state, blocks mutations, and syncs authoritative match","duration":10.998374999999669,"failureMessages":[],"meta":{}},{"ancestorTitles":["REQ_ui__judge_immersive"],"fullName":"REQ_ui__judge_immersive BUG-005 heartbeat 409/JUDGE_NOT_ACTIVE shows lost-lock state, blocks mutations, and syncs authoritative match","status":"passed","title":"BUG-005 heartbeat 409/JUDGE_NOT_ACTIVE shows lost-lock state, blocks mutations, and syncs authoritative match","duration":12.349125000000186,"failureMessages":[],"meta":{}},{"ancestorTitles":["REQ_ui__judge_immersive"],"fullName":"REQ_ui__judge_immersive keeps every exit path closed until rapid score intents drain","status":"passed","title":"keeps every exit path closed until rapid score intents drain","duration":59.76133299999992,"failureMessages":[],"meta":{}},{"ancestorTitles":["REQ_ui__judge_immersive"],"fullName":"REQ_ui__judge_immersive uses authoritative terminal refresh after heartbeat 409 instead of staying lost-lock","status":"passed","title":"uses authoritative terminal refresh after heartbeat 409 instead of staying lost-lock","duration":16.642875000000004,"failureMessages":[],"meta":{}},{"ancestorTitles":["REQ_ui__judge_immersive"],"fullName":"REQ_ui__judge_immersive BUG-005 external terminal change switches the scoring screen to readonly","status":"passed","title":"BUG-005 external terminal change switches the scoring screen to readonly","duration":14.962958000000071,"failureMessages":[],"meta":{}},{"ancestorTitles":["REQ_ui__judge_immersive"],"fullName":"REQ_ui__judge_immersive BUG-005 pauses live timers while hidden, resumes immediately once, and cleans up without release","status":"passed","title":"BUG-005 pauses live timers while hidden, resumes immediately once, and cleans up without release","duration":11.151667000000089,"failureMessages":[],"meta":{}},{"ancestorTitles":["REQ_ui__judge_immersive"],"fullName":"REQ_ui__judge_immersive exits to match detail after confirm finish","status":"passed","title":"exits to match detail after confirm finish","duration":25.443416999999954,"failureMessages":[],"meta":{}},{"ancestorTitles":["REQ_ui__judge_immersive"],"fullName":"REQ_ui__judge_immersive GAP-005 visibly blocks navigation and More while confirmation is pending","status":"passed","title":"GAP-005 visibly blocks navigation and More while confirmation is pending","duration":27.95008400000006,"failureMessages":[],"meta":{}},{"ancestorTitles":["REQ_ui__judge_immersive"],"fullName":"REQ_ui__judge_immersive BUG-012 returns a finished tutorial to the persisted onboarding step","status":"passed","title":"BUG-012 returns a finished tutorial to the persisted onboarding step","duration":22.88179100000025,"failureMessages":[],"meta":{}},{"ancestorTitles":["REQ_ui__judge_immersive"],"fullName":"REQ_ui__judge_immersive finished match opens readonly without acquire","status":"passed","title":"finished match opens readonly without acquire","duration":5.241165999999794,"failureMessages":[],"meta":{}},{"ancestorTitles":["REQ_ui__judge_immersive"],"fullName":"REQ_ui__judge_immersive exits to tournament after confirm finish when tournamentId set","status":"passed","title":"exits to tournament after confirm finish when tournamentId set","duration":21.798083000000133,"failureMessages":[],"meta":{}},{"ancestorTitles":["REQ_ui__judge_immersive"],"fullName":"REQ_ui__judge_immersive GAP-005 lets the active judge make an auditable score and server correction","status":"passed","title":"GAP-005 lets the active judge make an auditable score and server correction","duration":130.92000000000007,"failureMessages":[],"meta":{}},{"ancestorTitles":["REQ_ui__judge_immersive"],"fullName":"REQ_ui__judge_immersive GAP-005 blocks scoring and every exit while a correction is open or pending","status":"passed","title":"GAP-005 blocks scoring and every exit while a correction is open or pending","duration":93.42800000000034,"failureMessages":[],"meta":{}},{"ancestorTitles":["REQ_ui__judge_immersive"],"fullName":"REQ_ui__judge_immersive GAP-005 visibly blocks navigation and More while undo is pending","status":"passed","title":"GAP-005 visibly blocks navigation and More while undo is pending","duration":41.91129100000035,"failureMessages":[],"meta":{}},{"ancestorTitles":["REQ_ui__judge_immersive"],"fullName":"REQ_ui__judge_immersive GAP-005 reserves handover for a selected active user before leaving","status":"passed","title":"GAP-005 reserves handover for a selected active user before leaving","duration":61.451084000000264,"failureMessages":[],"meta":{}},{"ancestorTitles":["REQ_ui__judge_immersive"],"fullName":"REQ_ui__judge_immersive MATCH-008: a noncreator judge saves setup and waits for creator start","status":"passed","title":"MATCH-008: a noncreator judge saves setup and waits for creator start","duration":37.29662499999995,"failureMessages":[],"meta":{}},{"ancestorTitles":["REQ_ui__judge_immersive"],"fullName":"REQ_ui__judge_immersive blocks confirm, revert, undo and exit while handover is pending","status":"passed","title":"blocks confirm, revert, undo and exit while handover is pending","duration":74.13991600000008,"failureMessages":[],"meta":{}}],"startTime":1789778291643,"endTime":1789778293221.14,"status":"passed","message":"","name":"/Users/liubavskii/.codex/worktrees/c870/tab10/apps/web/src/pages/JudgePage.test.tsx"},{"assertionResults":[{"ancestorTitles":["BUG-008 live match, tournament, list, and home surfaces"],"fullName":"BUG-008 live match, tournament, list, and home surfaces polls an active match and stops after the authoritative state is terminal","status":"passed","title":"polls an active match and stops after the authoritative state is terminal","duration":68.55954199999996,"failureMessages":[],"meta":{}},{"ancestorTitles":["BUG-008 live match, tournament, list, and home surfaces"],"fullName":"BUG-008 live match, tournament, list, and home surfaces polls an active tournament detail and stops after completion","status":"passed","title":"polls an active tournament detail and stops after completion","duration":16.268834000000084,"failureMessages":[],"meta":{}},{"ancestorTitles":["BUG-008 live match, tournament, list, and home surfaces"],"fullName":"BUG-008 live match, tournament, list, and home surfaces keeps a manual home retry after the initial request fails","status":"passed","title":"keeps a manual home retry after the initial request fails","duration":60.296375000000126,"failureMessages":[],"meta":{}},{"ancestorTitles":["BUG-008 live match, tournament, list, and home surfaces"],"fullName":"BUG-008 live match, tournament, list, and home surfaces manually refreshes the match list without navigation","status":"passed","title":"manually refreshes the match list without navigation","duration":28.03820799999994,"failureMessages":[],"meta":{}},{"ancestorTitles":["BUG-008 live match, tournament, list, and home surfaces"],"fullName":"BUG-008 live match, tournament, list, and home surfaces manually refreshes the tournament list without navigation","status":"passed","title":"manually refreshes the tournament list without navigation","duration":20.525916000000052,"failureMessages":[],"meta":{}}],"startTime":1789778295271,"endTime":1789778295464.526,"status":"passed","message":"","name":"/Users/liubavskii/.codex/worktrees/c870/tab10/apps/web/src/pages/LiveStatePages.test.tsx"},{"assertionResults":[{"ancestorTitles":["LoginPage states"],"fullName":"LoginPage states renders login form","status":"passed","title":"renders login form","duration":69.57154200000002,"failureMessages":[],"meta":{}}],"startTime":1789778296535,"endTime":1789778296604.5715,"status":"passed","message":"","name":"/Users/liubavskii/.codex/worktrees/c870/tab10/apps/web/src/pages/LoginPage.test.tsx"},{"assertionResults":[{"ancestorTitles":["REQ_ui__match_create_autocomplete"],"fullName":"REQ_ui__match_create_autocomplete BUG-026 freezes every visible match payload control while create is pending, then preserves a rejected attempt","status":"passed","title":"BUG-026 freezes every visible match payload control while create is pending, then preserves a rejected attempt","duration":340.3137919999999,"failureMessages":[],"meta":{}},{"ancestorTitles":["REQ_ui__match_create_autocomplete"],"fullName":"REQ_ui__match_create_autocomplete defaults to player mode with opponent autocomplete","status":"passed","title":"defaults to player mode with opponent autocomplete","duration":24.629207999999835,"failureMessages":[],"meta":{}},{"ancestorTitles":["REQ_ui__match_create_autocomplete"],"fullName":"REQ_ui__match_create_autocomplete BUG-018 keeps the same focused player field after Enter selects a user","status":"passed","title":"BUG-018 keeps the same focused player field after Enter selects a user","duration":81.73133300000018,"failureMessages":[],"meta":{}},{"ancestorTitles":["REQ_ui__match_create_autocomplete"],"fullName":"REQ_ui__match_create_autocomplete BUG-018 preserves a search typed before match options finish loading","status":"passed","title":"BUG-018 preserves a search typed before match options finish loading","duration":180.4919579999996,"failureMessages":[],"meta":{}},{"ancestorTitles":["REQ_ui__match_create_autocomplete"],"fullName":"REQ_ui__match_create_autocomplete offers guest and player modes","status":"passed","title":"offers guest and player modes","duration":76.24620800000002,"failureMessages":[],"meta":{}},{"ancestorTitles":["REQ_ui__match_create_autocomplete"],"fullName":"REQ_ui__match_create_autocomplete GAP-029: removes legacy challenge query without applying its player or invite intent","status":"passed","title":"GAP-029: removes legacy challenge query without applying its player or invite intent","duration":19.664874999999938,"failureMessages":[],"meta":{}},{"ancestorTitles":["REQ_ui__match_create_autocomplete"],"fullName":"REQ_ui__match_create_autocomplete GAP-012: submits manual A-vs-B without the operator and without invitations by default","status":"passed","title":"GAP-012: submits manual A-vs-B without the operator and without invitations by default","duration":125.38274999999976,"failureMessages":[],"meta":{}},{"ancestorTitles":["REQ_ui__match_create_autocomplete"],"fullName":"REQ_ui__match_create_autocomplete GAP-029: legacy challenge URL only creates a manually chosen match","status":"passed","title":"GAP-029: legacy challenge URL only creates a manually chosen match","duration":70.20570799999996,"failureMessages":[],"meta":{}},{"ancestorTitles":["REQ_ui__match_create_autocomplete"],"fullName":"REQ_ui__match_create_autocomplete GAP-005: submits a complete 2v2 roster with custom rules and first-server mode","status":"passed","title":"GAP-005: submits a complete 2v2 roster with custom rules and first-server mode","duration":250.33624999999984,"failureMessages":[],"meta":{}},{"ancestorTitles":["REQ_ui__match_create_autocomplete"],"fullName":"REQ_ui__match_create_autocomplete MATCH-004: uses frequent, recent and team groups from the create options","status":"passed","title":"MATCH-004: uses frequent, recent and team groups from the create options","duration":85.32166700000016,"failureMessages":[],"meta":{}}],"startTime":1789778291400,"endTime":1789778292654.3218,"status":"passed","message":"","name":"/Users/liubavskii/.codex/worktrees/c870/tab10/apps/web/src/pages/MatchCreatePage.test.tsx"},{"assertionResults":[{"ancestorTitles":["GAP-008 match consent and prestart editing"],"fullName":"GAP-008 match consent and prestart editing keeps creator start available while a voluntary player invitation is pending","status":"passed","title":"keeps creator start available while a voluntary player invitation is pending","duration":122.23804100000007,"failureMessages":[],"meta":{}},{"ancestorTitles":["GAP-008 match consent and prestart editing"],"fullName":"GAP-008 match consent and prestart editing GAP-029 keeps a pending invitation hidden for its recipient","status":"passed","title":"GAP-029 keeps a pending invitation hidden for its recipient","duration":13.113749999999982,"failureMessages":[],"meta":{}},{"ancestorTitles":["GAP-008 match consent and prestart editing"],"fullName":"GAP-008 match consent and prestart editing GAP-029 never offers reinvitation from old declined or accepted rows","status":"passed","title":"GAP-029 never offers reinvitation from old declined or accepted rows","duration":28.944792000000234,"failureMessages":[],"meta":{}},{"ancestorTitles":["GAP-008 match consent and prestart editing"],"fullName":"GAP-008 match consent and prestart editing sends the full roster, retains unchanged participant ids, and drops the id for a replacement","status":"passed","title":"sends the full roster, retains unchanged participant ids, and drops the id for a replacement","duration":486.5282500000003,"failureMessages":[],"meta":{}},{"ancestorTitles":["GAP-008 match consent and prestart editing"],"fullName":"GAP-008 match consent and prestart editing edits a nonplaying creator's roster without inserting the creator","status":"passed","title":"edits a nonplaying creator's roster without inserting the creator","duration":150.12745799999993,"failureMessages":[],"meta":{}},{"ancestorTitles":["GAP-008 match consent and prestart editing"],"fullName":"GAP-008 match consent and prestart editing keeps the saved match when an older refresh resolves after the mutation","status":"passed","title":"keeps the saved match when an older refresh resolves after the mutation","duration":129.75533300000006,"failureMessages":[],"meta":{}},{"ancestorTitles":["GAP-008 match consent and prestart editing"],"fullName":"GAP-008 match consent and prestart editing keeps the loaded match and typed draft after a failed save, then allows a retry","status":"passed","title":"keeps the loaded match and typed draft after a failed save, then allows a retry","duration":169.98766699999987,"failureMessages":[],"meta":{}}],"startTime":1789778291642,"endTime":1789778292742.9875,"status":"passed","message":"","name":"/Users/liubavskii/.codex/worktrees/c870/tab10/apps/web/src/pages/MatchDetailPage.gap008.test.tsx"},{"assertionResults":[{"ancestorTitles":["REQ_ui__admin_match_ops"],"fullName":"REQ_ui__admin_match_ops BUG-018 keeps the edit-dialog opponent field mounted and focused after choosing another player","status":"passed","title":"BUG-018 keeps the edit-dialog opponent field mounted and focused after choosing another player","duration":419.54633399999966,"failureMessages":[],"meta":{}},{"ancestorTitles":["REQ_ui__admin_match_ops"],"fullName":"REQ_ui__admin_match_ops BUG-018 preserves a replacement search while edit options finish loading","status":"passed","title":"BUG-018 preserves a replacement search while edit options finish loading","duration":339.85583399999996,"failureMessages":[],"meta":{}},{"ancestorTitles":["REQ_ui__admin_match_ops"],"fullName":"REQ_ui__admin_match_ops BUG-018 resolves an untouched selected label when edit options arrive","status":"passed","title":"BUG-018 resolves an untouched selected label when edit options arrive","duration":75.94154200000003,"failureMessages":[],"meta":{}},{"ancestorTitles":["REQ_ui__admin_match_ops"],"fullName":"REQ_ui__admin_match_ops shows force-close and delete for admin on standalone active match","status":"passed","title":"shows force-close and delete for admin on standalone active match","duration":13.28708400000005,"failureMessages":[],"meta":{}},{"ancestorTitles":["REQ_ui__admin_match_ops"],"fullName":"REQ_ui__admin_match_ops hides admin CTAs for non-admin","status":"passed","title":"hides admin CTAs for non-admin","duration":11.80270900000005,"failureMessages":[],"meta":{}},{"ancestorTitles":["REQ_ui__match_cancel"],"fullName":"REQ_ui__match_cancel MATCH-008: creator starts a waiting manual match without taking another judge's slot","status":"passed","title":"MATCH-008: creator starts a waiting manual match without taking another judge's slot","duration":88.56687499999998,"failureMessages":[],"meta":{}},{"ancestorTitles":["REQ_ui__match_cancel"],"fullName":"REQ_ui__match_cancel MATCH-008: creator starts a waiting rally match without taking another judge's slot","status":"passed","title":"MATCH-008: creator starts a waiting rally match without taking another judge's slot","duration":84.60429099999965,"failureMessages":[],"meta":{}},{"ancestorTitles":["REQ_ui__match_cancel"],"fullName":"REQ_ui__match_cancel MATCH-008: random start leaves the server choice to the API","status":"passed","title":"MATCH-008: random start leaves the server choice to the API","duration":52.07579200000009,"failureMessages":[],"meta":{}},{"ancestorTitles":["REQ_ui__match_cancel"],"fullName":"REQ_ui__match_cancel GAP-005 keeps the start dialog open when cancel is clicked during the request","status":"passed","title":"GAP-005 keeps the start dialog open when cancel is clicked during the request","duration":118.59479099999999,"failureMessages":[],"meta":{}},{"ancestorTitles":["REQ_ui__match_cancel"],"fullName":"REQ_ui__match_cancel shows cancel for organizer on waiting standalone match","status":"passed","title":"shows cancel for organizer on waiting standalone match","duration":22.356041000000005,"failureMessages":[],"meta":{}},{"ancestorTitles":["REQ_ui__match_cancel"],"fullName":"REQ_ui__match_cancel hides cancel for outsider on waiting match","status":"passed","title":"hides cancel for outsider on waiting match","duration":16.064750000000004,"failureMessages":[],"meta":{}},{"ancestorTitles":["REQ_ui__match_cancel"],"fullName":"REQ_ui__match_cancel AT-MATCH-CANCEL-004: first click only opens named confirmation","status":"passed","title":"AT-MATCH-CANCEL-004: first click only opens named confirmation","duration":98.96608300000025,"failureMessages":[],"meta":{}},{"ancestorTitles":["REQ_ui__match_cancel"],"fullName":"REQ_ui__match_cancel AT-MATCH-START-001/STOP-002: participant sees no start, stop, or cancel action","status":"passed","title":"AT-MATCH-START-001/STOP-002: participant sees no start, stop, or cancel action","duration":14.90637499999957,"failureMessages":[],"meta":{}},{"ancestorTitles":["REQ_ui__match_cancel"],"fullName":"REQ_ui__match_cancel AT-MATCH-STOP-001: current active judge sees stop but not cancel","status":"passed","title":"AT-MATCH-STOP-001: current active judge sees stop but not cancel","duration":12.269500000000335,"failureMessages":[],"meta":{}},{"ancestorTitles":["AT-MATCH-VOID-003 confirmation"],"fullName":"AT-MATCH-VOID-003 confirmation requires a separate confirmation that names soft invalidation and stats impact","status":"passed","title":"requires a separate confirmation that names soft invalidation and stats impact","duration":88.12149999999929,"failureMessages":[],"meta":{}},{"ancestorTitles":["AT-MATCH-VOID-003 confirmation"],"fullName":"AT-MATCH-VOID-003 confirmation warns the tournament creator that the rest of the bracket is preserved","status":"passed","title":"warns the tournament creator that the rest of the bracket is preserved","duration":29.274500000000444,"failureMessages":[],"meta":{}},{"ancestorTitles":["AT-MATCH-VOID-003 confirmation"],"fullName":"AT-MATCH-VOID-003 confirmation hides void for a tournament participant who is not its creator","status":"passed","title":"hides void for a tournament participant who is not its creator","duration":8.012791999999536,"failureMessages":[],"meta":{}},{"ancestorTitles":["BUG-006/BUG-009 match action failures"],"fullName":"BUG-006/BUG-009 match action failures keeps loaded match context and action-local error while blocking duplicate stop","status":"passed","title":"keeps loaded match context and action-local error while blocking duplicate stop","duration":53.109457999999904,"failureMessages":[],"meta":{}},{"ancestorTitles":["GAP-005 match detail completion"],"fullName":"GAP-005 match detail completion shows rules and clean effective point log without a revenge action","status":"passed","title":"shows rules and clean effective point log without a revenge action","duration":12.999833000000763,"failureMessages":[],"meta":{}},{"ancestorTitles":["GAP-005 match detail completion"],"fullName":"GAP-005 match detail completion records no-show with expected version and preserves the returned score","status":"passed","title":"records no-show with expected version and preserves the returned score","duration":76.63770899999963,"failureMessages":[],"meta":{}}],"startTime":1789778291642,"endTime":1789778293279.6377,"status":"passed","message":"","name":"/Users/liubavskii/.codex/worktrees/c870/tab10/apps/web/src/pages/MatchDetailPage.test.tsx"},{"assertionResults":[{"ancestorTitles":[],"fullName":"GAP-029 hides a read but still actionable player invitation","status":"passed","title":"GAP-029 hides a read but still actionable player invitation","duration":98.00512500000002,"failureMessages":[],"meta":{}},{"ancestorTitles":[],"fullName":"GAP-029 hides terminal judge invitation history while preserving other events","status":"passed","title":"GAP-029 hides terminal judge invitation history while preserving other events","duration":25.904083000000014,"failureMessages":[],"meta":{}},{"ancestorTitles":[],"fullName":"GAP-008 never shows the previous actor's rows while the next actor loads","status":"passed","title":"GAP-008 never shows the previous actor's rows while the next actor loads","duration":26.446292000000085,"failureMessages":[],"meta":{}},{"ancestorTitles":[],"fullName":"GAP-029 ignores a previous actor's team acceptance after an actor switch","status":"passed","title":"GAP-029 ignores a previous actor's team acceptance after an actor switch","duration":38.96441600000003,"failureMessages":[],"meta":{}},{"ancestorTitles":[],"fullName":"GAP-008 opens a judge handover offer on the judge route","status":"passed","title":"GAP-008 opens a judge handover offer on the judge route","duration":13.2806250000001,"failureMessages":[],"meta":{}},{"ancestorTitles":[],"fullName":"GAP-008 loads notifications after StrictMode effect replay","status":"passed","title":"GAP-008 loads notifications after StrictMode effect replay","duration":8.880666999999903,"failureMessages":[],"meta":{}}],"startTime":1789778295131,"endTime":1789778295342.8806,"status":"passed","message":"","name":"/Users/liubavskii/.codex/worktrees/c870/tab10/apps/web/src/pages/NotificationsPage.gap008.test.tsx"},{"assertionResults":[{"ancestorTitles":["AT-NOTIF-005 terminal invitation lifecycle"],"fullName":"AT-NOTIF-005 terminal invitation lifecycle AT-TEAM-005 opens the accepted team's welcome screen","status":"passed","title":"AT-TEAM-005 opens the accepted team's welcome screen","duration":112.49283300000002,"failureMessages":[],"meta":{}},{"ancestorTitles":["AT-NOTIF-005 terminal invitation lifecycle"],"fullName":"AT-NOTIF-005 terminal invitation lifecycle filters terminal cards from actual and never renders their actions","status":"passed","title":"filters terminal cards from actual and never renders their actions","duration":38.04229200000009,"failureMessages":[],"meta":{}},{"ancestorTitles":["AT-NOTIF-005 terminal invitation lifecycle"],"fullName":"AT-NOTIF-005 terminal invitation lifecycle BUG-009: sends one invitation response while the action is pending","status":"passed","title":"BUG-009: sends one invitation response while the action is pending","duration":17.669083,"failureMessages":[],"meta":{}},{"ancestorTitles":["AT-NOTIF-005 terminal invitation lifecycle"],"fullName":"AT-NOTIF-005 terminal invitation lifecycle GAP-029: old API rows never expose hidden invitations or mark them read","status":"passed","title":"GAP-029: old API rows never expose hidden invitations or mark them read","duration":21.944417000000044,"failureMessages":[],"meta":{}}],"startTime":1789778295462,"endTime":1789778295651.9443,"status":"passed","message":"","name":"/Users/liubavskii/.codex/worktrees/c870/tab10/apps/web/src/pages/NotificationsPage.test.tsx"},{"assertionResults":[{"ancestorTitles":["GAP-002 profile flow"],"fullName":"GAP-002 profile flow PROFILE-001/002/004: renders complete own identity, stats, facts, teams, and read-only avatar","status":"passed","title":"PROFILE-001/002/004: renders complete own identity, stats, facts, teams, and read-only avatar","duration":108.19166599999994,"failureMessages":[],"meta":{}},{"ancestorTitles":["GAP-002 profile flow"],"fullName":"GAP-002 profile flow PROFILE-003: edits only local fields and refreshes the profile","status":"passed","title":"PROFILE-003: edits only local fields and refreshes the profile","duration":253.74900000000002,"failureMessages":[],"meta":{}},{"ancestorTitles":["GAP-002 profile flow"],"fullName":"GAP-002 profile flow AUTH-008: offers revocation only for another session and refreshes after success","status":"passed","title":"AUTH-008: offers revocation only for another session and refreshes after success","duration":75.78008399999999,"failureMessages":[],"meta":{}},{"ancestorTitles":["GAP-002 profile flow"],"fullName":"GAP-002 profile flow PROFILE-005 / D37: public card stays privacy-safe without challenge entry","status":"passed","title":"PROFILE-005 / D37: public card stays privacy-safe without challenge entry","duration":16.589582999999948,"failureMessages":[],"meta":{}},{"ancestorTitles":["GAP-002 profile flow"],"fullName":"GAP-002 profile flow routes the actor's own ranking card to the full own profile","status":"passed","title":"routes the actor's own ranking card to the full own profile","duration":16.466874999999845,"failureMessages":[],"meta":{}},{"ancestorTitles":["GAP-002 profile flow"],"fullName":"GAP-002 profile flow ignores a late profile failure after navigating to another player","status":"passed","title":"ignores a late profile failure after navigating to another player","duration":70.715375,"failureMessages":[],"meta":{}},{"ancestorTitles":["GAP-002 profile flow"],"fullName":"GAP-002 profile flow PROFILE-005: renders a blocked target as an unavailable card without private fallback","status":"passed","title":"PROFILE-005: renders a blocked target as an unavailable card without private fallback","duration":5.747749999999996,"failureMessages":[],"meta":{}},{"ancestorTitles":["GAP-002 profile flow"],"fullName":"GAP-002 profile flow keeps an unsaved edit draft and reloads authoritative data after reauthentication","status":"passed","title":"keeps an unsaved edit draft and reloads authoritative data after reauthentication","duration":194.16262500000016,"failureMessages":[],"meta":{}}],"startTime":1789778293574,"endTime":1789778294315.1626,"status":"passed","message":"","name":"/Users/liubavskii/.codex/worktrees/c870/tab10/apps/web/src/pages/ProfilePage.test.tsx"},{"assertionResults":[{"ancestorTitles":["BUG-010 ranking challenge guard"],"fullName":"BUG-010 ranking challenge guard D37 hides challenge entry for self and rivals while keeping profile links","status":"passed","title":"D37 hides challenge entry for self and rivals while keeping profile links","duration":70.72429199999999,"failureMessages":[],"meta":{}},{"ancestorTitles":["BUG-010 ranking challenge guard"],"fullName":"BUG-010 ranking challenge guard RANK-002/004 switches Moscow period and own-team presentation","status":"passed","title":"RANK-002/004 switches Moscow period and own-team presentation","duration":84.59649999999999,"failureMessages":[],"meta":{}},{"ancestorTitles":["BUG-010 ranking challenge guard"],"fullName":"BUG-010 ranking challenge guard RANK-005 opens a public card from every ranking row without Challenge","status":"passed","title":"RANK-005 opens a public card from every ranking row without Challenge","duration":36.49566600000003,"failureMessages":[],"meta":{}},{"ancestorTitles":["BUG-010 ranking challenge guard"],"fullName":"BUG-010 ranking challenge guard RANK-004/EMPTY offers a concrete team action when the actor has no teams","status":"passed","title":"RANK-004/EMPTY offers a concrete team action when the actor has no teams","duration":12.255499999999984,"failureMessages":[],"meta":{}},{"ancestorTitles":["BUG-010 ranking challenge guard"],"fullName":"BUG-010 ranking challenge guard keeps the last valid ranking visible when an unavailable team refresh fails","status":"passed","title":"keeps the last valid ranking visible when an unavailable team refresh fails","duration":40.82220900000016,"failureMessages":[],"meta":{}}],"startTime":1789778294213,"endTime":1789778294457.8223,"status":"passed","message":"","name":"/Users/liubavskii/.codex/worktrees/c870/tab10/apps/web/src/pages/RankingsPage.test.tsx"},{"assertionResults":[{"ancestorTitles":["BUG-009 scoped critical form submission guards"],"fullName":"BUG-009 scoped critical form submission guards keeps 'team create' single-flight","status":"passed","title":"keeps 'team create' single-flight","duration":79.41216599999996,"failureMessages":[],"meta":{}},{"ancestorTitles":["BUG-009 scoped critical form submission guards"],"fullName":"BUG-009 scoped critical form submission guards keeps 'tournament create' single-flight","status":"passed","title":"keeps 'tournament create' single-flight","duration":25.148832999999968,"failureMessages":[],"meta":{}},{"ancestorTitles":["BUG-009 scoped critical form submission guards"],"fullName":"BUG-009 scoped critical form submission guards keeps 'feedback' single-flight","status":"passed","title":"keeps 'feedback' single-flight","duration":29.398542000000134,"failureMessages":[],"meta":{}},{"ancestorTitles":["BUG-009 scoped critical form submission guards"],"fullName":"BUG-009 scoped critical form submission guards keeps first-password submit single-flight","status":"passed","title":"keeps first-password submit single-flight","duration":32.46245900000008,"failureMessages":[],"meta":{}},{"ancestorTitles":["BUG-009 scoped critical form submission guards"],"fullName":"BUG-009 scoped critical form submission guards uses one guard across both onboarding actions","status":"passed","title":"uses one guard across both onboarding actions","duration":82.40579199999979,"failureMessages":[],"meta":{}}],"startTime":1789778295466,"endTime":1789778295714.4058,"status":"passed","message":"","name":"/Users/liubavskii/.codex/worktrees/c870/tab10/apps/web/src/pages/SubmissionGuards.test.tsx"},{"assertionResults":[{"ancestorTitles":["GAP-007 team detail"],"fullName":"GAP-007 team detail does not carry an unsaved draft to another team under the same user","status":"passed","title":"does not carry an unsaved draft to another team under the same user","duration":316.6204170000001,"failureMessages":[],"meta":{}},{"ancestorTitles":["GAP-007 team detail"],"fullName":"GAP-007 team detail shows welcome copy and lets only the captain edit team text","status":"passed","title":"shows welcome copy and lets only the captain edit team text","duration":291.6405840000002,"failureMessages":[],"meta":{}},{"ancestorTitles":["GAP-007 team detail"],"fullName":"GAP-007 team detail serializes captain roster actions and keeps loaded context on failure","status":"passed","title":"serializes captain roster actions and keeps loaded context on failure","duration":121.10966699999972,"failureMessages":[],"meta":{}},{"ancestorTitles":["GAP-007 team detail"],"fullName":"GAP-007 team detail shows member leave, blocks captain leave, and hides captain controls from members","status":"passed","title":"shows member leave, blocks captain leave, and hides captain controls from members","duration":81.15037500000017,"failureMessages":[],"meta":{}},{"ancestorTitles":["GAP-007 team detail"],"fullName":"GAP-007 team detail renders archived teams read-only","status":"passed","title":"renders archived teams read-only","duration":12.923874999999953,"failureMessages":[],"meta":{}},{"ancestorTitles":["GAP-007 team detail"],"fullName":"GAP-007 team detail shows a retryable initial error","status":"passed","title":"shows a retryable initial error","duration":25.774249999999938,"failureMessages":[],"meta":{}},{"ancestorTitles":["GAP-007 team detail"],"fullName":"GAP-007 team detail does not let an older refresh overwrite a completed captain transfer","status":"passed","title":"does not let an older refresh overwrite a completed captain transfer","duration":62.737082999999984,"failureMessages":[],"meta":{}},{"ancestorTitles":["GAP-007 team detail"],"fullName":"GAP-007 team detail allows reinviting a user whose persisted pending invitation is past TTL","status":"passed","title":"allows reinviting a user whose persisted pending invitation is past TTL","duration":28.47633399999995,"failureMessages":[],"meta":{}},{"ancestorTitles":["GAP-007 team detail"],"fullName":"GAP-007 team detail shows captain invitation history with a friendly name and localized status","status":"passed","title":"shows captain invitation history with a friendly name and localized status","duration":13.958542000000307,"failureMessages":[],"meta":{}},{"ancestorTitles":["GAP-007 team detail"],"fullName":"GAP-007 team detail reloads authority after same-user reauthentication without losing an unsaved draft","status":"passed","title":"reloads authority after same-user reauthentication without losing an unsaved draft","duration":163.60425000000032,"failureMessages":[],"meta":{}}],"startTime":1789778291648,"endTime":1789778292766.6042,"status":"passed","message":"","name":"/Users/liubavskii/.codex/worktrees/c870/tab10/apps/web/src/pages/TeamDetailPage.test.tsx"},{"assertionResults":[{"ancestorTitles":["GAP-007 teams list and creation"],"fullName":"GAP-007 teams list and creation shows current teams as detail links with captain and member counts","status":"passed","title":"shows current teams as detail links with captain and member counts","duration":128.69558300000006,"failureMessages":[],"meta":{}},{"ancestorTitles":["GAP-007 teams list and creation"],"fullName":"GAP-007 teams list and creation creates once with optional text and refreshes the list","status":"passed","title":"creates once with optional text and refreshes the list","duration":293.810334,"failureMessages":[],"meta":{}},{"ancestorTitles":["GAP-007 teams list and creation"],"fullName":"GAP-007 teams list and creation keeps the create form visible when initial loading fails","status":"passed","title":"keeps the create form visible when initial loading fails","duration":13.677999999999884,"failureMessages":[],"meta":{}},{"ancestorTitles":["GAP-007 teams list and creation"],"fullName":"GAP-007 teams list and creation does not let a late initial load erase a newly created team","status":"passed","title":"does not let a late initial load erase a newly created team","duration":60.67599999999993,"failureMessages":[],"meta":{}},{"ancestorTitles":["GAP-007 teams list and creation"],"fullName":"GAP-007 teams list and creation reloads after same-user reauthentication and preserves the create draft","status":"passed","title":"reloads after same-user reauthentication and preserves the create draft","duration":141.23374999999987,"failureMessages":[],"meta":{}}],"startTime":1789778293580,"endTime":1789778294218.2336,"status":"passed","message":"","name":"/Users/liubavskii/.codex/worktrees/c870/tab10/apps/web/src/pages/TeamsPage.test.tsx"},{"assertionResults":[{"ancestorTitles":["TournamentDetailPage algorithm dialog wiring"],"fullName":"TournamentDetailPage algorithm dialog wiring BUG-026 keeps the submitted manual roster target visible and disabled until known rejection","status":"passed","title":"BUG-026 keeps the submitted manual roster target visible and disabled until known rejection","duration":167.79541699999982,"failureMessages":[],"meta":{}},{"ancestorTitles":["TournamentDetailPage algorithm dialog wiring"],"fullName":"TournamentDetailPage algorithm dialog wiring Построить сетку opens dialog; submit sends compact enum","status":"passed","title":"Построить сетку opens dialog; submit sends compact enum","duration":65.14212499999985,"failureMessages":[],"meta":{}},{"ancestorTitles":["TournamentDetailPage algorithm dialog wiring"],"fullName":"TournamentDetailPage algorithm dialog wiring cancel does not call generateBracket","status":"passed","title":"cancel does not call generateBracket","duration":34.48370799999975,"failureMessages":[],"meta":{}},{"ancestorTitles":["TournamentDetailPage algorithm dialog wiring"],"fullName":"TournamentDetailPage algorithm dialog wiring BUG-021 keeps a lost bracket outcome in the dialog and blocks a second POST across close and refresh","status":"passed","title":"BUG-021 keeps a lost bracket outcome in the dialog and blocks a second POST across close and refresh","duration":123.68033400000013,"failureMessages":[],"meta":{}},{"ancestorTitles":["TournamentDetailPage algorithm dialog wiring"],"fullName":"TournamentDetailPage algorithm dialog wiring BUG-021 keeps an unknown bracket outcome blocked after the state check fails","status":"passed","title":"BUG-021 keeps an unknown bracket outcome blocked after the state check fails","duration":91.23925000000008,"failureMessages":[],"meta":{}},{"ancestorTitles":["TournamentDetailPage algorithm dialog wiring"],"fullName":"TournamentDetailPage algorithm dialog wiring BUG-021 never repeats a confirmed bracket write when its readback fails","status":"passed","title":"BUG-021 never repeats a confirmed bracket write when its readback fails","duration":104.93975,"failureMessages":[],"meta":{}},{"ancestorTitles":["TournamentDetailPage algorithm dialog wiring"],"fullName":"TournamentDetailPage algorithm dialog wiring WO3 R2 holds a confirmed versioned write on 'missing version' until an explicit current GET","status":"passed","title":"WO3 R2 holds a confirmed versioned write on 'missing version' until an explicit current GET","duration":103.05895899999996,"failureMessages":[],"meta":{}},{"ancestorTitles":["TournamentDetailPage algorithm dialog wiring"],"fullName":"TournamentDetailPage algorithm dialog wiring WO3 R2 holds a confirmed versioned write on 'non-numeric version' until an explicit current GET","status":"passed","title":"WO3 R2 holds a confirmed versioned write on 'non-numeric version' until an explicit current GET","duration":93.41733399999976,"failureMessages":[],"meta":{}},{"ancestorTitles":["TournamentDetailPage algorithm dialog wiring"],"fullName":"TournamentDetailPage algorithm dialog wiring WO3 R2 holds a confirmed versioned write on 'older version' until an explicit current GET","status":"passed","title":"WO3 R2 holds a confirmed versioned write on 'older version' until an explicit current GET","duration":89.24895799999967,"failureMessages":[],"meta":{}},{"ancestorTitles":["TournamentDetailPage algorithm dialog wiring"],"fullName":"TournamentDetailPage algorithm dialog wiring BUG-021 focuses a correctable error inside the open dialog and keeps the algorithm","status":"passed","title":"BUG-021 focuses a correctable error inside the open dialog and keeps the algorithm","duration":50.125708999999915,"failureMessages":[],"meta":{}},{"ancestorTitles":["TournamentDetailPage algorithm dialog wiring"],"fullName":"TournamentDetailPage algorithm dialog wiring BUG-021 serializes state checks and ignores a late failed GET from another tournament","status":"passed","title":"BUG-021 serializes state checks and ignores a late failed GET from another tournament","duration":63.78166599999986,"failureMessages":[],"meta":{}},{"ancestorTitles":["TournamentDetailPage algorithm dialog wiring"],"fullName":"TournamentDetailPage algorithm dialog wiring BUG-021 blocks a revoked organizer rather than offering a useless second generation","status":"passed","title":"BUG-021 blocks a revoked organizer rather than offering a useless second generation","duration":38.421792000000096,"failureMessages":[],"meta":{}},{"ancestorTitles":["TournamentDetailPage algorithm dialog wiring"],"fullName":"TournamentDetailPage algorithm dialog wiring BUG-021 reports success only after the generated response and current GET agree","status":"passed","title":"BUG-021 reports success only after the generated response and current GET agree","duration":32.81783399999995,"failureMessages":[],"meta":{}}],"startTime":1789778291721,"endTime":1789778292779.8179,"status":"passed","message":"","name":"/Users/liubavskii/.codex/worktrees/c870/tab10/apps/web/src/pages/TournamentDetailPage.algorithm.test.tsx"},{"assertionResults":[{"ancestorTitles":["GAP-006 tournament detail"],"fullName":"GAP-006 tournament detail shows rules, own current/next matches and the tournament summary","status":"passed","title":"shows rules, own current/next matches and the tournament summary","duration":77.14612499999998,"failureMessages":[],"meta":{}},{"ancestorTitles":["GAP-006 tournament detail"],"fullName":"GAP-006 tournament detail saves the complete editable settings payload once","status":"passed","title":"saves the complete editable settings payload once","duration":90.10183400000005,"failureMessages":[],"meta":{}},{"ancestorTitles":["GAP-006 tournament detail"],"fullName":"GAP-006 tournament detail confirms and sends one-based seed slots including a bye","status":"passed","title":"confirms and sends one-based seed slots including a bye","duration":54.56874999999991,"failureMessages":[],"meta":{}},{"ancestorTitles":["GAP-006 tournament detail"],"fullName":"GAP-006 tournament detail does not show places or top three for a stopped tournament","status":"passed","title":"does not show places or top three for a stopped tournament","duration":19.50841700000001,"failureMessages":[],"meta":{}},{"ancestorTitles":["GAP-006 tournament detail"],"fullName":"GAP-006 tournament detail leaves a 401 mutation to global reauthentication without stale feedback","status":"passed","title":"leaves a 401 mutation to global reauthentication without stale feedback","duration":96.47804199999996,"failureMessages":[],"meta":{}},{"ancestorTitles":["GAP-006 tournament detail"],"fullName":"GAP-006 tournament detail does not let an older refresh overwrite a completed mutation","status":"passed","title":"does not let an older refresh overwrite a completed mutation","duration":127.39087499999982,"failureMessages":[],"meta":{}},{"ancestorTitles":["GAP-006 tournament detail"],"fullName":"GAP-006 tournament detail clears a settings draft on route change but preserves it for same-user reauthentication","status":"passed","title":"clears a settings draft on route change but preserves it for same-user reauthentication","duration":95.06600000000003,"failureMessages":[],"meta":{}},{"ancestorTitles":["GAP-006 tournament detail"],"fullName":"GAP-006 tournament detail requires and persists an explicit stop reason","status":"passed","title":"requires and persists an explicit stop reason","duration":73.76549999999997,"failureMessages":[],"meta":{}},{"ancestorTitles":["GAP-006 tournament detail"],"fullName":"GAP-006 tournament detail does not present a completed auto-bye node as a next match","status":"passed","title":"does not present a completed auto-bye node as a next match","duration":19.630333999999948,"failureMessages":[],"meta":{}}],"startTime":1789778294128,"endTime":1789778294781.6304,"status":"passed","message":"","name":"/Users/liubavskii/.codex/worktrees/c870/tab10/apps/web/src/pages/TournamentDetailPage.gap006.test.tsx"},{"assertionResults":[{"ancestorTitles":["GAP-012 tournament setup"],"fullName":"GAP-012 tournament setup GAP-029 creates direct-roster tournaments without a consent selector","status":"passed","title":"GAP-029 creates direct-roster tournaments without a consent selector","duration":58.75524999999993,"failureMessages":[],"meta":{}},{"ancestorTitles":["GAP-012 tournament setup"],"fullName":"GAP-012 tournament setup gives an outsider admin only roster visibility and one confirmed registered-add action","status":"passed","title":"gives an outsider admin only roster visibility and one confirmed registered-add action","duration":102.42470800000001,"failureMessages":[],"meta":{}},{"ancestorTitles":["GAP-012 tournament setup"],"fullName":"GAP-012 tournament setup names the bracket consequence and confirms atomic regeneration for an organizer add","status":"passed","title":"names the bracket consequence and confirms atomic regeneration for an organizer add","duration":71.14045799999985,"failureMessages":[],"meta":{}}],"startTime":1789778295053,"endTime":1789778295285.1404,"status":"passed","message":"","name":"/Users/liubavskii/.codex/worktrees/c870/tab10/apps/web/src/pages/TournamentSetup.gap012.test.tsx"}]}