{"numTotalTestSuites":101,"numPassedTestSuites":101,"numFailedTestSuites":0,"numPendingTestSuites":0,"numTotalTests":318,"numPassedTests":318,"numFailedTests":0,"numPendingTests":0,"numTodoTests":0,"snapshot":{"added":0,"failure":false,"filesAdded":0,"filesRemoved":0,"filesRemovedList":[],"filesUnmatched":0,"filesUpdated":0,"matched":0,"total":0,"unchecked":0,"uncheckedKeysByFile":[],"unmatched":0,"updated":0,"didUpdate":false},"startTime":1789778297543,"success":true,"testResults":[{"assertionResults":[{"ancestorTitles":["audit ephemeral database guard"],"fullName":"audit ephemeral database guard does not attest an ordinary API process","status":"passed","title":"does not attest an ordinary API process","duration":0.7110420000000204,"failureMessages":[],"meta":{}},{"ancestorTitles":["audit ephemeral database guard"],"fullName":"audit ephemeral database guard attests only explicit in-memory PGlite","status":"passed","title":"attests only explicit in-memory PGlite","duration":0.11775000000000091,"failureMessages":[],"meta":{}},{"ancestorTitles":["audit ephemeral database guard"],"fullName":"audit ephemeral database guard rejects DATABASE_URL while audit mode is enabled","status":"passed","title":"rejects DATABASE_URL while audit mode is enabled","duration":0.47562500000000796,"failureMessages":[],"meta":{}},{"ancestorTitles":["audit ephemeral database guard"],"fullName":"audit ephemeral database guard rejects TEST_DATABASE_URL while audit mode is enabled","status":"passed","title":"rejects TEST_DATABASE_URL while audit mode is enabled","duration":0.08383299999999849,"failureMessages":[],"meta":{}},{"ancestorTitles":["audit ephemeral database guard"],"fullName":"audit ephemeral database guard rejects PGLITE_DATA_DIR while audit mode is enabled","status":"passed","title":"rejects PGLITE_DATA_DIR while audit mode is enabled","duration":0.08087499999999181,"failureMessages":[],"meta":{}},{"ancestorTitles":["audit ephemeral database guard"],"fullName":"audit ephemeral database guard rejects an in-memory fallback in production","status":"passed","title":"rejects an in-memory fallback in production","duration":0.10945800000001782,"failureMessages":[],"meta":{}},{"ancestorTitles":["audit ephemeral database guard"],"fullName":"audit ephemeral database guard accepts an explicit production database URL","status":"passed","title":"accepts an explicit production database URL","duration":0.05366700000001856,"failureMessages":[],"meta":{}}],"startTime":1789778335173,"endTime":1789778335175.1094,"status":"passed","message":"","name":"/Users/liubavskii/.codex/worktrees/c870/tab10/apps/api/src/audit-ephemeral.test.ts"},{"assertionResults":[{"ancestorTitles":["API_GET_health__ok"],"fullName":"API_GET_health__ok returns ok","status":"passed","title":"returns ok","duration":2740.5119999999997,"failureMessages":[],"meta":{}},{"ancestorTitles":["auth and admin integration"],"fullName":"auth and admin integration API_POST_auth_login__invalid_credentials","status":"passed","title":"API_POST_auth_login__invalid_credentials","duration":772.5285410000001,"failureMessages":[],"meta":{}},{"ancestorTitles":["auth and admin integration"],"fullName":"auth and admin integration TECH-003/AT-AUTH-010: successful logins do not consume the failure budget","status":"passed","title":"TECH-003/AT-AUTH-010: successful logins do not consume the failure budget","duration":1117.7668750000003,"failureMessages":[],"meta":{}},{"ancestorTitles":["auth and admin integration"],"fullName":"auth and admin integration TECH-003/AT-AUTH-010: ten failures fill one fixed window and RATE_LIMITED expires at its boundary","status":"passed","title":"TECH-003/AT-AUTH-010: ten failures fill one fixed window and RATE_LIMITED expires at its boundary","duration":1139.4900419999994,"failureMessages":[],"meta":{}},{"ancestorTitles":["auth and admin integration"],"fullName":"auth and admin integration TECH-003/AT-AUTH-010: unique live keys are bounded","status":"passed","title":"TECH-003/AT-AUTH-010: unique live keys are bounded","duration":793.692916,"failureMessages":[],"meta":{}},{"ancestorTitles":["auth and admin integration"],"fullName":"auth and admin integration TECH-003/AT-AUTH-010: expired unique keys are cleaned on the next attempt","status":"passed","title":"TECH-003/AT-AUTH-010: expired unique keys are cleaned on the next attempt","duration":700.8169589999998,"failureMessages":[],"meta":{}},{"ancestorTitles":["auth and admin integration"],"fullName":"auth and admin integration API_POST_admin_users__returns_temp_password_once","status":"passed","title":"API_POST_admin_users__returns_temp_password_once","duration":730.0267499999991,"failureMessages":[],"meta":{}},{"ancestorTitles":["auth and admin integration"],"fullName":"auth and admin integration BUG-009: concurrent normalized duplicate user creation stores one user","status":"passed","title":"BUG-009: concurrent normalized duplicate user creation stores one user","duration":737.3880829999998,"failureMessages":[],"meta":{}},{"ancestorTitles":["auth and admin integration"],"fullName":"auth and admin integration API_POST_auth_password_first_change__one_time_temp","status":"passed","title":"API_POST_auth_password_first_change__one_time_temp","duration":965.1728750000002,"failureMessages":[],"meta":{}},{"ancestorTitles":["auth and admin integration"],"fullName":"auth and admin integration API_auth__AUTH-003__AT-AUTH-001__temporary_password_gate_exact_route_and_method__SEC-003","status":"passed","title":"API_auth__AUTH-003__AT-AUTH-001__temporary_password_gate_exact_route_and_method__SEC-003","duration":949.667625,"failureMessages":[],"meta":{}},{"ancestorTitles":["auth and admin integration"],"fullName":"auth and admin integration BUG-011/AT-ADM-006: safe block and unblock actor/session matrix","status":"passed","title":"BUG-011/AT-ADM-006: safe block and unblock actor/session matrix","duration":1028.013833000001,"failureMessages":[],"meta":{}},{"ancestorTitles":["auth and admin integration"],"fullName":"auth and admin integration INT_auth__session_sliding_ttl_7d","status":"passed","title":"INT_auth__session_sliding_ttl_7d","duration":802.7756250000002,"failureMessages":[],"meta":{}},{"ancestorTitles":["auth and admin integration"],"fullName":"auth and admin integration API_GET_users_directory__lists_active_excludes_self","status":"passed","title":"API_GET_users_directory__lists_active_excludes_self","duration":798.1764590000002,"failureMessages":[],"meta":{}},{"ancestorTitles":["auth and admin integration"],"fullName":"auth and admin integration API_PATCH_me_profile__PROFILE_003__AT-PROFILE-001__response_allowlist__SEC-002","status":"passed","title":"API_PATCH_me_profile__PROFILE_003__AT-PROFILE-001__response_allowlist__SEC-002","duration":770.2215829999986,"failureMessages":[],"meta":{}},{"ancestorTitles":["auth and admin integration"],"fullName":"auth and admin integration INT_admin__role_create_promote_demote_guards","status":"passed","title":"INT_admin__role_create_promote_demote_guards","duration":934.5058750000007,"failureMessages":[],"meta":{}}],"startTime":1789778298696,"endTime":1789778313676.5059,"status":"passed","message":"","name":"/Users/liubavskii/.codex/worktrees/c870/tab10/apps/api/src/auth.integration.test.ts"},{"assertionResults":[{"ancestorTitles":["bootstrap admin persistence"],"fullName":"bootstrap admin persistence atomically distinguishes concurrent create/existing and writes one audit record","status":"passed","title":"atomically distinguishes concurrent create/existing and writes one audit record","duration":1576.153292,"failureMessages":[],"meta":{}}],"startTime":1789778333979,"endTime":1789778335555.1533,"status":"passed","message":"","name":"/Users/liubavskii/.codex/worktrees/c870/tab10/apps/api/src/bootstrap-admin.integration.test.ts"},{"assertionResults":[{"ancestorTitles":["resolveBootstrapAdminConfig"],"fullName":"resolveBootstrapAdminConfig is disabled by default, including in production","status":"passed","title":"is disabled by default, including in production","duration":1.9128749999999854,"failureMessages":[],"meta":{}},{"ancestorTitles":["resolveBootstrapAdminConfig"],"fullName":"resolveBootstrapAdminConfig requires the exact 0/1 flag values","status":"passed","title":"requires the exact 0/1 flag values","duration":0.5232910000000288,"failureMessages":[],"meta":{}},{"ancestorTitles":["resolveBootstrapAdminConfig"],"fullName":"resolveBootstrapAdminConfig requires an explicit valid email and strong password","status":"passed","title":"requires an explicit valid email and strong password","duration":1.1247909999999592,"failureMessages":[],"meta":{}},{"ancestorTitles":["resolveBootstrapAdminConfig"],"fullName":"resolveBootstrapAdminConfig rejects the former repository default even though it matches policy","status":"passed","title":"rejects the former repository default even though it matches policy","duration":0.16433299999999917,"failureMessages":[],"meta":{}},{"ancestorTitles":["resolveBootstrapAdminConfig"],"fullName":"resolveBootstrapAdminConfig normalizes a valid explicit configuration","status":"passed","title":"normalizes a valid explicit configuration","duration":0.10108400000001438,"failureMessages":[],"meta":{}},{"ancestorTitles":["resolveBootstrapAdminConfig"],"fullName":"resolveBootstrapAdminConfig does not include the rejected password in an error","status":"passed","title":"does not include the rejected password in an error","duration":0.15395799999998871,"failureMessages":[],"meta":{}},{"ancestorTitles":["ensureBootstrapAdmin"],"fullName":"ensureBootstrapAdmin does not query or seed while disabled","status":"passed","title":"does not query or seed while disabled","duration":1.0115410000000224,"failureMessages":[],"meta":{}},{"ancestorTitles":["ensureBootstrapAdmin"],"fullName":"ensureBootstrapAdmin leaves an existing active admin password unchanged","status":"passed","title":"leaves an existing active admin password unchanged","duration":1.094583,"failureMessages":[],"meta":{}},{"ancestorTitles":["ensureBootstrapAdmin"],"fullName":"ensureBootstrapAdmin fails closed for an incompatible existing account","status":"passed","title":"fails closed for an incompatible existing account","duration":0.3201249999999618,"failureMessages":[],"meta":{}},{"ancestorTitles":["ensureBootstrapAdmin"],"fullName":"ensureBootstrapAdmin fails closed for an incompatible existing account","status":"passed","title":"fails closed for an incompatible existing account","duration":0.16179100000005064,"failureMessages":[],"meta":{}},{"ancestorTitles":["ensureBootstrapAdmin"],"fullName":"ensureBootstrapAdmin provisions a missing admin with the explicit credentials","status":"passed","title":"provisions a missing admin with the explicit credentials","duration":0.3266670000000431,"failureMessages":[],"meta":{}},{"ancestorTitles":["ensureBootstrapAdmin"],"fullName":"ensureBootstrapAdmin reports an account created concurrently as existing","status":"passed","title":"reports an account created concurrently as existing","duration":0.2377499999999486,"failureMessages":[],"meta":{}}],"startTime":1789778334694,"endTime":1789778334701.3267,"status":"passed","message":"","name":"/Users/liubavskii/.codex/worktrees/c870/tab10/apps/api/src/bootstrap-admin.test.ts"},{"assertionResults":[{"ancestorTitles":["BUG-013 notification read and timestamp semantics"],"fullName":"BUG-013 notification read and timestamp semantics AT-NOTIF-004: a single read uses the injected clock and is idempotent","status":"passed","title":"AT-NOTIF-004: a single read uses the injected clock and is idempotent","duration":2315.064208,"failureMessages":[],"meta":{}},{"ancestorTitles":["BUG-013 notification read and timestamp semantics"],"fullName":"BUG-013 notification read and timestamp semantics AT-NOTIF-004: read-visible marks only owned visible rows and creates no events","status":"passed","title":"AT-NOTIF-004: read-visible marks only owned visible rows and creates no events","duration":844.5821669999996,"failureMessages":[],"meta":{}},{"ancestorTitles":["BUG-013 notification read and timestamp semantics"],"fullName":"BUG-013 notification read and timestamp semantics AT-NOTIF-002/003/005: expired and cancelled invitations expose terminal reason timestamps","status":"passed","title":"AT-NOTIF-002/003/005: expired and cancelled invitations expose terminal reason timestamps","duration":808.9800420000001,"failureMessages":[],"meta":{}}],"startTime":1789778324610,"endTime":1789778328578.98,"status":"passed","message":"","name":"/Users/liubavskii/.codex/worktrees/c870/tab10/apps/api/src/bug-013.integration.test.ts"},{"assertionResults":[{"ancestorTitles":["BUG-017 / AT-JUDGE-002: judge device conflict API contract"],"fullName":"BUG-017 / AT-JUDGE-002: judge device conflict API contract returns 409 for a second auth session on same match without changing judge authority","status":"passed","title":"returns 409 for a second auth session on same match without changing judge authority","duration":1333.204375,"failureMessages":[],"meta":{}},{"ancestorTitles":["BUG-017 / AT-JUDGE-002: judge device conflict API contract"],"fullName":"BUG-017 / AT-JUDGE-002: judge device conflict API contract returns 409 for a second auth session on another match without changing judge authority","status":"passed","title":"returns 409 for a second auth session on another match without changing judge authority","duration":947.7850830000002,"failureMessages":[],"meta":{}}],"startTime":1789778327646,"endTime":1789778329926.7852,"status":"passed","message":"","name":"/Users/liubavskii/.codex/worktrees/c870/tab10/apps/api/src/bug-017.integration.test.ts"},{"assertionResults":[{"ancestorTitles":["DATA-002 atomic match completion"],"fullName":"DATA-002 atomic match completion rolls back finish and stats when tournament advancement fails","status":"passed","title":"rolls back finish and stats when tournament advancement fails","duration":3187.6194579999997,"failureMessages":[],"meta":{}},{"ancestorTitles":["DATA-002 atomic match completion"],"fullName":"DATA-002 atomic match completion treats a same-judge confirmation replay as success without double stats","status":"passed","title":"treats a same-judge confirmation replay as success without double stats","duration":1649.2274580000003,"failureMessages":[],"meta":{}}],"startTime":1789778328032,"endTime":1789778332869.2275,"status":"passed","message":"","name":"/Users/liubavskii/.codex/worktrees/c870/tab10/apps/api/src/data-002.integration.test.ts"},{"assertionResults":[{"ancestorTitles":["DATA-004 invitation and membership concurrency"],"fullName":"DATA-004 invitation and membership concurrency AT-TEAM-001/AT-NOTIF-001: concurrent team invite is one atomic pending invitation","status":"passed","title":"AT-TEAM-001/AT-NOTIF-001: concurrent team invite is one atomic pending invitation","duration":1799.469292,"failureMessages":[],"meta":{}},{"ancestorTitles":["DATA-004 invitation and membership concurrency"],"fullName":"DATA-004 invitation and membership concurrency AT-TEAM-002/AT-NOTIF-001: concurrent team accept is idempotent and rolls back on notification failure","status":"passed","title":"AT-TEAM-002/AT-NOTIF-001: concurrent team accept is idempotent and rolls back on notification failure","duration":1596.6477090000003,"failureMessages":[],"meta":{}},{"ancestorTitles":["DATA-004 invitation and membership concurrency"],"fullName":"DATA-004 invitation and membership concurrency AT-TRN-004/AT-NOTIF-001: tournament invite and membership races converge once","status":"passed","title":"AT-TRN-004/AT-NOTIF-001: tournament invite and membership races converge once","duration":1525.7743330000003,"failureMessages":[],"meta":{}},{"ancestorTitles":["DATA-004 invitation and membership concurrency"],"fullName":"DATA-004 invitation and membership concurrency AT-TEAM-002/AT-NOTIF-002/003: expiry and cancellation are terminal, non-actionable, and atomic","status":"passed","title":"AT-TEAM-002/AT-NOTIF-002/003: expiry and cancellation are terminal, non-actionable, and atomic","duration":1349.1392500000002,"failureMessages":[],"meta":{}}],"startTime":1789778326321,"endTime":1789778332592.1392,"status":"passed","message":"","name":"/Users/liubavskii/.codex/worktrees/c870/tab10/apps/api/src/data-004.integration.test.ts"},{"assertionResults":[{"ancestorTitles":["DATA-005/007 result void"],"fullName":"DATA-005/007 result void AT-MATCH-VOID-001/002 and AT-ADM-MATCH-005: creator void preserves facts, compensates once, and rejects hard delete","status":"passed","title":"AT-MATCH-VOID-001/002 and AT-ADM-MATCH-005: creator void preserves facts, compensates once, and rejects hard delete","duration":4995.223459000001,"failureMessages":[],"meta":{}},{"ancestorTitles":["DATA-005/007 result void"],"fullName":"DATA-005/007 result void AT-MATCH-VOID-002: an audit write failure rolls back status and stats compensation","status":"passed","title":"AT-MATCH-VOID-002: an audit write failure rolls back status and stats compensation","duration":1800.1940830000003,"failureMessages":[],"meta":{}},{"ancestorTitles":["DATA-005/007 result void"],"fullName":"DATA-005/007 result void AT-MATCH-VOID-001/002: concurrent replay of one key compensates and audits once","status":"passed","title":"AT-MATCH-VOID-001/002: concurrent replay of one key compensates and audits once","duration":1990.3552909999999,"failureMessages":[],"meta":{}},{"ancestorTitles":["DATA-005/007 result void"],"fullName":"DATA-005/007 result void AT-MATCH-VOID-003: participant, former judge, outsider, and stale creator leave match, stats, and audit unchanged","status":"passed","title":"AT-MATCH-VOID-003: participant, former judge, outsider, and stale creator leave match, stats, and audit unchanged","duration":1973.9012080000011,"failureMessages":[],"meta":{}},{"ancestorTitles":["DATA-005/007 result void"],"fullName":"DATA-005/007 result void AT-MATCH-VOID-003: active admin may void a stopped standalone result without a reason","status":"passed","title":"AT-MATCH-VOID-003: active admin may void a stopped standalone result without a reason","duration":2047.1613749999997,"failureMessages":[],"meta":{}},{"ancestorTitles":["DATA-005/007 result void"],"fullName":"DATA-005/007 result void DATA-007: tournament void compensates only the target result and preserves downstream history","status":"passed","title":"DATA-007: tournament void compensates only the target result and preserves downstream history","duration":2170.460167000001,"failureMessages":[],"meta":{}}],"startTime":1789778298793,"endTime":1789778313770.4602,"status":"passed","message":"","name":"/Users/liubavskii/.codex/worktrees/c870/tab10/apps/api/src/data-005.integration.test.ts"},{"assertionResults":[{"ancestorTitles":["match and judge integration"],"fullName":"match and judge integration INT_match__get_after_create_returns_activeJudge","status":"passed","title":"INT_match__get_after_create_returns_activeJudge","duration":1931.4057500000001,"failureMessages":[],"meta":{}},{"ancestorTitles":["match and judge integration"],"fullName":"match and judge integration INT_match__create_judge_score_confirm","status":"passed","title":"INT_match__create_judge_score_confirm","duration":793.916917,"failureMessages":[],"meta":{}},{"ancestorTitles":["match and judge integration"],"fullName":"match and judge integration INT_judge__atomic_acquire","status":"passed","title":"INT_judge__atomic_acquire","duration":725.1660829999996,"failureMessages":[],"meta":{}},{"ancestorTitles":["match and judge integration"],"fullName":"match and judge integration AT-JUDGE-003: release then another participant acquires","status":"passed","title":"AT-JUDGE-003: release then another participant acquires","duration":739.2874170000005,"failureMessages":[],"meta":{}},{"ancestorTitles":["match and judge integration"],"fullName":"match and judge integration AT-JUDGE-003/005: heartbeat reports unauthorized and lost lock deterministically","status":"passed","title":"AT-JUDGE-003/005: heartbeat reports unauthorized and lost lock deterministically","duration":733.9361660000004,"failureMessages":[],"meta":{}},{"ancestorTitles":["match and judge integration"],"fullName":"match and judge integration JUDGE-002: any active user can acquire free judge slot","status":"passed","title":"JUDGE-002: any active user can acquire free judge slot","duration":790.9909579999994,"failureMessages":[],"meta":{}},{"ancestorTitles":["match and judge integration"],"fullName":"match and judge integration AT-MATCH-004: mercy 5:0 proposes finish","status":"passed","title":"AT-MATCH-004: mercy 5:0 proposes finish","duration":771.238042,"failureMessages":[],"meta":{}},{"ancestorTitles":["match and judge integration"],"fullName":"match and judge integration AT-MATCH-004b: 5:1 is not dry mercy finish","status":"passed","title":"AT-MATCH-004b: 5:1 is not dry mercy finish","duration":773.3442500000001,"failureMessages":[],"meta":{}},{"ancestorTitles":["match and judge integration"],"fullName":"match and judge integration AT-MATCH-004c: undo accidental point then 5:0 is mercy","status":"passed","title":"AT-MATCH-004c: undo accidental point then 5:0 is mercy","duration":775.9101250000003,"failureMessages":[],"meta":{}},{"ancestorTitles":["match and judge integration"],"fullName":"match and judge integration INT_judge__setup_swap_sides_and_server","status":"passed","title":"INT_judge__setup_swap_sides_and_server","duration":704.8809160000001,"failureMessages":[],"meta":{}},{"ancestorTitles":["match and judge integration"],"fullName":"match and judge integration INT_trn__bracket_from_collecting","status":"passed","title":"INT_trn__bracket_from_collecting","duration":754.9598339999993,"failureMessages":[],"meta":{}},{"ancestorTitles":["match and judge integration"],"fullName":"match and judge integration create with organizerParticipates includes organizer + displayName","status":"passed","title":"create with organizerParticipates includes organizer + displayName","duration":653.1672920000001,"failureMessages":[],"meta":{}},{"ancestorTitles":["match and judge integration"],"fullName":"match and judge integration AT-TRN-001/004/007: generate needs 3+, closes roster, dissolve","status":"passed","title":"AT-TRN-001/004/007: generate needs 3+, closes roster, dissolve","duration":769.3124169999992,"failureMessages":[],"meta":{}},{"ancestorTitles":["match and judge integration"],"fullName":"match and judge integration AT-TRN-008: withdraw after generate → needs_regeneration","status":"passed","title":"AT-TRN-008: withdraw after generate → needs_regeneration","duration":750.5349999999999,"failureMessages":[],"meta":{}},{"ancestorTitles":["match and judge integration"],"fullName":"match and judge integration AT-TRN-014: cancel before start → cancelled; withdraw non-participant → NOT_A_PARTICIPANT","status":"passed","title":"AT-TRN-014: cancel before start → cancelled; withdraw non-participant → NOT_A_PARTICIPANT","duration":679.2557079999988,"failureMessages":[],"meta":{}},{"ancestorTitles":["match and judge integration"],"fullName":"match and judge integration AT-TRN-006/010/012: start matches, advance, stop","status":"passed","title":"AT-TRN-006/010/012: start matches, advance, stop","duration":1201.252375,"failureMessages":[],"meta":{}},{"ancestorTitles":["match and judge integration"],"fullName":"match and judge integration AT-TRN-011: DE generate has losers and can start","status":"passed","title":"AT-TRN-011: DE generate has losers and can start","duration":811.3679169999996,"failureMessages":[],"meta":{}},{"ancestorTitles":["match and judge integration"],"fullName":"match and judge integration INT_team__invite_and_accept","status":"passed","title":"INT_team__invite_and_accept","duration":723.0081659999996,"failureMessages":[],"meta":{}},{"ancestorTitles":["match and judge integration"],"fullName":"match and judge integration INT_tutorial__no_stats","status":"passed","title":"INT_tutorial__no_stats","duration":645.508249999999,"failureMessages":[],"meta":{}},{"ancestorTitles":["match and judge integration"],"fullName":"match and judge integration construction algorithm: defaults, preserve, switch, DE compact, unknown","status":"passed","title":"construction algorithm: defaults, preserve, switch, DE compact, unknown","duration":1624.5434999999998,"failureMessages":[],"meta":{}},{"ancestorTitles":["match and judge integration"],"fullName":"match and judge integration AT-ADM-MATCH-001: non-admin cannot force-close or delete","status":"passed","title":"AT-ADM-MATCH-001: non-admin cannot force-close or delete","duration":653.3422080000018,"failureMessages":[],"meta":{}},{"ancestorTitles":["match and judge integration"],"fullName":"match and judge integration AT-ADM-MATCH-002: force-close stuck in_progress clears PLAYER_BUSY","status":"passed","title":"AT-ADM-MATCH-002: force-close stuck in_progress clears PLAYER_BUSY","duration":723.5448329999999,"failureMessages":[],"meta":{}},{"ancestorTitles":["match and judge integration"],"fullName":"match and judge integration AT-ADM-MATCH-003: force-close waiting standalone unblocks tournament start","status":"passed","title":"AT-ADM-MATCH-003: force-close waiting standalone unblocks tournament start","duration":767.1520840000012,"failureMessages":[],"meta":{}},{"ancestorTitles":["match and judge integration"],"fullName":"match and judge integration AT-ADM-MATCH-004: tournament match force-close/delete forbidden","status":"passed","title":"AT-ADM-MATCH-004: tournament match force-close/delete forbidden","duration":774.2341670000023,"failureMessages":[],"meta":{}},{"ancestorTitles":["match and judge integration"],"fullName":"match and judge integration AT-ADM-MATCH-007: hard delete finished is rejected without changing rankings","status":"passed","title":"AT-ADM-MATCH-007: hard delete finished is rejected without changing rankings","duration":743.6267079999998,"failureMessages":[],"meta":{}},{"ancestorTitles":["match and judge integration"],"fullName":"match and judge integration AT-ADM-MATCH-006: force-close on finished → MATCH_NOT_ACTIVE","status":"passed","title":"AT-ADM-MATCH-006: force-close on finished → MATCH_NOT_ACTIVE","duration":727.4854580000028,"failureMessages":[],"meta":{}},{"ancestorTitles":["match and judge integration"],"fullName":"match and judge integration AT-MATCH-CANCEL-001: organizer cancels waiting → frees tournament start","status":"passed","title":"AT-MATCH-CANCEL-001: organizer cancels waiting → frees tournament start","duration":765.5744159999995,"failureMessages":[],"meta":{}},{"ancestorTitles":["match and judge integration"],"fullName":"match and judge integration AT-TRN-020/BUG-015: busy organizer with a bye cannot start and tournament state is unchanged","status":"passed","title":"AT-TRN-020/BUG-015: busy organizer with a bye cannot start and tournament state is unchanged","duration":761.9017499999973,"failureMessages":[],"meta":{}},{"ancestorTitles":["match and judge integration"],"fullName":"match and judge integration AT-TRN-020/BUG-015: busy participant with a bye cannot start and tournament state is unchanged","status":"passed","title":"AT-TRN-020/BUG-015: busy participant with a bye cannot start and tournament state is unchanged","duration":768.3581250000025,"failureMessages":[],"meta":{}},{"ancestorTitles":["match and judge integration"],"fullName":"match and judge integration AT-MATCH-CANCEL-002: non-participant cannot cancel","status":"passed","title":"AT-MATCH-CANCEL-002: non-participant cannot cancel","duration":656.3824170000007,"failureMessages":[],"meta":{}},{"ancestorTitles":["match and judge integration"],"fullName":"match and judge integration AT-MATCH-CANCEL-003: tournament match cancel forbidden","status":"passed","title":"AT-MATCH-CANCEL-003: tournament match cancel forbidden","duration":766.8899999999994,"failureMessages":[],"meta":{}},{"ancestorTitles":["INT_migrations__apply_from_scratch"],"fullName":"INT_migrations__apply_from_scratch applies schema on empty pglite","status":"passed","title":"applies schema on empty pglite","duration":452.48533399999724,"failureMessages":[],"meta":{}},{"ancestorTitles":["INT_migrations__apply_from_scratch"],"fullName":"INT_migrations__apply_from_scratch backfills existing Po2 V2 as power_of_two not compact","status":"passed","title":"backfills existing Po2 V2 as power_of_two not compact","duration":450.64483299999847,"failureMessages":[],"meta":{}}],"startTime":1789778334035,"endTime":1789778360399.6448,"status":"passed","message":"","name":"/Users/liubavskii/.codex/worktrees/c870/tab10/apps/api/src/domain.integration.test.ts"},{"assertionResults":[{"ancestorTitles":["GAP-004 complete ranking slice"],"fullName":"GAP-004 complete ranking slice RANK-002/004 + D3/Q2: filters to current active teammates and returns the all-time team aggregate","status":"passed","title":"RANK-002/004 + D3/Q2: filters to current active teammates and returns the all-time team aggregate","duration":2359.31875,"failureMessages":[],"meta":{}},{"ancestorTitles":["GAP-004 complete ranking slice"],"fullName":"GAP-004 complete ranking slice RANK-004: rejects arbitrary team access and malformed ranking queries without leaking a team","status":"passed","title":"RANK-004: rejects arbitrary team access and malformed ranking queries without leaking a team","duration":1529.882709,"failureMessages":[],"meta":{}}],"startTime":1789778329300,"endTime":1789778333189.8828,"status":"passed","message":"","name":"/Users/liubavskii/.codex/worktrees/c870/tab10/apps/api/src/gap-004.integration.test.ts"},{"assertionResults":[{"ancestorTitles":["GAP-005 match and judge completion slice"],"fullName":"GAP-005 match and judge completion slice AT-MATCH-013: persists complete 2v2 custom rules and random first-server mode","status":"passed","title":"AT-MATCH-013: persists complete 2v2 custom rules and random first-server mode","duration":4236.305583,"failureMessages":[],"meta":{}},{"ancestorTitles":["GAP-005 match and judge completion slice"],"fullName":"GAP-005 match and judge completion slice JUDGE-001: nonparticipant setup does not start the timer before creator start","status":"passed","title":"JUDGE-001: nonparticipant setup does not start the timer before creator start","duration":1583.81275,"failureMessages":[],"meta":{}},{"ancestorTitles":["GAP-005 match and judge completion slice"],"fullName":"GAP-005 match and judge completion slice MATCH-005: manual first-server mode cannot start without a roster participant","status":"passed","title":"MATCH-005: manual first-server mode cannot start without a roster participant","duration":1308.962791,"failureMessages":[],"meta":{}},{"ancestorTitles":["GAP-005 match and judge completion slice"],"fullName":"GAP-005 match and judge completion slice AT-MATCH-003/005: keeps the original serve anchor through points, correction and undo","status":"passed","title":"AT-MATCH-003/005: keeps the original serve anchor through points, correction and undo","duration":1461.6172499999993,"failureMessages":[],"meta":{}},{"ancestorTitles":["GAP-005 match and judge completion slice"],"fullName":"GAP-005 match and judge completion slice JUDGE-011: judge setup cannot bypass audited server correction after a point","status":"passed","title":"JUDGE-011: judge setup cannot bypass audited server correction after a point","duration":1334.0076250000002,"failureMessages":[],"meta":{}},{"ancestorTitles":["GAP-005 match and judge completion slice"],"fullName":"GAP-005 match and judge completion slice AT-MATCH-010: no-show records a winner and reason without inventing score","status":"passed","title":"AT-MATCH-010: no-show records a winner and reason without inventing score","duration":1120.7763750000013,"failureMessages":[],"meta":{}},{"ancestorTitles":["GAP-005 match and judge completion slice"],"fullName":"GAP-005 match and judge completion slice AT-MATCH-010: rolls back no-show state and side effects when progression fails","status":"passed","title":"AT-MATCH-010: rolls back no-show state and side effects when progression fails","duration":1062.2805000000008,"failureMessages":[],"meta":{}},{"ancestorTitles":["GAP-005 match and judge completion slice"],"fullName":"GAP-005 match and judge completion slice AT-JUDGE-004: handover reserves for target and target atomically acquires","status":"passed","title":"AT-JUDGE-004: handover reserves for target and target atomically acquires","duration":1007.4046669999989,"failureMessages":[],"meta":{}},{"ancestorTitles":["GAP-005 match and judge completion slice"],"fullName":"GAP-005 match and judge completion slice AT-JUDGE-004: a former judge loses active-match visibility and stop authority after handover","status":"passed","title":"AT-JUDGE-004: a former judge loses active-match visibility and stop authority after handover","duration":1010.838749999999,"failureMessages":[],"meta":{}},{"ancestorTitles":["GAP-005 match and judge completion slice"],"fullName":"GAP-005 match and judge completion slice MATCH-010: only the judge session that confirmed may replay confirmation after handover","status":"passed","title":"MATCH-010: only the judge session that confirmed may replay confirmation after handover","duration":1106.7774170000012,"failureMessages":[],"meta":{}},{"ancestorTitles":["GAP-005 match and judge completion slice"],"fullName":"GAP-005 match and judge completion slice JUDGE-004/007: one target cannot hold reservations for two matches","status":"passed","title":"JUDGE-004/007: one target cannot hold reservations for two matches","duration":879.0327499999985,"failureMessages":[],"meta":{}},{"ancestorTitles":["GAP-005 match and judge completion slice"],"fullName":"GAP-005 match and judge completion slice JUDGE-011/012: manual correction is judge-only, versioned and audit-only in clean point history","status":"passed","title":"JUDGE-011/012: manual correction is judge-only, versioned and audit-only in clean point history","duration":1149.433208999999,"failureMessages":[],"meta":{}}],"startTime":1789778298834,"endTime":1789778316095.433,"status":"passed","message":"","name":"/Users/liubavskii/.codex/worktrees/c870/tab10/apps/api/src/gap-005.integration.test.ts"},{"assertionResults":[{"ancestorTitles":[],"fullName":"GAP-006 start rolls back matches, status and notifications on downstream failure","status":"passed","title":"GAP-006 start rolls back matches, status and notifications on downstream failure","duration":2030.5188750000002,"failureMessages":[],"meta":{}},{"ancestorTitles":[],"fullName":"GAP-006 stop rolls back match and judge changes, then releases judges atomically","status":"passed","title":"GAP-006 stop rolls back match and judge changes, then releases judges atomically","duration":1117.5756250000004,"failureMessages":[],"meta":{}}],"startTime":1789778329982,"endTime":1789778333130.5757,"status":"passed","message":"","name":"/Users/liubavskii/.codex/worktrees/c870/tab10/apps/api/src/gap-006-lifecycle.integration.test.ts"},{"assertionResults":[{"ancestorTitles":[],"fullName":"GAP-006 API: persisted outcome summary, stopped suppression and D33 void statistics","status":"passed","title":"GAP-006 API: persisted outcome summary, stopped suppression and D33 void statistics","duration":2556.252167,"failureMessages":[],"meta":{}}],"startTime":1789778328756,"endTime":1789778331312.2522,"status":"passed","message":"","name":"/Users/liubavskii/.codex/worktrees/c870/tab10/apps/api/src/gap-006.integration.test.ts"},{"assertionResults":[{"ancestorTitles":["GAP-007 team lifecycle"],"fullName":"GAP-007 team lifecycle TEAM-001: captain membership failure rolls back team creation","status":"passed","title":"TEAM-001: captain membership failure rolls back team creation","duration":2812.649292,"failureMessages":[],"meta":{}},{"ancestorTitles":["GAP-007 team lifecycle"],"fullName":"GAP-007 team lifecycle TEAM-001/003/006: exposes safe member DTO and enforces captain lifecycle rights","status":"passed","title":"TEAM-001/003/006: exposes safe member DTO and enforces captain lifecycle rights","duration":2547.258958,"failureMessages":[],"meta":{}},{"ancestorTitles":["GAP-007 team lifecycle"],"fullName":"GAP-007 team lifecycle TEAM-004: pending invitee may read metadata but only captain sees invitations","status":"passed","title":"TEAM-004: pending invitee may read metadata but only captain sees invitations","duration":1571.3132910000004,"failureMessages":[],"meta":{}},{"ancestorTitles":["GAP-007 team lifecycle"],"fullName":"GAP-007 team lifecycle TEAM-007: blocking a captain atomically revokes sessions, audits, and assigns earliest active member","status":"passed","title":"TEAM-007: blocking a captain atomically revokes sessions, audits, and assigns earliest active member","duration":1237.7139159999997,"failureMessages":[],"meta":{}},{"ancestorTitles":["GAP-007 team lifecycle"],"fullName":"GAP-007 team lifecycle ADM-003: block revalidates the acting administrator inside the transaction","status":"passed","title":"ADM-003: block revalidates the acting administrator inside the transaction","duration":1114.628666999999,"failureMessages":[],"meta":{}},{"ancestorTitles":["GAP-007 team lifecycle"],"fullName":"GAP-007 team lifecycle TEAM-008: blocking a sole captain archives the team and cancels pending invitations","status":"passed","title":"TEAM-008: blocking a sole captain archives the team and cancels pending invitations","duration":1532.7722080000003,"failureMessages":[],"meta":{}},{"ancestorTitles":["GAP-007 team lifecycle"],"fullName":"GAP-007 team lifecycle TEAM-007: downstream captain notification failure rolls back the complete block","status":"passed","title":"TEAM-007: downstream captain notification failure rolls back the complete block","duration":1162.9576659999984,"failureMessages":[],"meta":{}},{"ancestorTitles":["GAP-007 team lifecycle"],"fullName":"GAP-007 team lifecycle TEAM-001: a blocked user cannot create a team","status":"passed","title":"TEAM-001: a blocked user cannot create a team","duration":791.643,"failureMessages":[],"meta":{}}],"startTime":1789778314893,"endTime":1789778327664.643,"status":"passed","message":"","name":"/Users/liubavskii/.codex/worktrees/c870/tab10/apps/api/src/gap-007.integration.test.ts"},{"assertionResults":[{"ancestorTitles":[],"fullName":"GAP-008 API keeps invitations voluntary while enforcing actors, strict patches, and expiry","status":"passed","title":"GAP-008 API keeps invitations voluntary while enforcing actors, strict patches, and expiry","duration":1991.0243340000002,"failureMessages":[],"meta":{}}],"startTime":1789778333654,"endTime":1789778335645.0244,"status":"passed","message":"","name":"/Users/liubavskii/.codex/worktrees/c870/tab10/apps/api/src/gap-008-api.integration.test.ts"},{"assertionResults":[{"ancestorTitles":["GAP-008 transactional event notifications"],"fullName":"GAP-008 transactional event notifications notifies distinct registered participants once for match stop and cancel","status":"passed","title":"notifies distinct registered participants once for match stop and cancel","duration":2289.958459,"failureMessages":[],"meta":{}},{"ancestorTitles":["GAP-008 transactional event notifications"],"fullName":"GAP-008 transactional event notifications notifies only the handover target and does not duplicate a replay","status":"passed","title":"notifies only the handover target and does not duplicate a replay","duration":1160.5767080000005,"failureMessages":[],"meta":{}},{"ancestorTitles":["GAP-008 transactional event notifications"],"fullName":"GAP-008 transactional event notifications notifies the target for each effective account access change without secrets","status":"passed","title":"notifies the target for each effective account access change without secrets","duration":1617.0376670000005,"failureMessages":[],"meta":{}},{"ancestorTitles":["GAP-008 transactional event notifications"],"fullName":"GAP-008 transactional event notifications notifies active tournament participants on stop and a teammate on direct addition","status":"passed","title":"notifies active tournament participants on stop and a teammate on direct addition","duration":1456.10675,"failureMessages":[],"meta":{}},{"ancestorTitles":["GAP-008 transactional event notifications"],"fullName":"GAP-008 transactional event notifications stores stable terminal reasons when tournament invitations close","status":"passed","title":"stores stable terminal reasons when tournament invitations close","duration":1405.0233750000007,"failureMessages":[],"meta":{}},{"ancestorTitles":["GAP-008 transactional event notifications"],"fullName":"GAP-008 transactional event notifications rolls back source transitions when event notification persistence fails","status":"passed","title":"rolls back source transitions when event notification persistence fails","duration":1142.8633339999997,"failureMessages":[],"meta":{}}],"startTime":1789778324162,"endTime":1789778333233.8633,"status":"passed","message":"","name":"/Users/liubavskii/.codex/worktrees/c870/tab10/apps/api/src/gap-008-event-notifications.integration.test.ts"},{"assertionResults":[{"ancestorTitles":[],"fullName":"GAP-008 read player invitation stays actionable until exact expiry, then history records timeout","status":"passed","title":"GAP-008 read player invitation stays actionable until exact expiry, then history records timeout","duration":2458.677542,"failureMessages":[],"meta":{}},{"ancestorTitles":[],"fullName":"GAP-008 event and roster invalidation retain nonactionable invitation history","status":"passed","title":"GAP-008 event and roster invalidation retain nonactionable invitation history","duration":748.0337909999998,"failureMessages":[],"meta":{}},{"ancestorTitles":[],"fullName":"GAP-008 cancelled event keeps its terminal invitation reason","status":"passed","title":"GAP-008 cancelled event keeps its terminal invitation reason","duration":818.2717080000002,"failureMessages":[],"meta":{}},{"ancestorTitles":[],"fullName":"GAP-008 finished event keeps its terminal invitation reason","status":"passed","title":"GAP-008 finished event keeps its terminal invitation reason","duration":733.8729999999996,"failureMessages":[],"meta":{}},{"ancestorTitles":[],"fullName":"GAP-008 stopped event keeps its terminal invitation reason","status":"passed","title":"GAP-008 stopped event keeps its terminal invitation reason","duration":716.0310000000009,"failureMessages":[],"meta":{}},{"ancestorTitles":[],"fullName":"GAP-008 removed participant keeps historical identity with a roster reason","status":"passed","title":"GAP-008 removed participant keeps historical identity with a roster reason","duration":636.4918749999997,"failureMessages":[],"meta":{}},{"ancestorTitles":[],"fullName":"GAP-029 projects visible notifications before count and first five without reading hidden invitations","status":"passed","title":"GAP-029 projects visible notifications before count and first five without reading hidden invitations","duration":647.086292,"failureMessages":[],"meta":{}},{"ancestorTitles":[],"fullName":"GAP-029 opt-in endpoints agree while legacy API and pending invitation remain intact","status":"passed","title":"GAP-029 opt-in endpoints agree while legacy API and pending invitation remain intact","duration":761.4595000000008,"failureMessages":[],"meta":{}},{"ancestorTitles":[],"fullName":"GAP-029 legacy read-visible still marks an own hidden invitation notification read","status":"passed","title":"GAP-029 legacy read-visible still marks an own hidden invitation notification read","duration":808.0346669999999,"failureMessages":[],"meta":{}}],"startTime":1789778298695,"endTime":1789778307024.0347,"status":"passed","message":"","name":"/Users/liubavskii/.codex/worktrees/c870/tab10/apps/api/src/gap-008-notifications.integration.test.ts"},{"assertionResults":[{"ancestorTitles":["GAP-008 voluntary match invitation lifecycle"],"fullName":"GAP-008 voluntary match invitation lifecycle keeps selected players direct by default and explicitly invites teammates, opponents, and a judge","status":"passed","title":"keeps selected players direct by default and explicitly invites teammates, opponents, and a judge","duration":3723.8632500000003,"failureMessages":[],"meta":{}},{"ancestorTitles":["GAP-008 voluntary match invitation lifecycle"],"fullName":"GAP-008 voluntary match invitation lifecycle starts without player acceptance and closes every pending voluntary invitation","status":"passed","title":"starts without player acceptance and closes every pending voluntary invitation","duration":1477.6131249999999,"failureMessages":[],"meta":{}},{"ancestorTitles":["GAP-008 voluntary match invitation lifecycle"],"fullName":"GAP-008 voluntary match invitation lifecycle persists expiry, allows an explicit reinvite, and keeps an accepted response immutable","status":"passed","title":"persists expiry, allows an explicit reinvite, and keeps an accepted response immutable","duration":1151.669041,"failureMessages":[],"meta":{}},{"ancestorTitles":["GAP-008 voluntary match invitation lifecycle"],"fullName":"GAP-008 voluntary match invitation lifecycle closes old-side pending history on swap and waits for an explicit new invitation","status":"passed","title":"closes old-side pending history on swap and waits for an explicit new invitation","duration":1073.110791,"failureMessages":[],"meta":{}},{"ancestorTitles":["GAP-008 voluntary match invitation lifecycle"],"fullName":"GAP-008 voluntary match invitation lifecycle retains accepted roster identity and closes only removed pending invitation history","status":"passed","title":"retains accepted roster identity and closes only removed pending invitation history","duration":1128.960500000001,"failureMessages":[],"meta":{}},{"ancestorTitles":["GAP-008 voluntary match invitation lifecycle"],"fullName":"GAP-008 voluntary match invitation lifecycle rolls back side swap, invitation cancellation, and notification read on persistence failure","status":"passed","title":"rolls back side swap, invitation cancellation, and notification read on persistence failure","duration":1099.3966660000006,"failureMessages":[],"meta":{}},{"ancestorTitles":["GAP-008 voluntary match invitation lifecycle"],"fullName":"GAP-008 voluntary match invitation lifecycle cancels pending invitation history when a waiting match is cancelled","status":"passed","title":"cancels pending invitation history when a waiting match is cancelled","duration":849.5794580000002,"failureMessages":[],"meta":{}},{"ancestorTitles":["GAP-008 voluntary match invitation lifecycle"],"fullName":"GAP-008 voluntary match invitation lifecycle rolls back match, roster, invitation, and notification when explicit invitation persistence fails","status":"passed","title":"rolls back match, roster, invitation, and notification when explicit invitation persistence fails","duration":864.199290999999,"failureMessages":[],"meta":{}},{"ancestorTitles":["GAP-008 voluntary match invitation lifecycle"],"fullName":"GAP-008 voluntary match invitation lifecycle admin purge clears unread invitation state while retaining terminal notification history","status":"passed","title":"admin purge clears unread invitation state while retaining terminal notification history","duration":834.1156250000004,"failureMessages":[],"meta":{}}],"startTime":1789778298829,"endTime":1789778311031.1157,"status":"passed","message":"","name":"/Users/liubavskii/.codex/worktrees/c870/tab10/apps/api/src/gap-008.integration.test.ts"},{"assertionResults":[{"ancestorTitles":[],"fullName":"GAP-009 completes existing FAQ, corrects D7 and remains idempotent","status":"passed","title":"GAP-009 completes existing FAQ, corrects D7 and remains idempotent","duration":2302.7284170000003,"failureMessages":[],"meta":{}},{"ancestorTitles":[],"fullName":"GAP-029 updates only the built-in invitation FAQ without changing custom articles","status":"passed","title":"GAP-029 updates only the built-in invitation FAQ without changing custom articles","duration":1328.9848749999996,"failureMessages":[],"meta":{}},{"ancestorTitles":[],"fullName":"GAP-009 validates feedback kinds and text before persistence","status":"passed","title":"GAP-009 validates feedback kinds and text before persistence","duration":1192.1702919999998,"failureMessages":[],"meta":{}},{"ancestorTitles":[],"fullName":"GAP-009 feedback API rejects invalid and unauthenticated submissions","status":"passed","title":"GAP-009 feedback API rejects invalid and unauthenticated submissions","duration":1149.5179579999995,"failureMessages":[],"meta":{}}],"startTime":1789778327582,"endTime":1789778333555.518,"status":"passed","message":"","name":"/Users/liubavskii/.codex/worktrees/c870/tab10/apps/api/src/gap-009.integration.test.ts"},{"assertionResults":[{"ancestorTitles":["GAP-010 admin user catalog and edit"],"fullName":"GAP-010 admin user catalog and edit ADM-002 returns filtered safe profile DTOs and validates the query","status":"passed","title":"ADM-002 returns filtered safe profile DTOs and validates the query","duration":1687.8056659999997,"failureMessages":[],"meta":{}},{"ancestorTitles":["GAP-010 admin user catalog and edit"],"fullName":"GAP-010 admin user catalog and edit ADM-004/008 preserves sessions for profile edits and revokes them for role changes","status":"passed","title":"ADM-004/008 preserves sessions for profile edits and revokes them for role changes","duration":977.1738329999994,"failureMessages":[],"meta":{}},{"ancestorTitles":["GAP-010 admin user catalog and edit"],"fullName":"GAP-010 admin user catalog and edit ADM-008 rolls back a combined edit and session revocation when audit persistence fails","status":"passed","title":"ADM-008 rolls back a combined edit and session revocation when audit persistence fails","duration":929.027,"failureMessages":[],"meta":{}},{"ancestorTitles":["GAP-010 admin user catalog and edit"],"fullName":"GAP-010 admin user catalog and edit ADM-003/004 rejects non-admin edits, empty bodies, immutable email and invalid profile fields","status":"passed","title":"ADM-003/004 rejects non-admin edits, empty bodies, immutable email and invalid profile fields","duration":921.9224170000007,"failureMessages":[],"meta":{}},{"ancestorTitles":["GAP-010 admin user catalog and edit"],"fullName":"GAP-010 admin user catalog and edit ADM-004 rejects a stale demoted admin before unblock mutates the target","status":"passed","title":"ADM-004 rejects a stale demoted admin before unblock mutates the target","duration":644.991,"failureMessages":[],"meta":{}},{"ancestorTitles":["GAP-010 admin user catalog and edit"],"fullName":"GAP-010 admin user catalog and edit ADM-004 rejects a stale demoted admin before reset mutates the target","status":"passed","title":"ADM-004 rejects a stale demoted admin before reset mutates the target","duration":727.4930000000004,"failureMessages":[],"meta":{}}],"startTime":1789778317642,"endTime":1789778323530.493,"status":"passed","message":"","name":"/Users/liubavskii/.codex/worktrees/c870/tab10/apps/api/src/gap-010.integration.test.ts"},{"assertionResults":[{"ancestorTitles":["GAP-012 operator-first game setup"],"fullName":"GAP-012 operator-first game setup exposes the operator-first policy through the HTTP contract and returns actionable conflicts","status":"passed","title":"exposes the operator-first policy through the HTTP contract and returns actionable conflicts","duration":2223.7484999999997,"failureMessages":[],"meta":{}},{"ancestorTitles":["GAP-012 operator-first game setup"],"fullName":"GAP-012 operator-first game setup does not auto-invite selected players and starts A-vs-B by nonplaying C with explicit voluntary invitations pending","status":"passed","title":"does not auto-invite selected players and starts A-vs-B by nonplaying C with explicit voluntary invitations pending","duration":1330.8804169999999,"failureMessages":[],"meta":{}},{"ancestorTitles":["GAP-012 operator-first game setup"],"fullName":"GAP-012 operator-first game setup persists both tournament policies and limits required-consent override to organizer/admin with named audit","status":"passed","title":"persists both tournament policies and limits required-consent override to organizer/admin with named audit","duration":1367.519625,"failureMessages":[],"meta":{}},{"ancestorTitles":["GAP-012 operator-first game setup"],"fullName":"GAP-012 operator-first game setup adds once to a generated bracket, regenerates atomically and replays the idempotency key","status":"passed","title":"adds once to a generated bracket, regenerates atomically and replays the idempotency key","duration":1001.2506670000002,"failureMessages":[],"meta":{}},{"ancestorTitles":["GAP-012 operator-first game setup"],"fullName":"GAP-012 operator-first game setup preserves a legacy V1 manual seed swap when a confirmed add regenerates the bracket","status":"passed","title":"preserves a legacy V1 manual seed swap when a confirmed add regenerates the bracket","duration":637.661333,"failureMessages":[],"meta":{}},{"ancestorTitles":["GAP-012 operator-first game setup"],"fullName":"GAP-012 operator-first game setup rolls back participant, invitation closure, audit and bracket when regeneration fails","status":"passed","title":"rolls back participant, invitation closure, audit and bracket when regeneration fails","duration":815.7276659999989,"failureMessages":[],"meta":{}}],"startTime":1789778308318,"endTime":1789778315695.7278,"status":"passed","message":"","name":"/Users/liubavskii/.codex/worktrees/c870/tab10/apps/api/src/gap-012.integration.test.ts"},{"assertionResults":[{"ancestorTitles":["AT-VIS-003 history filters and pagination"],"fullName":"AT-VIS-003 history filters and pagination combines filters without leaking active/tutorial rows and keeps voided terminal but result-neutral","status":"passed","title":"combines filters without leaking active/tutorial rows and keeps voided terminal but result-neutral","duration":2584.619334,"failureMessages":[],"meta":{}},{"ancestorTitles":["AT-VIS-003 history filters and pagination"],"fullName":"AT-VIS-003 history filters and pagination HISTORY-002: filters finished tournament champions and non-champions without inventing other results","status":"passed","title":"HISTORY-002: filters finished tournament champions and non-champions without inventing other results","duration":1361.1098749999996,"failureMessages":[],"meta":{}},{"ancestorTitles":["AT-VIS-003 history filters and pagination"],"fullName":"AT-VIS-003 history filters and pagination uses a stable opaque cursor across equal timestamps","status":"passed","title":"uses a stable opaque cursor across equal timestamps","duration":1247.6022920000005,"failureMessages":[],"meta":{}},{"ancestorTitles":["AT-VIS-003 history filters and pagination"],"fullName":"AT-VIS-003 history filters and pagination HISTORY-002: searches only the participating actor's opposing side in doubles","status":"passed","title":"HISTORY-002: searches only the participating actor's opposing side in doubles","duration":1743.0611250000002,"failureMessages":[],"meta":{}},{"ancestorTitles":["AT-VIS-003 history filters and pagination"],"fullName":"AT-VIS-003 history filters and pagination filters current and historical judging without granting outsider access","status":"passed","title":"filters current and historical judging without granting outsider access","duration":1364.1945840000008,"failureMessages":[],"meta":{}},{"ancestorTitles":["AT-VIS-003 history filters and pagination"],"fullName":"AT-VIS-003 history filters and pagination rejects invalid filters/cursors and requires an active authenticated session","status":"passed","title":"rejects invalid filters/cursors and requires an active authenticated session","duration":1345.5674580000014,"failureMessages":[],"meta":{}}],"startTime":1789778312463,"endTime":1789778322109.5674,"status":"passed","message":"","name":"/Users/liubavskii/.codex/worktrees/c870/tab10/apps/api/src/history.integration.test.ts"},{"assertionResults":[{"ancestorTitles":["AT-HOME dashboard"],"fullName":"AT-HOME dashboard AT-HOME-001/002: returns active top-level events, complete hero, rival, recent feed, and month top-3","status":"passed","title":"AT-HOME-001/002: returns active top-level events, complete hero, rival, recent feed, and month top-3","duration":4290.293250000001,"failureMessages":[],"meta":{}},{"ancestorTitles":["AT-HOME dashboard"],"fullName":"AT-HOME dashboard AT-HOME-002: exposes explicit empty collections without inventing a rival","status":"passed","title":"AT-HOME-002: exposes explicit empty collections without inventing a rival","duration":1615.2917500000003,"failureMessages":[],"meta":{}},{"ancestorTitles":["AT-HOME dashboard"],"fullName":"AT-HOME dashboard AT-HOME-001/003: keeps a running game ahead of newer organizer work","status":"passed","title":"AT-HOME-001/003: keeps a running game ahead of newer organizer work","duration":1480.4221669999988,"failureMessages":[],"meta":{}},{"ancestorTitles":["AT-HOME dashboard"],"fullName":"AT-HOME dashboard AT-HOME-001/003: player history and stats survive more than 50 newer club results","status":"passed","title":"AT-HOME-001/003: player history and stats survive more than 50 newer club results","duration":2215.2708330000005,"failureMessages":[],"meta":{}},{"ancestorTitles":["AT-HOME dashboard"],"fullName":"AT-HOME dashboard AT-HOME-001: full personal history keeps exact stats with bounded match details","status":"passed","title":"AT-HOME-001: full personal history keeps exact stats with bounded match details","duration":2772.0460000000003,"failureMessages":[],"meta":{}},{"ancestorTitles":["AT-HOME dashboard"],"fullName":"AT-HOME dashboard AT-HOME-001/003: summarizes a foreign active tournament for admin without loading every match detail","status":"passed","title":"AT-HOME-001/003: summarizes a foreign active tournament for admin without loading every match detail","duration":1725.3022089999995,"failureMessages":[],"meta":{}},{"ancestorTitles":["AT-HOME dashboard"],"fullName":"AT-HOME dashboard AT-HOME-001: tournament winners include registered and guest names without full match details","status":"passed","title":"AT-HOME-001: tournament winners include registered and guest names without full match details","duration":1621.5870830000003,"failureMessages":[],"meta":{}},{"ancestorTitles":["AT-HOME dashboard"],"fullName":"AT-HOME dashboard AT-HOME-003: current judge work ends after release and an active card drops historical judge attribution","status":"passed","title":"AT-HOME-003: current judge work ends after release and an active card drops historical judge attribution","duration":2032.3564589999987,"failureMessages":[],"meta":{}},{"ancestorTitles":["AT-HOME dashboard"],"fullName":"AT-HOME dashboard AT-HOME-003: a current tournament judge precedes participation without an active own game","status":"passed","title":"AT-HOME-003: a current tournament judge precedes participation without an active own game","duration":3476.2528329999986,"failureMessages":[],"meta":{}}],"startTime":1789778298812,"endTime":1789778320041.253,"status":"passed","message":"","name":"/Users/liubavskii/.codex/worktrees/c870/tab10/apps/api/src/home.integration.test.ts"},{"assertionResults":[{"ancestorTitles":["AT-TRN-015 legacy V1 double-elimination"],"fullName":"AT-TRN-015 legacy V1 double-elimination rejects 'start' before any mutation","status":"passed","title":"rejects 'start' before any mutation","duration":3151.188416,"failureMessages":[],"meta":{}},{"ancestorTitles":["AT-TRN-015 legacy V1 double-elimination"],"fullName":"AT-TRN-015 legacy V1 double-elimination rejects 'patch' before any mutation","status":"passed","title":"rejects 'patch' before any mutation","duration":1385.2999170000003,"failureMessages":[],"meta":{}},{"ancestorTitles":["AT-TRN-015 legacy V1 double-elimination"],"fullName":"AT-TRN-015 legacy V1 double-elimination rejects 'regenerate' before any mutation","status":"passed","title":"rejects 'regenerate' before any mutation","duration":1462.8343749999995,"failureMessages":[],"meta":{}},{"ancestorTitles":["AT-TRN-015 legacy V1 double-elimination"],"fullName":"AT-TRN-015 legacy V1 double-elimination rejects 'dissolve' before any mutation","status":"passed","title":"rejects 'dissolve' before any mutation","duration":1226.4917500000001,"failureMessages":[],"meta":{}},{"ancestorTitles":["AT-TRN-015 legacy V1 double-elimination"],"fullName":"AT-TRN-015 legacy V1 double-elimination preserves the legacy V1 single-elimination start path","status":"passed","title":"preserves the legacy V1 single-elimination start path","duration":1736.6908330000006,"failureMessages":[],"meta":{}}],"startTime":1789778317293,"endTime":1789778326255.691,"status":"passed","message":"","name":"/Users/liubavskii/.codex/worktrees/c870/tab10/apps/api/src/legacy-bracket.integration.test.ts"},{"assertionResults":[{"ancestorTitles":["loadLocalEnv"],"fullName":"loadLocalEnv ignores a missing local env file","status":"passed","title":"ignores a missing local env file","duration":1.0227090000000203,"failureMessages":[],"meta":{}},{"ancestorTitles":["loadLocalEnv"],"fullName":"loadLocalEnv loads values without overriding an existing process value","status":"passed","title":"loads values without overriding an existing process value","duration":2.5357500000000073,"failureMessages":[],"meta":{}}],"startTime":1789778334279,"endTime":1789778334282.5356,"status":"passed","message":"","name":"/Users/liubavskii/.codex/worktrees/c870/tab10/apps/api/src/load-local-env.test.ts"},{"assertionResults":[{"ancestorTitles":["Phase 9 load — 10 parallel matches"],"fullName":"Phase 9 load — 10 parallel matches INT_load__ten_parallel_matches_meet_slo","status":"passed","title":"INT_load__ten_parallel_matches_meet_slo","duration":9956.197459,"failureMessages":[],"meta":{}}],"startTime":1789778314842,"endTime":1789778324798.1975,"status":"passed","message":"","name":"/Users/liubavskii/.codex/worktrees/c870/tab10/apps/api/src/load.integration.test.ts"},{"assertionResults":[{"ancestorTitles":["BUG-002 match action authorization"],"fullName":"BUG-002 match action authorization AT-MATCH-START-001: participant or outsider cannot start and state is unchanged","status":"passed","title":"AT-MATCH-START-001: participant or outsider cannot start and state is unchanged","duration":4317.730208,"failureMessages":[],"meta":{}},{"ancestorTitles":["BUG-002 match action authorization"],"fullName":"BUG-002 match action authorization AT-MATCH-STOP-001/002: participant is denied without side effects while current judge may stop","status":"passed","title":"AT-MATCH-STOP-001/002: participant is denied without side effects while current judge may stop","duration":1904.1255,"failureMessages":[],"meta":{}},{"ancestorTitles":["BUG-002 match action authorization"],"fullName":"BUG-002 match action authorization AT-MATCH-CANCEL-002: participant and current judge are denied without mutation","status":"passed","title":"AT-MATCH-CANCEL-002: participant and current judge are denied without mutation","duration":1517.408292000001,"failureMessages":[],"meta":{}},{"ancestorTitles":["BUG-002 match action authorization"],"fullName":"BUG-002 match action authorization AT-MATCH-CANCEL-001/004: creator cancel is idempotent and stale or malformed requests do not mutate","status":"passed","title":"AT-MATCH-CANCEL-001/004: creator cancel is idempotent and stale or malformed requests do not mutate","duration":1576.6292089999988,"failureMessages":[],"meta":{}},{"ancestorTitles":["BUG-002 match action authorization"],"fullName":"BUG-002 match action authorization AT-MATCH-CANCEL-002/004: active admin may cancel and force-close retry is idempotent","status":"passed","title":"AT-MATCH-CANCEL-002/004: active admin may cancel and force-close retry is idempotent","duration":1676.6285829999997,"failureMessages":[],"meta":{}},{"ancestorTitles":["BUG-002 match action authorization"],"fullName":"BUG-002 match action authorization AT-MATCH-CANCEL-004: concurrent keys apply cancel once and release the judge atomically","status":"passed","title":"AT-MATCH-CANCEL-004: concurrent keys apply cancel once and release the judge atomically","duration":1884.6338329999999,"failureMessages":[],"meta":{}}],"startTime":1789778298824,"endTime":1789778311701.6338,"status":"passed","message":"","name":"/Users/liubavskii/.codex/worktrees/c870/tab10/apps/api/src/match-authorization.integration.test.ts"},{"assertionResults":[{"ancestorTitles":[],"fullName":"MATCH-004 create options include only own active teams and real active opponents","status":"passed","title":"MATCH-004 create options include only own active teams and real active opponents","duration":1820.7109999999998,"failureMessages":[],"meta":{}}],"startTime":1789778333854,"endTime":1789778335674.711,"status":"passed","message":"","name":"/Users/liubavskii/.codex/worktrees/c870/tab10/apps/api/src/match-options.integration.test.ts"},{"assertionResults":[{"ancestorTitles":["DATA-001 match validation and invariants"],"fullName":"DATA-001 match validation and invariants INT_match__malformed_create_payloads_are_rejected_without_writes","status":"passed","title":"INT_match__malformed_create_payloads_are_rejected_without_writes","duration":2228.095083,"failureMessages":[],"meta":{}},{"ancestorTitles":["DATA-001 match validation and invariants"],"fullName":"DATA-001 match validation and invariants INT_match__invalid_rosters_and_rules_are_rejected_without_writes","status":"passed","title":"INT_match__invalid_rosters_and_rules_are_rejected_without_writes","duration":2264.2017080000005,"failureMessages":[],"meta":{}},{"ancestorTitles":["DATA-001 match validation and invariants"],"fullName":"DATA-001 match validation and invariants INT_match__blocked_participant_is_rejected_without_writes","status":"passed","title":"INT_match__blocked_participant_is_rejected_without_writes","duration":2320.080833,"failureMessages":[],"meta":{}},{"ancestorTitles":["DATA-001 match validation and invariants"],"fullName":"DATA-001 match validation and invariants INT_match__participant_insert_failure_rolls_back_match_and_roster","status":"passed","title":"INT_match__participant_insert_failure_rolls_back_match_and_roster","duration":2089.7184160000006,"failureMessages":[],"meta":{}},{"ancestorTitles":["DATA-001 match validation and invariants"],"fullName":"DATA-001 match validation and invariants INT_match__invalid_side_and_winner_leave_state_and_version_unchanged","status":"passed","title":"INT_match__invalid_side_and_winner_leave_state_and_version_unchanged","duration":1682.030041,"failureMessages":[],"meta":{}},{"ancestorTitles":["DATA-001 match validation and invariants"],"fullName":"DATA-001 match validation and invariants INT_match__start_revalidates_server_and_blocked_roster_without_writes","status":"passed","title":"INT_match__start_revalidates_server_and_blocked_roster_without_writes","duration":1601.0633749999997,"failureMessages":[],"meta":{}},{"ancestorTitles":["DATA-001 match validation and invariants"],"fullName":"DATA-001 match validation and invariants INT_match__cancelled_to_stopped_transition_is_rejected_without_side_effects","status":"passed","title":"INT_match__cancelled_to_stopped_transition_is_rejected_without_side_effects","duration":1696.6210410000003,"failureMessages":[],"meta":{}}],"startTime":1789778312857,"endTime":1789778326738.621,"status":"passed","message":"","name":"/Users/liubavskii/.codex/worktrees/c870/tab10/apps/api/src/match-validation.integration.test.ts"},{"assertionResults":[{"ancestorTitles":["BUG-012 persisted onboarding state"],"fullName":"BUG-012 persisted onboarding state AT-ONB-001 resumes the persisted step after a new login and completes once","status":"passed","title":"AT-ONB-001 resumes the persisted step after a new login and completes once","duration":2201.230917,"failureMessages":[],"meta":{}},{"ancestorTitles":["BUG-012 persisted onboarding state"],"fullName":"BUG-012 persisted onboarding state rejects an invalid step without changing persisted progress","status":"passed","title":"rejects an invalid step without changing persisted progress","duration":1224.7062499999997,"failureMessages":[],"meta":{}},{"ancestorTitles":["BUG-012 persisted onboarding state"],"fullName":"BUG-012 persisted onboarding state AT-ONB-002 restarts a completed onboarding from the first step","status":"passed","title":"AT-ONB-002 restarts a completed onboarding from the first step","duration":942.6230000000005,"failureMessages":[],"meta":{}},{"ancestorTitles":["BUG-012 onboarding migration"],"fullName":"BUG-012 onboarding migration keeps first-password accounts incomplete and does not force legacy active accounts into onboarding","status":"passed","title":"keeps first-password accounts incomplete and does not force legacy active accounts into onboarding","duration":660.1979160000001,"failureMessages":[],"meta":{}}],"startTime":1789778321514,"endTime":1789778326543.198,"status":"passed","message":"","name":"/Users/liubavskii/.codex/worktrees/c870/tab10/apps/api/src/onboarding.integration.test.ts"},{"assertionResults":[{"ancestorTitles":["AT-OPS-API-001 runtime OpenAPI contract"],"fullName":"AT-OPS-API-001 runtime OpenAPI contract covers every directly registered public operation exactly once","status":"passed","title":"covers every directly registered public operation exactly once","duration":2.4642499999999927,"failureMessages":[],"meta":{}},{"ancestorTitles":["AT-OPS-API-001 runtime OpenAPI contract"],"fullName":"AT-OPS-API-001 runtime OpenAPI contract uses the current repository release version","status":"passed","title":"uses the current repository release version","duration":0.252125000000035,"failureMessages":[],"meta":{}},{"ancestorTitles":["AT-OPS-API-001 runtime OpenAPI contract"],"fullName":"AT-OPS-API-001 runtime OpenAPI contract documents auth, CSRF, route parameters, request bodies and response schemas","status":"passed","title":"documents auth, CSRF, route parameters, request bodies and response schemas","duration":13.127207999999996,"failureMessages":[],"meta":{}},{"ancestorTitles":["AT-OPS-API-001 runtime OpenAPI contract"],"fullName":"AT-OPS-API-001 runtime OpenAPI contract keeps Wave B history, ranking, and nested profile DTOs distinct","status":"passed","title":"keeps Wave B history, ranking, and nested profile DTOs distinct","duration":0.4865419999999858,"failureMessages":[],"meta":{}},{"ancestorTitles":["GAP-005 match/judge extension contracts"],"fullName":"GAP-005 match/judge extension contracts documents options, reservation and versioned correction/no-show","status":"passed","title":"documents options, reservation and versioned correction/no-show","duration":0.9677910000000338,"failureMessages":[],"meta":{}},{"ancestorTitles":["GAP-007 team contracts"],"fullName":"GAP-007 team contracts documents lifecycle, metadata limits and invitation welcome response","status":"passed","title":"documents lifecycle, metadata limits and invitation welcome response","duration":2.113207999999986,"failureMessages":[],"meta":{}},{"ancestorTitles":[],"fullName":"GAP-006 stop body documents the required bounded reason","status":"passed","title":"GAP-006 stop body documents the required bounded reason","duration":0.5890840000000139,"failureMessages":[],"meta":{}},{"ancestorTitles":[],"fullName":"GAP-010 admin edit and catalog expose bounded profile fields without email edits","status":"passed","title":"GAP-010 admin edit and catalog expose bounded profile fields without email edits","duration":6.728209000000049,"failureMessages":[],"meta":{}},{"ancestorTitles":[],"fullName":"GAP-008 documents consent, prestart editing and immutable invitation response","status":"passed","title":"GAP-008 documents consent, prestart editing and immutable invitation response","duration":4.329833000000008,"failureMessages":[],"meta":{}}],"startTime":1789778333937,"endTime":1789778333968.3298,"status":"passed","message":"","name":"/Users/liubavskii/.codex/worktrees/c870/tab10/apps/api/src/openapi.contract.test.ts"},{"assertionResults":[{"ancestorTitles":["OPS-002 / AT-OPS-OBS-001/002 readiness and observability"],"fullName":"OPS-002 / AT-OPS-OBS-001/002 readiness and observability keeps liveness independent and fails readiness closed on a DB outage","status":"passed","title":"keeps liveness independent and fails readiness closed on a DB outage","duration":1450.034792,"failureMessages":[],"meta":{}},{"ancestorTitles":["OPS-002 / AT-OPS-OBS-001/002 readiness and observability"],"fullName":"OPS-002 / AT-OPS-OBS-001/002 readiness and observability probes a disposable DB and emits redacted correlated request/error logs","status":"passed","title":"probes a disposable DB and emits redacted correlated request/error logs","duration":988.6685419999999,"failureMessages":[],"meta":{}}],"startTime":1789778332594,"endTime":1789778335032.6685,"status":"passed","message":"","name":"/Users/liubavskii/.codex/worktrees/c870/tab10/apps/api/src/ops-002.integration.test.ts"},{"assertionResults":[{"ancestorTitles":["API ownership boundaries"],"fullName":"API ownership boundaries AT-MATCH-START-001: only creator starts a valid match","status":"passed","title":"AT-MATCH-START-001: only creator starts a valid match","duration":3012.0080829999997,"failureMessages":[],"meta":{}},{"ancestorTitles":["API ownership boundaries"],"fullName":"API ownership boundaries AT-TRN-016: roster and bracket mutations are organizer-only","status":"passed","title":"AT-TRN-016: roster and bracket mutations are organizer-only","duration":2020.7522080000008,"failureMessages":[],"meta":{}},{"ancestorTitles":["API ownership boundaries"],"fullName":"API ownership boundaries AT-TRN-017: participant ID must belong to the route tournament","status":"passed","title":"AT-TRN-017: participant ID must belong to the route tournament","duration":1221.2534580000001,"failureMessages":[],"meta":{}}],"startTime":1789778323414,"endTime":1789778329668.2534,"status":"passed","message":"","name":"/Users/liubavskii/.codex/worktrees/c870/tab10/apps/api/src/ownership.integration.test.ts"},{"assertionResults":[{"ancestorTitles":["GAP-002 profile contracts"],"fullName":"GAP-002 profile contracts PROFILE-001/002/005/006: returns complete own stats, facts, teams, and current identity","status":"passed","title":"PROFILE-001/002/005/006: returns complete own stats, facts, teams, and current identity","duration":4517.002458999999,"failureMessages":[],"meta":{}},{"ancestorTitles":["GAP-002 profile contracts"],"fullName":"GAP-002 profile contracts PROFILE-001: counts played tournaments without withdrawn entries and awards wins only for finished champions","status":"passed","title":"PROFILE-001: counts played tournaments without withdrawn entries and awards wins only for finished champions","duration":1633.1764170000006,"failureMessages":[],"meta":{}},{"ancestorTitles":["GAP-002 profile contracts"],"fullName":"GAP-002 profile contracts PROFILE-005: public card omits private fields and keeps a blocked historical target non-challengeable","status":"passed","title":"PROFILE-005: public card omits private fields and keeps a blocked historical target non-challengeable","duration":1451.7702090000002,"failureMessages":[],"meta":{}},{"ancestorTitles":["GAP-002 profile contracts"],"fullName":"GAP-002 profile contracts PROFILE-003/004: rejects email and avatar mutation without changing identity","status":"passed","title":"PROFILE-003/004: rejects email and avatar mutation without changing identity","duration":1406.8612919999996,"failureMessages":[],"meta":{}},{"ancestorTitles":["GAP-002 profile contracts"],"fullName":"GAP-002 profile contracts PROFILE-003: rejects an impossible calendar date without changing the profile","status":"passed","title":"PROFILE-003: rejects an impossible calendar date without changing the profile","duration":1495.9338339999995,"failureMessages":[],"meta":{}},{"ancestorTitles":["GAP-002 profile contracts"],"fullName":"GAP-002 profile contracts AUTH-008: revokes another own session but never the current session","status":"passed","title":"AUTH-008: revokes another own session but never the current session","duration":1678.1472910000011,"failureMessages":[],"meta":{}},{"ancestorTitles":["GAP-002 profile contracts"],"fullName":"GAP-002 profile contracts PROFILE-005: rejects a malformed public profile id as validation","status":"passed","title":"PROFILE-005: rejects a malformed public profile id as validation","duration":1329.733875,"failureMessages":[],"meta":{}},{"ancestorTitles":["GAP-002 profile contracts"],"fullName":"GAP-002 profile contracts AUTH-008: rejects a malformed session id without revoking any session","status":"passed","title":"AUTH-008: rejects a malformed session id without revoking any session","duration":1610.9028749999998,"failureMessages":[],"meta":{}},{"ancestorTitles":["GAP-002 profile contracts"],"fullName":"GAP-002 profile contracts PROFILE-005: a blocked actor cannot read another profile","status":"passed","title":"PROFILE-005: a blocked actor cannot read another profile","duration":1179.1286659999987,"failureMessages":[],"meta":{}}],"startTime":1789778298828,"endTime":1789778315130.1287,"status":"passed","message":"","name":"/Users/liubavskii/.codex/worktrees/c870/tab10/apps/api/src/profile.integration.test.ts"},{"assertionResults":[{"ancestorTitles":["BUG-014 Europe/Moscow ranking periods"],"fullName":"BUG-014 Europe/Moscow ranking periods AT-RANK-002 'week' includes the Moscow boundary and excludes the prior instant","status":"passed","title":"AT-RANK-002 'week' includes the Moscow boundary and excludes the prior instant","duration":1784.7107499999997,"failureMessages":[],"meta":{}},{"ancestorTitles":["BUG-014 Europe/Moscow ranking periods"],"fullName":"BUG-014 Europe/Moscow ranking periods AT-RANK-002 'month' includes the Moscow boundary and excludes the prior instant","status":"passed","title":"AT-RANK-002 'month' includes the Moscow boundary and excludes the prior instant","duration":807.5816670000004,"failureMessages":[],"meta":{}}],"startTime":1789778331097,"endTime":1789778333688.5818,"status":"passed","message":"","name":"/Users/liubavskii/.codex/worktrees/c870/tab10/apps/api/src/ranking-period.integration.test.ts"},{"assertionResults":[{"ancestorTitles":["API runtime release metadata"],"fullName":"API runtime release metadata uses Render's immutable commit identifier","status":"passed","title":"uses Render's immutable commit identifier","duration":1.899249999999995,"failureMessages":[],"meta":{}},{"ancestorTitles":["API runtime release metadata"],"fullName":"API runtime release metadata rejects disagreement with the provider's immutable commit SHA","status":"passed","title":"rejects disagreement with the provider's immutable commit SHA","duration":0.6112499999999841,"failureMessages":[],"meta":{}},{"ancestorTitles":["API runtime release metadata"],"fullName":"API runtime release metadata accepts matching hosted SHA sources","status":"passed","title":"accepts matching hosted SHA sources","duration":0.2850419999999758,"failureMessages":[],"meta":{}},{"ancestorTitles":["API runtime release metadata"],"fullName":"API runtime release metadata fails closed when a production process has no exact SHA","status":"passed","title":"fails closed when a production process has no exact SHA","duration":0.15166599999997743,"failureMessages":[],"meta":{}},{"ancestorTitles":["API runtime release metadata"],"fullName":"API runtime release metadata maps ordinary local and test processes without deployment metadata","status":"passed","title":"maps ordinary local and test processes without deployment metadata","duration":0.17279199999995853,"failureMessages":[],"meta":{}},{"ancestorTitles":["API runtime release metadata"],"fullName":"API runtime release metadata rejects version drift from the root package","status":"passed","title":"rejects version drift from the root package","duration":0.135249999999985,"failureMessages":[],"meta":{}}],"startTime":1789778335191,"endTime":1789778335194.1729,"status":"passed","message":"","name":"/Users/liubavskii/.codex/worktrees/c870/tab10/apps/api/src/re
[...]
itle":"rejects mismatched production identity before opening a connection","duration":0.09845799999999372,"failureMessages":[],"meta":{}}],"startTime":1789778334273,"endTime":1789778334281.0984,"status":"passed","message":"","name":"/Users/liubavskii/.codex/worktrees/c870/tab10/apps/api/src/db/migration-database-url.test.ts"},{"assertionResults":[{"ancestorTitles":["normalizeCatalogDefault"],"fullName":"normalizeCatalogDefault treats Neon pg_catalog qualification as equivalent for built-in defaults","status":"passed","title":"treats Neon pg_catalog qualification as equivalent for built-in defaults","duration":0.868124999999992,"failureMessages":[],"meta":{}}],"startTime":1789778335394,"endTime":1789778335394.8682,"status":"passed","message":"","name":"/Users/liubavskii/.codex/worktrees/c870/tab10/apps/api/src/db/migrations-default-normalization.test.ts"},{"assertionResults":[{"ancestorTitles":["versioned migration foundation on disposable PGlite"],"fullName":"versioned migration foundation on disposable PGlite creates the baseline plus the append-only void audit from a genuinely empty database in apply mode","status":"passed","title":"creates the baseline plus the append-only void audit from a genuinely empty database in apply mode","duration":3430.214834,"failureMessages":[],"meta":{}},{"ancestorTitles":["versioned migration foundation on disposable PGlite"],"fullName":"versioned migration foundation on disposable PGlite upgrades a 1-migration released prefix without changing existing rows","status":"passed","title":"upgrades a 1-migration released prefix without changing existing rows","duration":1557.82575,"failureMessages":[],"meta":{}},{"ancestorTitles":["versioned migration foundation on disposable PGlite"],"fullName":"versioned migration foundation on disposable PGlite upgrades a 2-migration released prefix without changing existing rows","status":"passed","title":"upgrades a 2-migration released prefix without changing existing rows","duration":1275.233292,"failureMessages":[],"meta":{}},{"ancestorTitles":["versioned migration foundation on disposable PGlite"],"fullName":"versioned migration foundation on disposable PGlite upgrades a 3-migration released prefix without changing existing rows","status":"passed","title":"upgrades a 3-migration released prefix without changing existing rows","duration":1088.4300000000003,"failureMessages":[],"meta":{}},{"ancestorTitles":["versioned migration foundation on disposable PGlite"],"fullName":"versioned migration foundation on disposable PGlite upgrades a 4-migration released prefix without changing existing rows","status":"passed","title":"upgrades a 4-migration released prefix without changing existing rows","duration":1077.1321249999992,"failureMessages":[],"meta":{}},{"ancestorTitles":["versioned migration foundation on disposable PGlite"],"fullName":"versioned migration foundation on disposable PGlite upgrades a 5-migration released prefix without changing existing rows","status":"passed","title":"upgrades a 5-migration released prefix without changing existing rows","duration":1004.8457500000004,"failureMessages":[],"meta":{}},{"ancestorTitles":["versioned migration foundation on disposable PGlite"],"fullName":"versioned migration foundation on disposable PGlite upgrades a 6-migration released prefix without changing existing rows","status":"passed","title":"upgrades a 6-migration released prefix without changing existing rows","duration":1122.573042,"failureMessages":[],"meta":{}},{"ancestorTitles":["versioned migration foundation on disposable PGlite"],"fullName":"versioned migration foundation on disposable PGlite rolls back the GAP-012 DDL and preserves pre-0006 rows in a disposable transaction","status":"passed","title":"rolls back the GAP-012 DDL and preserves pre-0006 rows in a disposable transaction","duration":1255.35225,"failureMessages":[],"meta":{}},{"ancestorTitles":["versioned migration foundation on disposable PGlite"],"fullName":"versioned migration foundation on disposable PGlite fails closed rather than withdrawing a participant already referenced by a bracket","status":"passed","title":"fails closed rather than withdrawing a participant already referenced by a bracket","duration":1012.2787079999998,"failureMessages":[],"meta":{}},{"ancestorTitles":["versioned migration foundation on disposable PGlite"],"fullName":"versioned migration foundation on disposable PGlite rejects drift in onboarding check semantics and invitation partial indexes","status":"passed","title":"rejects drift in onboarding check semantics and invitation partial indexes","duration":1114.7216250000001,"failureMessages":[],"meta":{}},{"ancestorTitles":["versioned migration foundation on disposable PGlite"],"fullName":"versioned migration foundation on disposable PGlite preserves rows while adopting the exact unversioned historical baseline","status":"passed","title":"preserves rows while adopting the exact unversioned historical baseline","duration":1300.3065829999996,"failureMessages":[],"meta":{}},{"ancestorTitles":["versioned migration foundation on disposable PGlite"],"fullName":"versioned migration foundation on disposable PGlite applies only the three declared historical bracket backfills","status":"passed","title":"applies only the three declared historical bracket backfills","duration":980.5215830000016,"failureMessages":[],"meta":{}},{"ancestorTitles":["versioned migration foundation on disposable PGlite"],"fullName":"versioned migration foundation on disposable PGlite makes repeated apply runs a verified no-op","status":"passed","title":"makes repeated apply runs a verified no-op","duration":902.7830419999991,"failureMessages":[],"meta":{}},{"ancestorTitles":["versioned migration foundation on disposable PGlite"],"fullName":"versioned migration foundation on disposable PGlite does not let adoption stand in for ordinary fresh apply","status":"passed","title":"does not let adoption stand in for ordinary fresh apply","duration":634.2746660000012,"failureMessages":[],"meta":{}},{"ancestorTitles":["versioned migration foundation on disposable PGlite"],"fullName":"versioned migration foundation on disposable PGlite rejects a corrupt historical 'enum' before creating ledger state","status":"passed","title":"rejects a corrupt historical 'enum' before creating ledger state","duration":746.7692500000012,"failureMessages":[],"meta":{}},{"ancestorTitles":["versioned migration foundation on disposable PGlite"],"fullName":"versioned migration foundation on disposable PGlite rejects a corrupt historical 'nullability' before creating ledger state","status":"passed","title":"rejects a corrupt historical 'nullability' before creating ledger state","duration":707.7334579999988,"failureMessages":[],"meta":{}},{"ancestorTitles":["versioned migration foundation on disposable PGlite"],"fullName":"versioned migration foundation on disposable PGlite rejects a corrupt historical 'column' before creating ledger state","status":"passed","title":"rejects a corrupt historical 'column' before creating ledger state","duration":749.288875000002,"failureMessages":[],"meta":{}},{"ancestorTitles":["versioned migration foundation on disposable PGlite"],"fullName":"versioned migration foundation on disposable PGlite rejects a corrupt historical 'default' before creating ledger state","status":"passed","title":"rejects a corrupt historical 'default' before creating ledger state","duration":727.9107919999988,"failureMessages":[],"meta":{}},{"ancestorTitles":["versioned migration foundation on disposable PGlite"],"fullName":"versioned migration foundation on disposable PGlite rejects a corrupt historical 'index' before creating ledger state","status":"passed","title":"rejects a corrupt historical 'index' before creating ledger state","duration":697.6493340000015,"failureMessages":[],"meta":{}},{"ancestorTitles":["versioned migration foundation on disposable PGlite"],"fullName":"versioned migration foundation on disposable PGlite rejects a corrupt historical 'constraint' before creating ledger state","status":"passed","title":"rejects a corrupt historical 'constraint' before creating ledger state","duration":688.2259169999998,"failureMessages":[],"meta":{}},{"ancestorTitles":["versioned migration foundation on disposable PGlite"],"fullName":"versioned migration foundation on disposable PGlite recovers canonically from a failed empty-database migration","status":"passed","title":"recovers canonically from a failed empty-database migration","duration":718.880291999998,"failureMessages":[],"meta":{}},{"ancestorTitles":["versioned migration foundation on disposable PGlite"],"fullName":"versioned migration foundation on disposable PGlite accepts a strictly newer ledger suffix at startup but not as an exact postcondition","status":"passed","title":"accepts a strictly newer ledger suffix at startup but not as an exact postcondition","duration":685.9298339999987,"failureMessages":[],"meta":{}},{"ancestorTitles":["versioned migration foundation on disposable PGlite"],"fullName":"versioned migration foundation on disposable PGlite rejects an edited known migration at startup","status":"passed","title":"rejects an edited known migration at startup","duration":617.838208000001,"failureMessages":[],"meta":{}},{"ancestorTitles":["versioned migration foundation on disposable PGlite"],"fullName":"versioned migration foundation on disposable PGlite validates canonical ledger shape and prefix before apply mutation","status":"passed","title":"validates canonical ledger shape and prefix before apply mutation","duration":755.8249999999971,"failureMessages":[],"meta":{}}],"startTime":1789778298234,"endTime":1789778323086.825,"status":"passed","message":"","name":"/Users/liubavskii/.codex/worktrees/c870/tab10/apps/api/src/db/migrations.integration.test.ts"},{"assertionResults":[{"ancestorTitles":["requirePgliteMigrationDataDir"],"fullName":"requirePgliteMigrationDataDir requires an explicit persistent PGlite target","status":"passed","title":"requires an explicit persistent PGlite target","duration":1.0337499999999977,"failureMessages":[],"meta":{}},{"ancestorTitles":["requirePgliteMigrationDataDir"],"fullName":"requirePgliteMigrationDataDir rejects ambiguous simultaneous DATABASE_URL configuration","status":"passed","title":"rejects ambiguous simultaneous DATABASE_URL configuration","duration":0.13541699999998968,"failureMessages":[],"meta":{}},{"ancestorTitles":["requirePgliteMigrationDataDir"],"fullName":"requirePgliteMigrationDataDir rejects ambiguous simultaneous MIGRATION_DATABASE_URL configuration","status":"passed","title":"rejects ambiguous simultaneous MIGRATION_DATABASE_URL configuration","duration":0.08116699999999355,"failureMessages":[],"meta":{}}],"startTime":1789778335261,"endTime":1789778335262.1355,"status":"passed","message":"","name":"/Users/liubavskii/.codex/worktrees/c870/tab10/apps/api/src/db/pglite-migration-data-dir.test.ts"},{"assertionResults":[{"ancestorTitles":["unversioned schema drift policy"],"fullName":"unversioned schema drift policy rejects a partial historical catalog instead of repairing it implicitly","status":"passed","title":"rejects a partial historical catalog instead of repairing it implicitly","duration":1543.453959,"failureMessages":[],"meta":{}}],"startTime":1789778333909,"endTime":1789778335452.4539,"status":"passed","message":"","name":"/Users/liubavskii/.codex/worktrees/c870/tab10/apps/api/src/db/schema-drift.integration.test.ts"},{"assertionResults":[{"ancestorTitles":["runtime schema policy"],"fullName":"runtime schema policy keeps persistent startup read-only and verifies a compatible ledger","status":"passed","title":"keeps persistent startup read-only and verifies a compatible ledger","duration":13.981875000000002,"failureMessages":[],"meta":{}}],"startTime":1789778334907,"endTime":1789778334920.982,"status":"passed","message":"","name":"/Users/liubavskii/.codex/worktrees/c870/tab10/apps/api/src/db/startup-schema-policy.test.ts"},{"assertionResults":[{"ancestorTitles":["resolveTestDatabaseUrl"],"fullName":"resolveTestDatabaseUrl never falls back to DATABASE_URL","status":"passed","title":"never falls back to DATABASE_URL","duration":0.637457999999981,"failureMessages":[],"meta":{}},{"ancestorTitles":["resolveTestDatabaseUrl"],"fullName":"resolveTestDatabaseUrl fails closed when the dedicated PostgreSQL lane requires a URL","status":"passed","title":"fails closed when the dedicated PostgreSQL lane requires a URL","duration":0.4521670000000313,"failureMessages":[],"meta":{}},{"ancestorTitles":["resolveTestDatabaseUrl"],"fullName":"resolveTestDatabaseUrl accepts an explicit loopback test database","status":"passed","title":"accepts an explicit loopback test database","duration":0.18945899999999938,"failureMessages":[],"meta":{}},{"ancestorTitles":["resolveTestDatabaseUrl"],"fullName":"resolveTestDatabaseUrl requires explicit consent before the test schema may be reset","status":"passed","title":"requires explicit consent before the test schema may be reset","duration":0.15470899999996846,"failureMessages":[],"meta":{}},{"ancestorTitles":["resolveTestDatabaseUrl"],"fullName":"resolveTestDatabaseUrl rejects use outside NODE_ENV=test","status":"passed","title":"rejects use outside NODE_ENV=test","duration":0.09108400000002348,"failureMessages":[],"meta":{}},{"ancestorTitles":["resolveTestDatabaseUrl"],"fullName":"resolveTestDatabaseUrl rejects any simultaneous ordinary DATABASE_URL","status":"passed","title":"rejects any simultaneous ordinary DATABASE_URL","duration":0.09174999999999045,"failureMessages":[],"meta":{}},{"ancestorTitles":["resolveTestDatabaseUrl"],"fullName":"resolveTestDatabaseUrl rejects a database without a test-name segment","status":"passed","title":"rejects a database without a test-name segment","duration":0.08354200000002265,"failureMessages":[],"meta":{}},{"ancestorTitles":["resolveTestDatabaseUrl"],"fullName":"resolveTestDatabaseUrl rejects non-loopback and non-PostgreSQL targets","status":"passed","title":"rejects non-loopback and non-PostgreSQL targets","duration":0.12150000000002592,"failureMessages":[],"meta":{}},{"ancestorTitles":["resolveTestDatabaseUrl"],"fullName":"resolveTestDatabaseUrl does not include credentials in validation errors","status":"passed","title":"does not include credentials in validation errors","duration":0.14245799999997644,"failureMessages":[],"meta":{}}],"startTime":1789778335151,"endTime":1789778335153.1426,"status":"passed","message":"","name":"/Users/liubavskii/.codex/worktrees/c870/tab10/apps/api/src/db/test-database-url.test.ts"},{"assertionResults":[{"ancestorTitles":["bracket-load"],"fullName":"bracket-load missing / corrupt / unsupported / v1 / v2","status":"passed","title":"missing / corrupt / unsupported / v1 / v2","duration":1.5878329999999892,"failureMessages":[],"meta":{}},{"ancestorTitles":["bracket-load"],"fullName":"bracket-load swapSeedOrderByMatchIds swaps seedOrder entries","status":"passed","title":"swapSeedOrderByMatchIds swaps seedOrder entries","duration":0.3936670000000504,"failureMessages":[],"meta":{}},{"ancestorTitles":[],"fullName":"GAP-006 swaps either seed position, including a seed with a bye, and rejects invalid positions","status":"passed","title":"GAP-006 swaps either seed position, including a seed with a bye, and rejects invalid positions","duration":0.27166699999997945,"failureMessages":[],"meta":{}}],"startTime":1789778334784,"endTime":1789778334786.2717,"status":"passed","message":"","name":"/Users/liubavskii/.codex/worktrees/c870/tab10/apps/api/src/modules/tournaments/bracket-load.test.ts"},{"assertionResults":[{"ancestorTitles":["GAP-006 tournament outcome summary"],"fullName":"GAP-006 tournament outcome summary AT-TRN-013 single_elimination/3: places, actual points and played counts","status":"passed","title":"AT-TRN-013 single_elimination/3: places, actual points and played counts","duration":2.582833999999991,"failureMessages":[],"meta":{}},{"ancestorTitles":["GAP-006 tournament outcome summary"],"fullName":"GAP-006 tournament outcome summary AT-TRN-013 single_elimination/5: places, actual points and played counts","status":"passed","title":"AT-TRN-013 single_elimination/5: places, actual points and played counts","duration":0.8430409999999711,"failureMessages":[],"meta":{}},{"ancestorTitles":["GAP-006 tournament outcome summary"],"fullName":"GAP-006 tournament outcome summary AT-TRN-013 single_elimination/8: places, actual points and played counts","status":"passed","title":"AT-TRN-013 single_elimination/8: places, actual points and played counts","duration":2.7241670000000227,"failureMessages":[],"meta":{}},{"ancestorTitles":["GAP-006 tournament outcome summary"],"fullName":"GAP-006 tournament outcome summary AT-TRN-013 double_elimination/3: places, actual points and played counts","status":"passed","title":"AT-TRN-013 double_elimination/3: places, actual points and played counts","duration":0.9024589999999648,"failureMessages":[],"meta":{}},{"ancestorTitles":["GAP-006 tournament outcome summary"],"fullName":"GAP-006 tournament outcome summary AT-TRN-013 double_elimination/5: places, actual points and played counts","status":"passed","title":"AT-TRN-013 double_elimination/5: places, actual points and played counts","duration":1.1880419999999958,"failureMessages":[],"meta":{}},{"ancestorTitles":["GAP-006 tournament outcome summary"],"fullName":"GAP-006 tournament outcome summary AT-TRN-013 double_elimination/8: places, actual points and played counts","status":"passed","title":"AT-TRN-013 double_elimination/8: places, actual points and played counts","duration":8.668000000000006,"failureMessages":[],"meta":{}},{"ancestorTitles":["GAP-006 tournament outcome summary"],"fullName":"GAP-006 tournament outcome summary AT-TRN-012 stopped has points but no final places/top","status":"passed","title":"AT-TRN-012 stopped has points but no final places/top","duration":3.651374999999973,"failureMessages":[],"meta":{}},{"ancestorTitles":["GAP-006 tournament outcome summary"],"fullName":"GAP-006 tournament outcome summary D33 void keeps bracket placement but removes voided points and played count","status":"passed","title":"D33 void keeps bracket placement but removes voided points and played count","duration":0.3379579999999578,"failureMessages":[],"meta":{}},{"ancestorTitles":["GAP-006 tournament outcome summary"],"fullName":"GAP-006 tournament outcome summary collecting has no duration, and a running clock is injected","status":"passed","title":"collecting has no duration, and a running clock is injected","duration":0.09649999999999181,"failureMessages":[],"meta":{}},{"ancestorTitles":[],"fullName":"GAP-006 exact V2 A/B point attribution is independent of winner and aggregate totals","status":"passed","title":"GAP-006 exact V2 A/B point attribution is independent of winner and aggregate totals","duration":0.6783330000000092,"failureMessages":[],"meta":{}},{"ancestorTitles":[],"fullName":"legacy V1 SE composite slots retain exact participant totals and podium","status":"passed","title":"legacy V1 SE composite slots retain exact participant totals and podium","duration":0.6895000000000095,"failureMessages":[],"meta":{}},{"ancestorTitles":[],"fullName":"legacy-style SE without bronze preserves both tied third places without an invented tiebreak","status":"passed","title":"legacy-style SE without bronze preserves both tied third places without an invented tiebreak","duration":0.21433400000000802,"failureMessages":[],"meta":{}},{"ancestorTitles":[],"fullName":"withdrawn historical roster rows do not shift the remaining finish places","status":"passed","title":"withdrawn historical roster rows do not shift the remaining finish places","duration":0.4996669999999881,"failureMessages":[],"meta":{}}],"startTime":1789778334012,"endTime":1789778334035.4998,"status":"passed","message":"","name":"/Users/liubavskii/.codex/worktrees/c870/tab10/apps/api/src/modules/tournaments/tournament-summary.test.ts"}]}
