{"numTotalTestSuites":5,"numPassedTestSuites":5,"numFailedTestSuites":0,"numPendingTestSuites":0,"numTotalTests":4,"numPassedTests":4,"numFailedTests":0,"numPendingTests":0,"numTodoTests":0,"snapshot":{"added":0,"failure":false,"filesAdded":0,"filesRemoved":0,"filesRemovedList":[],"filesUnmatched":0,"filesUpdated":0,"matched":0,"total":0,"unchecked":0,"uncheckedKeysByFile":[],"unmatched":0,"updated":0,"didUpdate":false},"startTime":1789778288169,"success":true,"testResults":[{"assertionResults":[{"ancestorTitles":["REQ_shared__deterministic_clock"],"fullName":"REQ_shared__deterministic_clock returns fixed time and advances deterministically","status":"passed","title":"returns fixed time and advances deterministically","duration":1.1700420000000236,"failureMessages":[],"meta":{}},{"ancestorTitles":["REQ_shared__seeded_rng"],"fullName":"REQ_shared__seeded_rng produces reproducible sequences","status":"passed","title":"produces reproducible sequences","duration":0.36858399999999847,"failureMessages":[],"meta":{}},{"ancestorTitles":["REQ_shared__percentile"],"fullName":"REQ_shared__percentile computes nearest-rank p95","status":"passed","title":"computes nearest-rank p95","duration":0.1009170000000097,"failureMessages":[],"meta":{}},{"ancestorTitles":["REQ_shared__sequential_ids"],"fullName":"REQ_shared__sequential_ids emits unique sequential ids","status":"passed","title":"emits unique sequential ids","duration":0.08091600000000199,"failureMessages":[],"meta":{}}],"startTime":1789778288340,"endTime":1789778288342.3687,"status":"passed","message":"","name":"/Users/liubavskii/.codex/worktrees/c870/tab10/packages/test-utils/src/index.test.ts"}]}