{"numTotalTestSuites":34,"numPassedTestSuites":34,"numFailedTestSuites":0,"numPendingTestSuites":0,"numTotalTests":534,"numPassedTests":534,"numFailedTests":0,"numPendingTests":0,"numTodoTests":0,"snapshot":{"added":0,"failure":false,"filesAdded":0,"filesRemoved":0,"filesRemovedList":[],"filesUnmatched":0,"filesUpdated":0,"matched":0,"total":0,"unchecked":0,"uncheckedKeysByFile":[],"unmatched":0,"updated":0,"didUpdate":false},"startTime":1789778264414,"success":true,"testResults":[{"assertionResults":[{"ancestorTitles":["avatar presets"],"fullName":"avatar presets randomAvatarKey stays in 1..10","status":"passed","title":"randomAvatarKey stays in 1..10","duration":7.085291999999981,"failureMessages":[],"meta":{}},{"ancestorTitles":["avatar presets"],"fullName":"avatar presets avatarPublicPath maps keys","status":"passed","title":"avatarPublicPath maps keys","duration":0.13458300000002055,"failureMessages":[],"meta":{}}],"startTime":1789778264654,"endTime":1789778264661.1345,"status":"passed","message":"","name":"/Users/liubavskii/.codex/worktrees/c870/tab10/packages/shared/src/avatars.test.ts"},{"assertionResults":[{"ancestorTitles":["REQ_MATCH__winner_rules"],"fullName":"REQ_MATCH__winner_rules AT-MATCH-001: 11:9 proposes finish; 11:10 does not","status":"passed","title":"AT-MATCH-001: 11:9 proposes finish; 11:10 does not","duration":0.6808750000000146,"failureMessages":[],"meta":{}},{"ancestorTitles":["REQ_MATCH__winner_rules"],"fullName":"REQ_MATCH__winner_rules AT-MATCH-002: deuce continues until lead of 2","status":"passed","title":"AT-MATCH-002: deuce continues until lead of 2","duration":0.11354199999999537,"failureMessages":[],"meta":{}},{"ancestorTitles":["REQ_MATCH__winner_rules"],"fullName":"REQ_MATCH__winner_rules AT-MATCH-004: mercy when leader ≥ N and opponent is 0","status":"passed","title":"AT-MATCH-004: mercy when leader ≥ N and opponent is 0","duration":0.1318339999999978,"failureMessages":[],"meta":{}},{"ancestorTitles":["REQ_MATCH__winner_rules"],"fullName":"REQ_MATCH__winner_rules AT-MATCH-004c: accidental point undone then 5:0 is mercy","status":"passed","title":"AT-MATCH-004c: accidental point undone then 5:0 is mercy","duration":0.4424160000000086,"failureMessages":[],"meta":{}},{"ancestorTitles":["REQ_MATCH__undo_and_idempotency"],"fullName":"REQ_MATCH__undo_and_idempotency GAP-005: manual correction is a technical baseline and undo cannot erase it","status":"passed","title":"GAP-005: manual correction is a technical baseline and undo cannot erase it","duration":0.9814170000000217,"failureMessages":[],"meta":{}},{"ancestorTitles":["REQ_MATCH__undo_and_idempotency"],"fullName":"REQ_MATCH__undo_and_idempotency AT-MATCH-005: undo restores previous score","status":"passed","title":"AT-MATCH-005: undo restores previous score","duration":0.10741600000000062,"failureMessages":[],"meta":{}},{"ancestorTitles":["REQ_MATCH__undo_and_idempotency"],"fullName":"REQ_MATCH__undo_and_idempotency AT-MATCH-005b: undo after prior undo removes exactly one point","status":"passed","title":"AT-MATCH-005b: undo after prior undo removes exactly one point","duration":0.1705829999999935,"failureMessages":[],"meta":{}},{"ancestorTitles":["REQ_MATCH__undo_and_idempotency"],"fullName":"REQ_MATCH__undo_and_idempotency AT-MATCH-006: duplicate idempotency key does not double score","status":"passed","title":"AT-MATCH-006: duplicate idempotency key does not double score","duration":0.06829199999998536,"failureMessages":[],"meta":{}},{"ancestorTitles":["REQ_MATCH__undo_and_idempotency"],"fullName":"REQ_MATCH__undo_and_idempotency AT-MATCH-008: after confirm, mutations rejected","status":"passed","title":"AT-MATCH-008: after confirm, mutations rejected","duration":0.0725829999999803,"failureMessages":[],"meta":{}},{"ancestorTitles":["REQ_MATCH__invalid_events_do_not_mutate_state"],"fullName":"REQ_MATCH__invalid_events_do_not_mutate_state rejects 'unknown side' without state, history, or key changes","status":"passed","title":"rejects 'unknown side' without state, history, or key changes","duration":0.19604100000000813,"failureMessages":[],"meta":{}},{"ancestorTitles":["REQ_MATCH__invalid_events_do_not_mutate_state"],"fullName":"REQ_MATCH__invalid_events_do_not_mutate_state rejects 'non-positive points target' without state, history, or key changes","status":"passed","title":"rejects 'non-positive points target' without state, history, or key changes","duration":0.07691599999998289,"failureMessages":[],"meta":{}},{"ancestorTitles":["JUDGE-012 technical undo retention"],"fullName":"JUDGE-012 technical undo retention retains every removed award in its undo record across consecutive undos","status":"passed","title":"retains every removed award in its undo record across consecutive undos","duration":0.1769999999999925,"failureMessages":[],"meta":{}},{"ancestorTitles":["JUDGE-011 corrected serve baseline"],"fullName":"JUDGE-011 corrected serve baseline keeps the selected server until the next rotation and restores it on undo","status":"passed","title":"keeps the selected server until the next rotation and restores it on undo","duration":0.13262499999999022,"failureMessages":[],"meta":{}}],"startTime":1789778264654,"endTime":1789778264658.177,"status":"passed","message":"","name":"/Users/liubavskii/.codex/worktrees/c870/tab10/packages/shared/src/match-engine.test.ts"},{"assertionResults":[{"ancestorTitles":[],"fullName":"accepts an optional judge but rejects invalid identity and create-side retained IDs","status":"passed","title":"accepts an optional judge but rejects invalid identity and create-side retained IDs","duration":2.2432909999999993,"failureMessages":[],"meta":{}},{"ancestorTitles":[],"fullName":"patch retains explicit participant IDs while rejecting empty/immutable/malformed data","status":"passed","title":"patch retains explicit participant IDs while rejecting empty/immutable/malformed data","duration":0.4054580000000101,"failureMessages":[],"meta":{}},{"ancestorTitles":[],"fullName":"invitation requests have a bounded kind and valid target","status":"passed","title":"invitation requests have a bounded kind and valid target","duration":1.1021670000000086,"failureMessages":[],"meta":{}}],"startTime":1789778264771,"endTime":1789778264775.102,"status":"passed","message":"","name":"/Users/liubavskii/.codex/worktrees/c870/tab10/packages/shared/src/match-invitations.test.ts"},{"assertionResults":[{"ancestorTitles":["REQ_AUTH__password_policy"],"fullName":"REQ_AUTH__password_policy accepts a valid password","status":"passed","title":"accepts a valid password","duration":0.9219590000000153,"failureMessages":[],"meta":{}},{"ancestorTitles":["REQ_AUTH__password_policy"],"fullName":"REQ_AUTH__password_policy reports each missing requirement","status":"passed","title":"reports each missing requirement","duration":0.633499999999998,"failureMessages":[],"meta":{}},{"ancestorTitles":["REQ_AUTH__password_policy"],"fullName":"REQ_AUTH__password_policy generated temp password always validates","status":"passed","title":"generated temp password always validates","duration":0.6029999999999802,"failureMessages":[],"meta":{}}],"startTime":1789778264818,"endTime":1789778264819.6335,"status":"passed","message":"","name":"/Users/liubavskii/.codex/worktrees/c870/tab10/packages/shared/src/password-policy.test.ts"},{"assertionResults":[{"ancestorTitles":["REQ_RANK__comparator"],"fullName":"REQ_RANK__comparator RANK-001: wins → win_rate → matches_played → created_at","status":"passed","title":"RANK-001: wins → win_rate → matches_played → created_at","duration":0.987290999999999,"failureMessages":[],"meta":{}},{"ancestorTitles":["REQ_RANK__comparator"],"fullName":"REQ_RANK__comparator excludes blocked users","status":"passed","title":"excludes blocked users","duration":0.12370899999999097,"failureMessages":[],"meta":{}},{"ancestorTitles":["REQ_RANK__comparator"],"fullName":"REQ_RANK__comparator AT-RANK-002 week: mid-week","status":"passed","title":"AT-RANK-002 week: mid-week","duration":0.7322080000000142,"failureMessages":[],"meta":{}},{"ancestorTitles":["REQ_RANK__comparator"],"fullName":"REQ_RANK__comparator AT-RANK-002 week: after Moscow Monday but still Sunday UTC","status":"passed","title":"AT-RANK-002 week: after Moscow Monday but still Sunday UTC","duration":0.10275000000001455,"failureMessages":[],"meta":{}},{"ancestorTitles":["REQ_RANK__comparator"],"fullName":"REQ_RANK__comparator AT-RANK-002 week: before Moscow Monday","status":"passed","title":"AT-RANK-002 week: before Moscow Monday","duration":0.07516699999999332,"failureMessages":[],"meta":{}},{"ancestorTitles":["REQ_RANK__comparator"],"fullName":"REQ_RANK__comparator AT-RANK-002 month: mid-month","status":"passed","title":"AT-RANK-002 month: mid-month","duration":0.10154099999999744,"failureMessages":[],"meta":{}},{"ancestorTitles":["REQ_RANK__comparator"],"fullName":"REQ_RANK__comparator AT-RANK-002 month: after Moscow month start but still previous UTC day","status":"passed","title":"AT-RANK-002 month: after Moscow month start but still previous UTC day","duration":0.0691669999999931,"failureMessages":[],"meta":{}},{"ancestorTitles":["REQ_RANK__comparator"],"fullName":"REQ_RANK__comparator AT-RANK-002 month: before Moscow month start","status":"passed","title":"AT-RANK-002 month: before Moscow month start","duration":0.05249999999998067,"failureMessages":[],"meta":{}},{"ancestorTitles":["REQ_RANK__comparator"],"fullName":"REQ_RANK__comparator compareRankingEntries matches buildRanking order","status":"passed","title":"compareRankingEntries matches buildRanking order","duration":0.12908400000000597,"failureMessages":[],"meta":{}},{"ancestorTitles":["REQ_RANK__comparator"],"fullName":"REQ_RANK__comparator team ranking sums member wins","status":"passed","title":"team ranking sums member wins","duration":0.09254099999998289,"failureMessages":[],"meta":{}},{"ancestorTitles":["REQ_RANK__comparator"],"fullName":"REQ_RANK__comparator rival needs at least 3 matches","status":"passed","title":"rival needs at least 3 matches","duration":0.1541249999999934,"failureMessages":[],"meta":{}},{"ancestorTitles":["REQ_TEAM__captain_and_invitation"],"fullName":"REQ_TEAM__captain_and_invitation picks earliest active member as new captain","status":"passed","title":"picks earliest active member as new captain","duration":0.08424999999999727,"failureMessages":[],"meta":{}},{"ancestorTitles":["REQ_TEAM__captain_and_invitation"],"fullName":"REQ_TEAM__captain_and_invitation invitation expires after 14 days","status":"passed","title":"invitation expires after 14 days","duration":0.07620800000000827,"failureMessages":[],"meta":{}}],"startTime":1789778264843,"endTime":1789778264846.154,"status":"passed","message":"","name":"/Users/liubavskii/.codex/worktrees/c870/tab10/packages/shared/src/ranking.test.ts"},{"assertionResults":[{"ancestorTitles":["release metadata contract"],"fullName":"release metadata contract normalizes and accepts an exact deployment SHA","status":"passed","title":"normalizes and accepts an exact deployment SHA","duration":1.454499999999996,"failureMessages":[],"meta":{}},{"ancestorTitles":["release metadata contract"],"fullName":"release metadata contract uses an explicit local marker outside deployed environments","status":"passed","title":"uses an explicit local marker outside deployed environments","duration":0.2079999999999984,"failureMessages":[],"meta":{}},{"ancestorTitles":["release metadata contract"],"fullName":"release metadata contract rejects a missing exact SHA in staging","status":"passed","title":"rejects a missing exact SHA in staging","duration":0.43012500000000387,"failureMessages":[],"meta":{}},{"ancestorTitles":["release metadata contract"],"fullName":"release metadata contract rejects a missing exact SHA in production","status":"passed","title":"rejects a missing exact SHA in production","duration":0.08062499999999773,"failureMessages":[],"meta":{}},{"ancestorTitles":["release metadata contract"],"fullName":"release metadata contract rejects abbreviated SHAs and additional fields","status":"passed","title":"rejects abbreviated SHAs and additional fields","duration":0.5299170000000117,"failureMessages":[],"meta":{}},{"ancestorTitles":["release metadata contract"],"fullName":"release metadata contract rejects dirty staging and production releases","status":"passed","title":"rejects dirty staging and production releases","duration":0.1469590000000096,"failureMessages":[],"meta":{}}],"startTime":1789778264666,"endTime":1789778264669.53,"status":"passed","message":"","name":"/Users/liubavskii/.codex/worktrees/c870/tab10/packages/shared/src/release-metadata.test.ts"},{"assertionResults":[{"ancestorTitles":["V1 characterization (legacy compact SE)"],"fullName":"V1 characterization (legacy compact SE) N=5 produces size=5 and one R0 bye (compact), not Challonge 8","status":"passed","title":"N=5 produces size=5 and one R0 bye (compact), not Challonge 8","duration":0.936791999999997,"failureMessages":[],"meta":{}},{"ancestorTitles":["V1 characterization (legacy compact SE)"],"fullName":"V1 characterization (legacy compact SE) AT-TRN-015: V1 DE N=5 is rejected before the known hang path traverses slots","status":"passed","title":"AT-TRN-015: V1 DE N=5 is rejected before the known hang path traverses slots","duration":0.72037499999999,"failureMessages":[],"meta":{}}],"startTime":1789778264828,"endTime":1789778264829.7205,"status":"passed","message":"","name":"/Users/liubavskii/.codex/worktrees/c870/tab10/packages/shared/src/tournament-bracket-v1.characterization.test.ts"},{"assertionResults":[{"ancestorTitles":["REQ_TRN__bracket_generation"],"fullName":"REQ_TRN__bracket_generation AT-TRN-005: seeds by wins descending","status":"passed","title":"AT-TRN-005: seeds by wins descending","duration":0.9530839999999898,"failureMessages":[],"meta":{}},{"ancestorTitles":["REQ_TRN__bracket_generation"],"fullName":"REQ_TRN__bracket_generation AT-TRN-005: unranked shuffled via rng","status":"passed","title":"AT-TRN-005: unranked shuffled via rng","duration":0.5653749999999889,"failureMessages":[],"meta":{}},{"ancestorTitles":["REQ_TRN__bracket_generation"],"fullName":"REQ_TRN__bracket_generation rejects fewer than 3 participants","status":"passed","title":"rejects fewer than 3 participants","duration":0.475166999999999,"failureMessages":[],"meta":{}},{"ancestorTitles":["REQ_TRN__bracket_generation"],"fullName":"REQ_TRN__bracket_generation creates compact bracket with one bye for 3 players","status":"passed","title":"creates compact bracket with one bye for 3 players","duration":0.4211249999999893,"failureMessages":[],"meta":{}},{"ancestorTitles":["REQ_TRN__bracket_generation"],"fullName":"REQ_TRN__bracket_generation compact placement: N=5/6/7 one bye when odd","status":"passed","title":"compact placement: N=5/6/7 one bye when odd","duration":0.39170799999999417,"failureMessages":[],"meta":{}},{"ancestorTitles":["REQ_TRN__bracket_generation"],"fullName":"REQ_TRN__bracket_generation N=5: R1 bye goes to a non-bye advancer so R0 bye plays a winner","status":"passed","title":"N=5: R1 bye goes to a non-bye advancer so R0 bye plays a winner","duration":0.2612919999999974,"failureMessages":[],"meta":{}},{"ancestorTitles":["REQ_TRN__bracket_generation"],"fullName":"REQ_TRN__bracket_generation SE with 4 players includes third_place slots","status":"passed","title":"SE with 4 players includes third_place slots","duration":0.09295800000001009,"failureMessages":[],"meta":{}},{"ancestorTitles":["REQ_TRN__bracket_generation"],"fullName":"REQ_TRN__bracket_generation AT-TRN-015: retired V1 DE generation fails closed","status":"passed","title":"AT-TRN-015: retired V1 DE generation fails closed","duration":0.20008300000000645,"failureMessages":[],"meta":{}},{"ancestorTitles":["REQ_TRN__bracket_generation"],"fullName":"REQ_TRN__bracket_generation AT-TRN-010 helpers: applyMatchResult advances winner","status":"passed","title":"AT-TRN-010 helpers: applyMatchResult advances winner","duration":0.36991599999998925,"failureMessages":[],"meta":{}}],"startTime":1789778264654,"endTime":1789778264657.3699,"status":"passed","message":"","name":"/Users/liubavskii/.codex/worktrees/c870/tab10/packages/shared/src/tournament-bracket-v1.test.ts"},{"assertionResults":[{"ancestorTitles":["bracket-v2 SE"],"fullName":"bracket-v2 SE N=5: Challonge placement — bye seeds 1–3, play 4 vs 5","status":"passed","title":"N=5: Challonge placement — bye seeds 1–3, play 4 vs 5","duration":1.8045000000000186,"failureMessages":[],"meta":{}},{"ancestorTitles":["bracket-v2 SE"],"fullName":"bracket-v2 SE N=5 completes with N-1 competitive matches","status":"passed","title":"N=5 completes with N-1 competitive matches","duration":0.8087080000000242,"failureMessages":[],"meta":{}},{"ancestorTitles":["bracket-v2 SE"],"fullName":"bracket-v2 SE third place sources are semi losers (N=8)","status":"passed","title":"third place sources are semi losers (N=8)","duration":0.16158400000000483,"failureMessages":[],"meta":{}},{"ancestorTitles":["bracket-v2 DE topology golden"],"fullName":"bracket-v2 DE topology golden size 4 sources","status":"passed","title":"size 4 sources","duration":0.43458399999997255,"failureMessages":[],"meta":{}},{"ancestorTitles":["bracket-v2 DE topology golden"],"fullName":"bracket-v2 DE topology golden size 8 reverse drop L1","status":"passed","title":"size 8 reverse drop L1","duration":0.1716250000000059,"failureMessages":[],"meta":{}},{"ancestorTitles":["bracket-v2 DE topology golden"],"fullName":"bracket-v2 DE topology golden size 16 reverse drops","status":"passed","title":"size 16 reverse drops","duration":0.23341699999997445,"failureMessages":[],"meta":{}},{"ancestorTitles":["bracket-v2 GF2 activation"],"fullName":"bracket-v2 GF2 activation WB champion wins GF1 → GF2 inactive, tournament complete","status":"passed","title":"WB champion wins GF1 → GF2 inactive, tournament complete","duration":0.7081670000000031,"failureMessages":[],"meta":{}},{"ancestorTitles":["bracket-v2 GF2 activation"],"fullName":"bracket-v2 GF2 activation LB champion wins GF1 → GF2 active with both finalists","status":"passed","title":"LB champion wins GF1 → GF2 active with both finalists","duration":0.4382500000000391,"failureMessages":[],"meta":{}},{"ancestorTitles":["bracket-v2 empty / bye resolution"],"fullName":"bracket-v2 empty / bye resolution loser of auto-advanced WB is structurally_empty","status":"passed","title":"loser of auto-advanced WB is structurally_empty","duration":0.37204200000002174,"failureMessages":[],"meta":{}},{"ancestorTitles":["bracket-v2 empty / bye resolution"],"fullName":"bracket-v2 empty / bye resolution two structurally empty sources propagate emptiness","status":"passed","title":"two structurally empty sources propagate emptiness","duration":0.16787500000003774,"failureMessages":[],"meta":{}},{"ancestorTitles":["bracket-v2 DE complete sims"],"fullName":"bracket-v2 DE complete sims DE N=4 completes (lowerSeed)","status":"passed","title":"DE N=4 completes (lowerSeed)","duration":1.1084999999999923,"failureMessages":[],"meta":{}},{"ancestorTitles":["bracket-v2 DE complete sims"],"fullName":"bracket-v2 DE complete sims DE N=5 completes (lowerSeed)","status":"passed","title":"DE N=5 completes (lowerSeed)","duration":1.624541000000022,"failureMessages":[],"meta":{}},{"ancestorTitles":["bracket-v2 DE complete sims"],"fullName":"bracket-v2 DE complete sims DE N=6 completes (lowerSeed)","status":"passed","title":"DE N=6 completes (lowerSeed)","duration":1.7715829999999642,"failureMessages":[],"meta":{}},{"ancestorTitles":["bracket-v2 DE complete sims"],"fullName":"bracket-v2 DE complete sims DE N=7 completes (lowerSeed)","status":"passed","title":"DE N=7 completes (lowerSeed)","duration":1.8645839999999794,"failureMessages":[],"meta":{}},{"ancestorTitles":["bracket-v2 DE complete sims"],"fullName":"bracket-v2 DE complete sims DE N=8 completes (lowerSeed)","status":"passed","title":"DE N=8 completes (lowerSeed)","duration":3.3886660000000006,"failureMessages":[],"meta":{}},{"ancestorTitles":["bracket-v2 DE complete sims"],"fullName":"bracket-v2 DE complete sims DE N=9 completes (lowerSeed)","status":"passed","title":"DE N=9 completes (lowerSeed)","duration":8.84045900000001,"failureMessages":[],"meta":{}},{"ancestorTitles":["parseBracketJson"],"fullName":"parseBracketJson discriminates missing / v1 / v2 / unsupported / corrupt","status":"passed","title":"discriminates missing / v1 / v2 / unsupported / corrupt","duration":0.28616599999998016,"failureMessages":[],"meta":{}},{"ancestorTitles":["destinations index"],"fullName":"destinations index builds inverse without duplicate","status":"passed","title":"builds inverse without duplicate","duration":0.13387499999998909,"failureMessages":[],"meta":{}}],"startTime":1789778264735,"endTime":1789778264760.2861,"status":"passed","message":"","name":"/Users/liubavskii/.codex/worktrees/c870/tab10/packages/shared/src/bracket-v2/bracket-v2.test.ts"},{"assertionResults":[{"ancestorTitles":["compact DE exact golden topologies"],"fullName":"compact DE exact golden topologies N=3","status":"passed","title":"N=3","duration":2.3204170000000204,"failureMessages":[],"meta":{}},{"ancestorTitles":["compact DE exact golden topologies"],"fullName":"compact DE exact golden topologies N=5","status":"passed","title":"N=5","duration":0.3474579999999605,"failureMessages":[],"meta":{}},{"ancestorTitles":["compact DE exact golden topologies"],"fullName":"compact DE exact golden topologies N=6","status":"passed","title":"N=6","duration":0.32633300000003373,"failureMessages":[],"meta":{}},{"ancestorTitles":["compact DE exact golden topologies"],"fullName":"compact DE exact golden topologies N=7","status":"passed","title":"N=7","duration":0.2474589999999921,"failureMessages":[],"meta":{}},{"ancestorTitles":["compact DE exact golden topologies"],"fullName":"compact DE exact golden topologies N=5 simulates with 2N-2 competitive without reset path dominance","status":"passed","title":"N=5 simulates with 2N-2 competitive without reset path dominance","duration":1.8920840000000112,"failureMessages":[],"meta":{}}],"startTime":1789778264725,"endTime":1789778264729.892,"status":"passed","message":"","name":"/Users/liubavskii/.codex/worktrees/c870/tab10/packages/shared/src/bracket-v2/compact-de.golden.test.ts"},{"assertionResults":[{"ancestorTitles":["compact SE exact golden topologies"],"fullName":"compact SE exact golden topologies N=3","status":"passed","title":"N=3","duration":1.1972499999999968,"failureMessages":[],"meta":{}},{"ancestorTitles":["compact SE exact golden topologies"],"fullName":"compact SE exact golden topologies N=5","status":"passed","title":"N=5","duration":0.45379099999996697,"failureMessages":[],"meta":{}},{"ancestorTitles":["compact SE exact golden topologies"],"fullName":"compact SE exact golden topologies N=6","status":"passed","title":"N=6","duration":0.181666000000007,"failureMessages":[],"meta":{}},{"ancestorTitles":["compact SE exact golden topologies"],"fullName":"compact SE exact golden topologies N=7","status":"passed","title":"N=7","duration":0.17229199999997036,"failureMessages":[],"meta":{}},{"ancestorTitles":["compact SE exact golden topologies"],"fullName":"compact SE exact golden topologies N=5 topology differs from power_of_two","status":"passed","title":"N=5 topology differs from power_of_two","duration":0.7467909999999733,"failureMessages":[],"meta":{}}],"startTime":1789778264711,"endTime":1789778264713.7468,"status":"passed","message":"","name":"/Users/liubavskii/.codex/worktrees/c870/tab10/packages/shared/src/bracket-v2/compact-se.golden.test.ts"},{"assertionResults":[{"ancestorTitles":["bracket-v2 property N=3..64"],"fullName":"bracket-v2 property N=3..64 SE Po2 n=3 alwaysA","status":"passed","title":"SE Po2 n=3 alwaysA","duration":1.4742499999999836,"failureMessages":[],"meta":{}},{"ancestorTitles":["bracket-v2 property N=3..64"],"fullName":"bracket-v2 property N=3..64 SE Po2 n=3 alwaysB","status":"passed","title":"SE Po2 n=3 alwaysB","duration":0.17970800000000509,"failureMessages":[],"meta":{}},{"ancestorTitles":["bracket-v2 property N=3..64"],"fullName":"bracket-v2 property N=3..64 SE Po2 n=3 lowerSeed","status":"passed","title":"SE Po2 n=3 lowerSeed","duration":0.13508300000000872,"failureMessages":[],"meta":{}},{"ancestorTitles":["bracket-v2 property N=3..64"],"fullName":"bracket-v2 property N=3..64 SE Po2 n=3 higherSeed","status":"passed","title":"SE Po2 n=3 higherSeed","duration":0.12295899999998028,"failureMessages":[],"meta":{}},{"ancestorTitles":["bracket-v2 property N=3..64"],"fullName":"bracket-v2 property N=3..64 SE Po2 n=4 alwaysA","status":"passed","title":"SE Po2 n=4 alwaysA","duration":0.16829099999995378,"failureMessages":[],"meta":{}},{"ancestorTitles":["bracket-v2 property N=3..64"],"fullName":"bracket-v2 property N=3..64 SE Po2 n=4 alwaysB","status":"passed","title":"SE Po2 n=4 alwaysB","duration":0.11295900000004622,"failureMessages":[],"meta":{}},{"ancestorTitles":["bracket-v2 property N=3..64"],"fullName":"bracket-v2 property N=3..64 SE Po2 n=4 lowerSeed","status":"passed","title":"SE Po2 n=4 lowerSeed","duration":0.09616600000003928,"failureMessages":[],"meta":{}},{"ancestorTitles":["bracket-v2 property N=3..64"],"fullName":"bracket-v2 property N=3..64 SE Po2 n=4 higherSeed","status":"passed","title":"SE Po2 n=4 higherSeed","duration":0.10008299999998371,"failureMessages":[],"meta":{}},{"ancestorTitles":["bracket-v2 property N=3..64"],"fullName":"bracket-v2 property N=3..64 SE Po2 n=5 alwaysA","status":"passed","title":"SE Po2 n=5 alwaysA","duration":0.22274999999996226,"failureMessages":[],"meta":{}},{"ancestorTitles":["bracket-v2 property N=3..64"],"fullName":"bracket-v2 property N=3..64 SE Po2 n=5 alwaysB","status":"passed","title":"SE Po2 n=5 alwaysB","duration":0.22974999999996726,"failureMessages":[],"meta":{}},{"ancestorTitles":["bracket-v2 property N=3..64"],"fullName":"bracket-v2 property N=3..64 SE Po2 n=5 lowerSeed","status":"passed","title":"SE Po2 n=5 lowerSeed","duration":0.26120800000001054,"failureMessages":[],"meta":{}},{"ancestorTitles":["bracket-v2 property N=3..64"],"fullName":"bracket-v2 property N=3..64 SE Po2 n=5 higherSeed","status":"passed","title":"SE Po2 n=5 higherSeed","duration":0.18754099999995333,"failureMessages":[],"meta":{}},{"ancestorTitles":["bracket-v2 property N=3..64"],"fullName":"bracket-v2 property N=3..64 SE Po2 n=6 alwaysA","status":"passed","title":"SE Po2 n=6 alwaysA","duration":0.17925000000002456,"failureMessages":[],"meta":{}},{"ancestorTitles":["bracket-v2 property N=3..64"],"fullName":"bracket-v2 property N=3..64 SE Po2 n=6 alwaysB","status":"passed","title":"SE Po2 n=6 alwaysB","duration":0.17349999999999,"failureMessages":[],"meta":{}},{"ancestorTitles":["bracket-v2 property N=3..64"],"fullName":"bracket-v2 property N=3..64 SE Po2 n=6 lowerSeed","status":"passed","title":"SE Po2 n=6 lowerSeed","duration":0.17937499999999318,"failureMessages":[],"meta":{}},{"ancestorTitles":["bracket-v2 property N=3..64"],"fullName":"bracket-v2 property N=3..64 SE Po2 n=6 higherSeed","status":"passed","title":"SE Po2 n=6 higherSeed","duration":0.17945900000000847,"failureMessages":[],"meta":{}},{"ancestorTitles":["bracket-v2 property N=3..64"],"fullName":"bracket-v2 property N=3..64 SE Po2 n=7 alwaysA","status":"passed","title":"SE Po2 n=7 alwaysA","duration":0.20791600000001154,"failureMessages":[],"meta":{}},{"ancestorTitles":["bracket-v2 property N=3..64"],"fullName":"bracket-v2 property N=3..64 SE Po2 n=7 alwaysB","status":"passed","title":"SE Po2 n=7 alwaysB","duration":0.2044999999999959,"failureMessages":[],"meta":{}},{"ancestorTitles":["bracket-v2 property N=3..64"],"fullName":"bracket-v2 property N=3..64 SE Po2 n=7 lowerSeed","status":"passed","title":"SE Po2 n=7 lowerSeed","duration":0.23750000000001137,"failureMessages":[],"meta":{}},{"ancestorTitles":["bracket-v2 property N=3..64"],"fullName":"bracket-v2 property N=3..64 SE Po2 n=7 higherSeed","status":"passed","title":"SE Po2 n=7 higherSeed","duration":0.21545800000001236,"failureMessages":[],"meta":{}},{"ancestorTitles":["bracket-v2 property N=3..64"],"fullName":"bracket-v2 property N=3..64 SE Po2 n=8 alwaysA","status":"passed","title":"SE Po2 n=8 alwaysA","duration":0.32554199999998445,"failureMessages":[],"meta":{}},{"ancestorTitles":["bracket-v2 property N=3..64"],"fullName":"bracket-v2 property N=3..64 SE Po2 n=8 alwaysB","status":"passed","title":"SE Po2 n=8 alwaysB","duration":0.20629199999996217,"failureMessages":[],"meta":{}},{"ancestorTitles":["bracket-v2 property N=3..64"],"fullName":"bracket-v2 property N=3..64 SE Po2 n=8 lowerSeed","status":"passed","title":"SE Po2 n=8 lowerSeed","duration":1.564875000000029,"failureMessages":[],"meta":{}},{"ancestorTitles":["bracket-v2 property N=3..64"],"fullName":"bracket-v2 property N=3..64 SE Po2 n=8 higherSeed","status":"passed","title":"SE Po2 n=8 higherSeed","duration":0.2665839999999662,"failureMessages":[],"meta":{}},{"ancestorTitles":["bracket-v2 property N=3..64"],"fullName":"bracket-v2 property N=3..64 SE Po2 n=9 alwaysA","status":"passed","title":"SE Po2 n=9 alwaysA","duration":0.5713749999999891,"failureMessages":[],"meta":{}},{"ancestorTitles":["bracket-v2 property N=3..64"],"fullName":"bracket-v2 property N=3..64 SE Po2 n=9 alwaysB","status":"passed","title":"SE Po2 n=9 alwaysB","duration":1.071374999999989,"failureMessages":[],"meta":{}},{"ancestorTitles":["bracket-v2 property N=3..64"],"fullName":"bracket-v2 property N=3..64 SE Po2 n=9 lowerSeed","status":"passed","title":"SE Po2 n=9 lowerSeed","duration":0.6487919999999576,"failureMessages":[],"meta":{}},{"ancestorTitles":["bracket-v2 property N=3..64"],"fullName":"bracket-v2 property N=3..64 SE Po2 n=9 higherSeed","status":"passed","title":"SE Po2 n=9 higherSeed","duration":0.6723749999999882,"failureMessages":[],"meta":{}},{"ancestorTitles":["bracket-v2 property N=3..64"],"fullName":"bracket-v2 property N=3..64 SE Po2 n=10 alwaysA","status":"passed","title":"SE Po2 n=10 alwaysA","duration":2.089417000000026,"failureMessages":[],"meta":{}},{"ancestorTitles":["bracket-v2 property N=3..64"],"fullName":"bracket-v2 property N=3..64 SE Po2 n=10 alwaysB","status":"passed","title":"SE Po2 n=10 alwaysB","duration":0.5484169999999722,"failureMessages":[],"meta":{}},{"ancestorTitles":["bracket-v2 property N=3..64"],"fullName":"bracket-v2 property N=3..64 SE Po2 n=10 lowerSeed","status":"passed","title":"SE Po2 n=10 lowerSeed","duration":0.52800000000002,"failureMessages":[],"meta":{}},{"ancestorTitles":["bracket-v2 property N=3..64"],"fullName":"bracket-v2 property N=3..64 SE Po2 n=10 higherSeed","status":"passed","title":"SE Po2 n=10 higherSeed","duration":0.5556249999999636,"failureMessages":[],"meta":{}},{"ancestorTitles":["bracket-v2 property N=3..64"],"fullName":"bracket-v2 property N=3..64 SE Po2 n=11 alwaysA","status":"passed","title":"SE Po2 n=11 alwaysA","duration":0.7342080000000237,"failureMessages":[],"meta":{}},{"ancestorTitles":["bracket-v2 property N=3..64"],"fullName":"bracket-v2 property N=3..64 SE Po2 n=11 alwaysB","status":"passed","title":"SE Po2 n=11 alwaysB","duration":0.6041669999999613,"failureMessages":[],"meta":{}},{"ancestorTitles":["bracket-v2 property N=3..64"],"fullName":"bracket-v2 property N=3..64 SE Po2 n=11 lowerSeed","status":"passed","title":"SE Po2 n=11 lowerSeed","duration":0.5896250000000123,"failureMessages":[],"meta":{}},{"ancestorTitles":["bracket-v2 property N=3..64"],"fullName":"bracket-v2 property N=3..64 SE Po2 n=11 higherSeed","status":"passed","title":"SE Po2 n=11 higherSeed","duration":0.5882080000000087,"failureMessages":[],"meta":{}},{"ancestorTitles":["bracket-v2 property N=3..64"],"fullName":"bracket-v2 property N=3..64 SE Po2 n=12 alwaysA","status":"passed","title":"SE Po2 n=12 alwaysA","duration":1.2431669999999713,"failureMessages":[],"meta":{}},{"ancestorTitles":["bracket-v2 property N=3..64"],"fullName":"bracket-v2 property N=3..64 SE Po2 n=12 alwaysB","status":"passed","title":"SE Po2 n=12 alwaysB","duration":0.7391250000000014,"failureMessages":[],"meta":{}},{"ancestorTitles":["bracket-v2 property N=3..64"],"fullName":"bracket-v2 property N=3..64 SE Po2 n=12 lowerSeed","status":"passed","title":"SE Po2 n=12 lowerSeed","duration":0.6892909999999688,"failureMessages":[],"meta":{}},{"ancestorTitles":["bracket-v2 property N=3..64"],"fullName":"bracket-v2 property N=3..64 SE Po2 n=12 higherSeed","status":"passed","title":"SE Po2 n=12 higherSeed","duration":0.6996659999999792,"failureMessages":[],"meta":{}},{"ancestorTitles":["bracket-v2 property N=3..64"],"fullName":"bracket-v2 property N=3..64 SE Po2 n=13 alwaysA","status":"passed","title":"SE Po2 n=13 alwaysA","duration":0.9078329999999823,"failureMessages":[],"meta":{}},{"ancestorTitles":["bracket-v2 property N=3..64"],"fullName":"bracket-v2 property N=3..64 SE Po2 n=13 alwaysB","status":"passed","title":"SE Po2 n=13 alwaysB","duration":0.6939590000000067,"failureMessages":[],"meta":{}},{"ancestorTitles":["bracket-v2 property N=3..64"],"fullName":"bracket-v2 property N=3..64 SE Po2 n=13 lowerSeed","status":"passed","title":"SE Po2 n=13 lowerSeed","duration":1.7862080000000446,"failureMessages":[],"meta":{}},{"ancestorTitles":["bracket-v2 property N=3..64"],"fullName":"bracket-v2 property N=3..64 SE Po2 n=13 higherSeed","status":"passed","title":"SE Po2 n=13 higherSeed","duration":0.6909579999999664,"failureMessages":[],"meta":{}},{"ancestorTitles":["bracket-v2 property N=3..64"],"fullName":"bracket-v2 property N=3..64 SE Po2 n=14 alwaysA","status":"passed","title":"SE Po2 n=14 alwaysA","duration":0.8703330000000165,"failureMessages":[],"meta":{}},{"ancestorTitles":["bracket-v2 property N=3..64"],"fullName":"bracket-v2 property N=3..64 SE Po2 n=14 alwaysB","status":"passed","title":"SE Po2 n=14 alwaysB","duration":0.7509160000000179,"failureMessages":[],"meta":{}},{"ancestorTitles":["bracket-v2 property N=3..64"],"fullName":"bracket-v2 property N=3..64 SE Po2 n=14 lowerSeed","status":"passed","title":"SE Po2 n=14 lowerSeed","duration":0.7314999999999827,"failureMessages":[],"meta":{}},{"ancestorTitles":["bracket-v2 property N=3..64"],"fullName":"bracket-v2 property N=3..64 SE Po2 n=14 higherSeed","status":"passed","title":"SE Po2 n=14 higherSeed","duration":0.8184590000000185,"failureMessages":[],"meta":{}},{"ancestorTitles":["bracket-v2 property N=3..64"],"fullName":"bracket-v2 property N=3..64 SE Po2 n=15 alwaysA","status":"passed","title":"SE Po2 n=15 alwaysA","duration":0.8030830000000151,"failureMessages":[],"meta":{}},{"ancestorTitles":["bracket-v2 property N=3..64"],"fullName":"bracket-v2 property N=3..64 SE Po2 n=15 alwaysB","status":"passed","title":"SE Po2 n=15 alwaysB","duration":0.822208000000046,"failureMessages":[],"meta":{}},{"ancestorTitles":["bracket-v2 property N=3..64"],"fullName":"bracket-v2 property N=3..64 SE Po2 n=15 lowerSeed","status":"passed","title":"SE Po2 n=15 lowerSeed","duration":0.8643330000000446,"failureMessages":[],"meta":{}},{"ancestorTitles":["bracket-v2 property N=3..64"],"fullName":"bracket-v2 property N=3..64 SE Po2 n=15 higherSeed","status":"passed","title":"SE Po2 n=15 higherSeed","duration":0.7502920000000017,"failureMessages":[],"meta":{}},{"ancestorTitles":["bracket-v2 property N=3..64"],"fullName":"bracket-v2 property N=3..64 SE Po2 n=16 alwaysA","status":"passed","title":"SE Po2 n=16 alwaysA","duration":0.8974589999999694,"failureMessages":[],"meta":{}},{"ancestorTitles":["bracket-v2 property N=3..64"],"fullName":"bracket-v2 property N=3..64 SE Po2 n=16 alwaysB","status":"passed","title":"SE Po2 n=16 alwaysB","duration":1.0809169999999995,"failureMessages":[],"meta":{}},{"ancestorTitles":["bracket-v2 property N=3..64"],"fullName":"bracket-v2 property N=3..64 SE Po2 n=16 lowerSeed","status":"passed","title":"SE Po2 n=16 lowerSeed","duration":0.8570839999999862,"failureMessages":[],"meta":{}},{"ancestorTitles":["bracket-v2 property N=3..64"],"fullName":"bracket-v2 property N=3..64 SE Po2 n=16 higherSeed","status":"passed","title":"SE Po2 n=16 higherSeed","duration":1.016458,"failureMessages":[],"meta":{}},{"ancestorTitles":["bracket-v2 property N=3..64"],"fullName":"bracket-v2 property N=3..64 SE Po2 n=17 alwaysA","status":"passed","title":"SE Po2 n=17 alwaysA","duration":2.830332999999996,"failureMessages":[],"meta":{}},{"ancestorTitles":["bracket-v2 property N=3..64"],"fullName":"bracket-v2 property N=3..64 SE Po2 n=17 alwaysB","status":"passed","title":"SE Po2 n=17 alwaysB","duration":3.3555829999999673,"failureMessages":[],"meta":{}},{"ancestorTitles":["bracket-v2 property N=3..64"],"fullName":"bracket-v2 property N=3..64 SE Po2 n=17 lowerSeed","status":"passed","title":"SE Po2 n=17 lowerSeed","duration":3.227374999999995,"failureMessages":[],"meta":{}},{"ancestorTitles":["bracket-v2 property N=3..64"],"fullName":"bracket-v2 property N=3..64 SE Po2 n=17 higherSeed","status":"passed","title":"SE Po2 n=17 higherSeed","duration":2.900707999999952,"failureMessages":[],"meta":{}},{"ancestorTitles":["bracket-v2 property N=3..64"],"fullName":"bracket-v2 property N=3..64 SE Po2 n=18 alwaysA","status":"passed","title":"SE Po2 n=18 alwaysA","duration":4.219833999999992,"failureMessages":[],"meta":{}},{"ancestorTitles":["bracket-v2 property N=3..64"],"fullName":"bracket-v2 property N=3..64 SE Po2 n=18 alwaysB","status":"passed","title":"SE Po2 n=18 alwaysB","duration":5.728749999999991,"failureMessages":[],"meta":{}},{"ancestorTitles":["bracket-v2 property N=3..64"],"fullName":"bracket-v2 property N=3..64 SE Po2 n=18 lowerSeed","status":"passed","title":"SE Po2 n=18 lowerSeed","duration":4.0628339999999525,"failureMessages":[],"meta":{}},{"ancestorTitles":["bracket-v2 property N=3..64"],"fullName":"bracket-v2 property N=3..64 SE Po2 n=18 higherSeed","status":"passed","title":"SE Po2 n=18 higherSeed","duration":3.688250000000039,"failureMessages":[],"meta":{}},{"ancestorTitles":["bracket-v2 property N=3..64"],"fullName":"bracket-v2 property N=3..64 SE Po2 n=19 alwaysA","status":"passed","title":"SE Po2 n=19 alwaysA","duration":4.428083000000015,"failureMessages":[],"meta":{}},{"ancestorTitles":["bracket-v2 property N=3..64"],"fullName":"bracket-v2 property N=3..64 SE Po2 n=19 alwaysB","status":"passed","title":"SE Po2 n=19 alwaysB","duration":4.232916999999986,"failureMessages":[],"meta":{}},{"ancestorTitles":["bracket-v2 property N=3..64"],"fullName":"bracket-v2 property N=3..64 SE Po2 n=19 lowerSeed","status":"passed","title":"SE Po2 n=19 lowerSeed","duration":4.3129579999999805,"failureMessages":[],"meta":{}},{"ancestorTitles":["bracket-v2 property N=3..64"],"fullName":"bracket-v2 property N=3..64 SE Po2 n=19 higherSeed","status":"passed","title":"SE Po2 n=19 higherSeed","duration":5.125041999999951,"failureMessages":[],"meta":{}},{"ancestorTitles":["bracket-v2 property N=3..64"],"fullName":"bracket-v2 property N=3..64 SE Po2 n=20 alwaysA","status":"passed","title":"SE Po2 n=20 alwaysA","duration":4.218208000000004,"failureMessages":[],"meta":{}},{"ancestorTitles":["bracket-v2 property N=3..64"],"fullName":"bracket-v2 property N=3..64 SE Po2 n=20 alwaysB","status":"passed","title":"SE Po2 n=20 alwaysB","duration":4.443333999999993,"failureMessages":[],"meta":{}},{"ancestorTitles":["bracket-v2 property N=3..64"],"fullName":"bracket-v2 property N=3..64 SE Po2 n=20 lowerSeed","status":"passed","title":"SE Po2 n=20 lowerSeed","duration":4.113332999999955,"failureMessages":[],"meta":{}},{"ancestorTitles":["bracket-v2 property N=3..64"],"fullName":"bracket-v2 property N=3..64 SE Po2 n=20 higherSeed","status":"passed","title":"SE Po2 n=20 higherSeed","duration":3.7485840000000508,"failureMessages":[],"meta":{}},{"ancestorTitles":["bracket-v2 property N=3..64"],"fullName":"bracket-v2 property N=3..64 SE Po2 n=21 alwaysA","status":"passed","title":"SE Po2 n=21 alwaysA","duration":4.09216600000002,"failureMessages":[],"meta":{}},{"ancestorTitles":["bracket-v2 property N=3..64"],"fullName":"bracket-v2 property N=3..64 SE Po2 n=21 alwaysB","status":"passed","title":"SE Po2 n=21 alwaysB","duration":4.488083000000017,"failureMessages":[],"meta":{}},{"ancestorTitles":["bracket-v2 property N=3..64"],"fullName":"bracket-v2 property N=3..64 SE Po2 n=21 lowerSeed","status":"passed","title":"SE Po2 n=21 lowerSeed","duration":4.194249999999954,"failureMessages":[],"meta":{}},{"ancestorTitles":["bracket-v2 property N=3..64"],"fullName":"bracket-v2 property N=3..64 SE Po2 n=21 higherSeed","status":"passed","title":"SE Po2 n=21 higherSeed","duration":4.199583999999959,"failureMessages":[],"meta":{}},{"ancestorTitles":["bracket-v2 property N=3..64"],"fullName":"bracket-v2 property N=3..64 SE Po2 n=22 alwaysA","status":"passed","title":"SE Po2 n=22 alwaysA","duration":4.367999999999995,"failureMessages":[],"meta":{}},{"ancestorTitles":["bracket-v2 property N=3..64"],"fullName":"bracket-v2 property N=3..64 SE Po2 n=22 alwaysB","status":"passed","title":"SE Po2 n=22 alwaysB","duration":4.331250000000011,"failureMessages":[],"meta":{}},{"ancestorTitles":["bracket-v2 property N=3..64"],"fullName":"bracket-v2 property N=3..64 SE Po2 n=22 lowerSeed","status":"passed","title":"SE Po2 n=22 lowerSeed","duration":4.625333000000012,"failureMessages":[],"meta":{}},{"ancestorTitles":["bracket-v2 property N=3..64"],"fullName":"bracket-v2 property N=3..64 SE Po2 n=22 higherSeed","status":"passed","title":"SE Po2 n=22 higherSeed","duration":4.309416999999996,"failureMessages":[],"meta":{}},{"ancestorTitles":["bracket-v2 property N=3..64"],"fullName":"bracket-v2 property N=3..64 SE Po2 n=23 alwaysA","status":"passed","title":"SE Po2 n=23 alwaysA","duration":4.829707999999982,"failureMessages":[],"meta":{}},{"ancestorTitles":["bracket-v2 property N=3..64"],"fullName":"bracket-v2 property N=3..64 SE Po2 n=23 alwaysB","status":"passed","title":"SE Po2 n=23 alwaysB","duration":4.865708999999981,"failureMessages":[],"meta":{}},{"ancestorTitles":["bracket-v2 property N=3..64"],"fullName":"bracket-v2 property N=3..64 SE Po2 n=23 lowerSeed","status":"passed","title":"SE Po2 n=23 lowerSeed","duration":4.732458999999949,"failureMessages":[],"meta":{}},{"ancestorTitles":["bracket-v2 property N=3..64"],"fullName":"bracket-v2 property N=3..64 SE Po2 n=23 higherSeed","status":"passed","title":"SE Po2 n=23 higherSeed","duration":4.694165999999996,"failureMessages":[],"meta":{}},{"ancestorTitles":["bracket-v2 property N=3..64"],"fullName":"bracket-v2 property N=3..64 SE Po2 n=24 alwaysA","status":"passed","title":"SE Po2 n=24 alwaysA","duration":5.404875000000004,"failureMessages":[],"meta":{}},{"ancestorTitles":["bracket-v2 property N=3..64"],"fullName":"bracket-v2 property N=3..64 SE Po2 n=24 alwaysB","status":"passed","title":"SE Po2 n=24 alwaysB","duration":5.127875000000017,"failureMessages":[],"meta":{}},{"ancestorTitles":["bracket-v2 property N=3..64"],"fullName":"bracket-v2 property N=3..64 SE Po2 n=24 lowerSeed","status":"passed","title":"SE Po2 n=24 lowerSeed","duration":5.3319589999999835,"failureMessages":[],"meta":{}},{"ancestorTitles":["bracket-v2 property N=3..64"],"fullName":"bracket-v2 property N=3..64 SE Po2 n=24 higherSeed","status":"passed","title":"SE Po2 n=24 higherSeed","duration":5.104249999999979,"failureMessages":[],"meta":{}},{"ancestorTitles":["bracket-v2 property N=3..64"],"fullName":"bracket-v2 property N=3..64 SE Po2 n=25 alwaysA","status":"passed","title":"SE Po2 n=25 alwaysA","duration":5.191374999999994,"failureMessages":[],"meta":{}},{"ancestorTitles":["bracket-v2 property N=3..64"],"fullName":"bracket-v2 property N=3..64 SE Po2 n=25 alwaysB","status":"passed","title":"SE Po2 n=25 alwaysB","duration":5.656917000000021,"failureMessages":[],"meta":{}},{"ancestorTitles":["bracket-v2 property N=3..64"],"fullName":"bracket-v2 property N=3..64 SE Po2 n=25 lowerSeed","status":"passed","title":"SE Po2 n=25 lowerSeed","duration":5.5333329999999705,"failureMessages":[],"meta":{}},{"ancestorTitles":["bracket-v2 property N=3..64"],"fullName":"bracket-v2 property N=3..64 SE Po2 n=25 higherSeed","status":"passed","title":"SE Po2 n=25 higherSeed","duration":5.676958000000013,"failureMessages":[],"meta":{}},{"ancestorTitles":["bracket-v2 property N=3..64"],"fullName":"bracket-v2 property N=3..64 SE Po2 n=26 alwaysA","status":"passed","title":"SE Po2 n=26 alwaysA","duration":5.6510000000000105,"failureMessages":[],"meta":{}},{"ancestorTitles":["bracket-v2 property N=3..64"],"fullName":"bracket-v2 property N=3..64 SE Po2 n=26 alwaysB","status":"passed","title":"SE Po2 n=26 alwaysB","duration":5.488875000000007,"failureMessages":[],"meta":{}},{"ancestorTitles":["bracket-v2 property N=3..64"],"fullName":"bracket-v2 property N=3..64 SE Po2 n=26 lowerSeed","status":"passed","title":"SE Po2 n=26 lowerSeed","duration":5.539667000000009,"failureMessages":[],"meta":{}},{"ancestorTitles":["bracket-v2 property N=3..64"],"fullName":"bracket-v2 property N=3..64 SE Po2 n=26 higherSeed","status":"passed","title":"SE Po2 n=26 higherSeed","duration":5.364459000000011,"failureMessages":[],"meta":{}},{"ancestorTitles":["bracket-v2 property N=3..64"],"fullName":"bracket-v2 property N=3..64 SE Po2 n=27 alwaysA","status":"passed","title":"SE Po2 n=27 alwaysA","duration":5.542874999999981,"failureMessages":[],"meta":{}},{"ancestorTitles":["bracket-v2 property N=3..64"],"fullName":"bracket-v2 property N=3..64 SE Po2 n=27 alwaysB","status":"passed","title":"SE Po2 n=27 alwaysB","duration":5.794208000000026,"failureMessages":[],"meta":{}},{"ancestorTitles":["bracket-v2 property N=3..64"],"fullName":"bracket-v2 property N=3..64 SE Po2 n=27 lowerSeed","status":"passed","title":"SE Po2 n=27 lowerSeed","duration":5.5694579999999405,"failureMessages":[],"meta":{}},{"ancestorTitles":["bracket-v2 property N=3..64"],"fullName":"bracket-v2 property N=3..64 SE Po2 n=27 higherSeed","status":"passed","title":"SE Po2 n=27 higherSeed","duration":5.770250000000033,"failureMessages":[],"meta":{}},{"ancestorTitles":["bracket-v2 property N=3..64"],"fullName":"bracket-v2 property N=3..64 SE Po2 n=28 alwaysA","status":"passed","title":"SE Po2 n=28 alwaysA","duration":6.090792000000079,"failureMessages":[],"meta":{}},{"ancestorTitles":["bracket-v2 property N=3..64"],"fullName":"bracket-v2 property N=3..64 SE Po2 n=28 alwaysB","status":"passed","title":"SE Po2 n=28 alwaysB","duration":6.228041999999959,"failureMessages":[],"meta":{}},{"ancestorTitles":["bracket-v2 property N=3..64"],"fullName":"bracket-v2 property N=3..64 SE Po2 n=28 lowerSeed","status":"passed","title":"SE Po2 n=28 lowerSeed","duration":5.942875000000072,"failureMessages":[],"meta":{}},{"ancestorTitles":["bracket-v2 property N=3..64"],"fullName":"bracket-v2 property N=3..64 SE Po2 n=28 higherSeed","status":"passed","title":"SE Po2 n=28 higherSeed","duration":6.0841669999999795,"failureMessages":[],"meta":{}},{"ancestorTitles":["bracket-v2 property N=3..64"],"fullName":"bracket-v2 property N=3..64 SE Po2 n=29 alwaysA","status":"passed","title":"SE Po2 n=29 alwaysA","duration":6.201792000000069,"failureMessages":[],"meta":{}},{"ancestorTitles":["bracket-v2 property N=3..64"],"fullName":"bracket-v2 property N=3..64 SE Po2 n=29 alwaysB","status":"passed","title":"SE Po2 n=29 alwaysB","duration":6.551000000000045,"failureMessages":[],"meta":{}},{"ancestorTitles":["bracket-v2 property N=3..64"],"fullName":"bracket-v2 property N=3..64 SE Po2 n=29 lowerSeed","status":"passed","title":"SE Po2 n=29 lowerSeed","duration":6.22341700000004,"failureMessages":[],"meta":{}},{"ancestorTitles":["bracket-v2 property N=3..64"],"fullName":"bracket-v2 property N=3..64 SE Po2 n=29 higherSeed","status":"passed","title":"SE Po2 n=29 higherSeed","duration":6.063458000000082,"failureMessages":[],"meta":{}},{"ancestorTitles":["bracket-v2 property N=3..64"],"fullName":"bracket-v2 property N=3..64 SE Po2 n=30 alwaysA","status":"passed","title":"SE Po2 n=30 alwaysA","duration":6.361374999999953,"failureMessages":[],"meta":{}},{"ancestorTitles":["bracket-v2 property N=3..64"],"fullName":"bracket-v2 property N=3..64 SE Po2 n=30 alwaysB","status":"passed","title":"SE Po2 n=30 alwaysB","duration":6.420791000000008,"failureMessages":[],"meta":{}},{"ancestorTitles":["bracket-v2 property N=3..64"],"fullName":"bracket-v2 property N=3..64 SE Po2 n=30 lowerSeed","status":"passed","title":"SE Po2 n=30 lowerSeed","duration":6.423416999999972,"failureMessages":[],"meta":{}},{"ancestorTitles":["bracket-v2 property N=3..64"],"fullName":"bracket-v2 property N=3..64 SE Po2 n=30 higherSeed","status":"passed","title":"SE Po2 n=30 higherSeed","duration":6.9852919999999585,"failureMessages":[],"meta":{}},{"ancestorTitles":["bracket-v2 property N=3..64"],"fullName":"bracket-v2 property N=3..64 SE Po2 n=31 alwaysA","status":"passed","title":"SE Po2 n=31 alwaysA","duration":6.786875000000009,"failureMessages":[],"meta":{}},{"ancestorTitles":["bracket-v2 property N=3..64"],"fullName":"bracket-v2 property N=3..64 SE Po2 n=31 alwaysB","status":"passed","title":"SE Po2 n=31 alwaysB","duration":6.798333000000071,"failureMessages":[],"meta":{}},{"ancestorTitles":["bracket-v2 property N=3..64"],"fullName":"bracket-v2 property N=3..64 SE Po2 n=31 lowerSeed","status":"passed","title":"SE Po2 n=31 lowerSeed","duration":6.6830830000000105,"failureMessages":[],"meta":{}},{"ancestorTitles":["bracket-v2 property N=3..64"],"fullName":"bracket-v2 property N=3..64 SE Po2 n=31 higherSeed","status":"passed","title":"SE Po2 n=31 higherSeed","duration":6.785834000000023,"failureMessages":[],"meta":{}},{"ancestorTitles":["bracket-v2 property N=3..64"],"fullName":"bracket-v2 property N=3..64 SE Po2 n=32 alwaysA","status":"passed","title":"SE Po2 n=32 alwaysA","duration":6.941583000000037,"failureMessages":[],"meta":{}},{"ancestorTitles":["bracket-v2 property N=3..64"],"fullName":"bracket-v2 property N=3..64 SE Po2 n=32 alwaysB","status":"passed","title":"SE Po2 n=32 alwaysB","duration":6.860416999999984,"failureMessages":[],"meta":{}},{"ancestorTitles":["bracket-v2 property N=3..64"],"fullName":"bracket-v2 property N=3..64 SE Po2 n=32 lowerSeed","status":"passed","title":"SE Po2 n=32 lowerSeed","duration":7.133707999999956,"failureMessages":[],"meta":{}},{"ancestorTitles":["bracket-v2 property N=3..64"],"fullName":"bracket-v2 property N=3..64 SE Po2 n=32 higherSeed","status":"passed","title":"SE Po2 n=32 higherSeed","duration":7.018500000000017,"failureMessages":[],"meta":{}},{"ancestorTitles":["bracket-v2 property N=3..64"],"fullName":"bracket-v2 property N=3..64 SE Po2 n=33 alwaysA","status":"passed","title":"SE Po2 n=33 alwaysA","duration":24.702750000000037,"failureMessages":[],"meta":{}},{"ancestorTitles":["bracket-v2 property N=3..64"],"fullName":"bracket-v2 property N=3..64 SE Po2 n=33 alwaysB","status":"passed","title":"SE Po2 n=33 alwaysB","duration":22.85733300000004,"failureMessages":[],"meta":{}},{"ancestorTitles":["bracket-v2 property N=3..64"],"fullName":"bracket-v2 property N=3..64 SE Po2 n=33 lowerSeed","status":"passed","title":"SE Po2 n=33 lowerSeed","duration":22.684791999999902,"failureMessages":[],"meta":{}},{"ancestorTitles":["bracket-v2 property N=3..64"],"fullName":"bracket-v2 property N=3..64 SE Po2 n=33 higherSeed","status":"passed","title":"SE Po2 n=33 higherSeed","duration":22.24579099999994,"failureMessages":[],"meta":{}},{"ancestorTitles":["bracket-v2 property N=3..64"],"fullName":"bracket-v2 property N=3..64 SE Po2 n=34 alwaysA","status":"passed","title":"SE Po2 n=34 alwaysA","duration":23.88012500000002,"failureMessages":[],"meta":{}},{"ancestorTitles":["bracket-v2 property N=3..64"],"fullName":"bracket-v2 property N=3..64 SE Po2 n=34 alwaysB","status":"passed","title":"SE Po2 n=34 alwaysB","duration":23.659666000000016,"failureMessages":[],"meta":{}},{"ancestorTitles":["bracket-v2 property N=3..64"],"fullName":"bracket-v2 property N=3..64 SE Po2 n=34 lowerSeed","status":"passed","title":"SE Po2 n=34 lowerSeed","duration":24.03341599999999,"failureMessages":[],"meta":{}},{"ancestorTitles":["bracket-v2 property N=3..64"],"fullName":"bracket-v2 property N=3..64 SE Po2 n=34 higherSeed","status":"passed","title":"SE Po2 n=34 higherSeed","duration":24.041582999999946,"failureMessages":[],"meta":{}},{"ancestorTitles":["bracket-v2 property N=3..64"],"fullName":"bracket-v2 property N=3..64 SE Po2 n=35 alwaysA","status":"passed","title":"SE Po2 n=35 alwaysA","duration":25.272249999999985,"failureMessages":[],"meta":{}},{"ancestorTitles":["bracket-v2 property N=3..64"],"fullName":"bracket-v2 property N=3..64 SE Po2 n=35 alwaysB","status":"passed","title":"SE Po2 n=35 alwaysB","duration":24.833917000000042,"failureMessages":[],"meta":{}},{"ancestorTitles":["bracket-v2 property N=3..64"],"fullName":"bracket-v2 property N=3..64 SE Po2 n=35 lowerSeed","status":"passed","title":"SE Po2 n=35 lowerSeed","duration":25.234000000000037,"failureMessages":[],"meta":{}},{"ancestorTitles":["bracket-v2 property N=3..64"],"fullName":"bracket-v2 property N=3..64 SE Po2 n=35 higherSeed","status":"passed","title":"SE Po2 n=35 higherSeed","duration":25.504249999999956,"failureMessages":[],"meta":{}},{"ancestorTitles":["bracket-v2 property N=3..64"],"fullName":"bracket-v2 property N=3..64 SE Po2 n=36 alwaysA","status":"passed","title":"SE Po2 n=36 alwaysA","duration":26.803125000000023,"failureMessages":[],"meta":{}},{"ancestorTitles":["bracket-v2 property N=3..64"],"fullName":"bracket-v2 property N=3..64 SE Po2 n=36 alwaysB","status":"passed","title":"SE Po2 n=36 alwaysB","duration":26.548832999999945,"failureMessages":[],"meta":{}},{"ancestorTitles":["bracket-v2 property N=3..64"],"fullName":"bracket-v2 property N=3..64 SE Po2 n=36 lowerSeed","status":"passed","title":"SE Po2 n=36 lowerSeed","duration":26.779624999999896,"failureMessages":[],"meta":{}},{"ancestorTitles":["bracket-v2 property N=3..64"],"fullName":"bracket-v2 property N=3..64 SE Po2 n=36 higherSeed","status":"passed","title":"SE Po2 n=36 higherSeed","duration":26.28487499999983,"failureMessages":[],"meta":{}},{"ancestorTitles":["bracket-v2 property N=3..64"],"fullName":"bracket-v2 property N=3..64 SE Po2 n=37 alwaysA","status":"passed","title":"SE Po2 n=37 alwaysA","duration":27.965624999999818,"failureMessages":[],"meta":{}},{"ancestorTitles":["bracket-v2 property N=3..64"],"fullName":"bracket-v2 property N=3..64 SE Po2 n=37 alwaysB","status":"passed","title":"SE Po2 n=37 alwaysB","duration":27.910665999999992,"failureMessages":[],"meta":{}},{"ancestorTitles":["bracket-v2 property N=3..64"],"fullName":"bracket-v2 property N=3..64 SE Po2 n=37 lowerSeed","status":"passed","title":"SE Po2 n=37 lowerSeed","duration":27.841250000000173,"failureMessages":[],"meta":{}},{"ancestorTitles":["bracket-v2 property N=3..64"],"fullName":"bracket-v2 property N=3..64 SE Po2 n=37 higherSeed","status":"passed","title":"SE Po2 n=37 higherSeed","duration":27.80625000000009,"failureMessages":[],"meta":{}},{"ancestorTitles":["bracket-v2 property N=3..64"],"fullName":"bracket-v2 property N=3..64 SE Po2 n=38 alwaysA","status":"passed","title":"SE Po2 n=38 alwaysA","duration":29.172915999999987,"failureMessages":[],"meta":{}},{"ancestorTitles":["bracket-v2 property N=3..64"],"fullName":"bracket-v2 property N=3..64 SE Po2 n=38 alwaysB","status":"passed","title":"SE Po2 n=38 alwaysB","duration":28.953624999999874,"failureMessages":[],"meta":{}},{"ancestorTitles":["bracket-v2 property N=3..64"],"fullName":"bracket-v2 property N=3..64 SE Po2 n=38 lowerSeed","status":"passed","title":"SE Po2 n=38 lowerSeed","duration":28.906833000000006,"failureMessages":[],"meta":{}},{"ancestorTitles":["bracket-v2 property N=3..64"],"fullName":"bracket-v2 property N=3..64 SE Po2 n=38 higherSeed","status":"passed","title":"SE Po2 n=38 higherSeed","duration":29.543915999999854,"failureMessages":[],"meta":{}},{"ancestorTitles":["bracket-v2 property N=3..64"],"fullName":"bracket-v2 property N=3..64 SE Po2 n=39 alwaysA","status":"passed","title":"SE Po2 n=39 alwaysA","duration":30.253666000000067,"failureMessages":[],"meta":{}},{"ancestorTitles":["bracket-v2 property N=3..64"],"fullName":"bracket-v2 property N=3..64 SE Po2 n=39 alwaysB","status":"passed","title":"SE Po2 n=39 alwaysB","duration":30.945958999999903,"failureMessages":[],"meta":{}},{"ancestorTitles":["bracket-v2 property N=3..64"],"fullName":"bracket-v2 property N=3..64 SE Po2 n=39 lowerSeed","status":"passed","title":"SE Po2 n=39 lowerSeed","duration":30.700417000000016,"failureMessages":[],"meta":{}},{"ancestorTitles":["bracket-v2 property N=3..64"],"fullName":"bracket-v2 property N=3..64 SE Po2 n=39 higherSeed","status":"passed","title":"SE Po2 n=39 higherSeed","duration":30.26491699999997,"failureMessages":[],"meta":{}},{"ancestorTitles":["bracket-v2 property N=3..64"],"fullName":"bracket-v2 property N=3..64 SE Po2 n=40 alwaysA","status":"passed","title":"SE Po2 n=40 alwaysA","duration":31.71208300000012,"failureMessages":[],"meta":{}},{"ancestorTitles":["bracket-v2 property N=3..64"],"fullName":"bracket-v2 property N=3..64 SE Po2 n=40 alwaysB","status":"passed","title":"SE Po2 n=40 alwaysB","duration":31.748542000000043,"failureMessages":[],"meta":{}},{"ancestorTitles":["bracket-v2 property N=3..64"],"fullName":"bracket-v2 property N=3..64 SE Po2 n=40 lowerSeed","status":"passed","title":"SE Po2 n=40 lowerSeed","duration":31.734542000000147,"failureMessages":[],"meta":{}},{"ancestorTitles":["bracket-v2 property N=3..64"],"fullName":"bracket-v2 property N=3..64 SE Po2 n=40 higherSeed","status":"passed","title":"SE Po2 n=40 higherSeed","duration":31.567790999999943,"failureMessages":[],"meta":{}},{"ancestorTitles":["bracket-v2 property N=3..64"],"fullName":"bracket-v2 property N=3..64 SE Po2 n=41 alwaysA","status":"passed","title":"SE Po2 n=41 alwaysA","duration":33.07545900000014,"failureMessages":[],"meta":{}},{"ancestorTitles":["bracket-v2 property N=3..64"],"fullName":"bracket-v2 property N=3..64 SE Po2 n=41 alwaysB","status":"passed","title":"SE Po2 n=41 alwaysB","duration":33.27820799999995,"failureMessages":[],"meta":{}},{"ancestorTitles":["bracket-v2 property N=3..64"],"fullName":"bracket-v2 property N=3..64 SE Po2 n=41 lowerSeed","status":"passed","title":"SE Po2 n=41 lowerSeed","duration":33.12374999999997,"failureMessages":[],"meta":{}},{"ancestorTitles":["bracket-v2 property N=3..64"],"fullName":"bracket-v2 property N=3..64 SE Po2 n=41 higherSeed","status":"passed","title":"SE Po2 n=41 higherSeed","duration":33.23683299999993,"failureMessages":[],"meta":{}},{"ancestorTitles":["bracket-v2 property N=3..64"],"fullName":"bracket-v2 property N=3..64 SE Po2 n=42 alwaysA","status":"passed","title":"SE Po2 n=42 alwaysA","duration":34.437374999999975,"failureMessages":[],"meta":{}},{"ancestorTitles":["bracket-v2 property N=3..64"],"fullName":"bracket-v2 property N=3..64 SE Po2 n=42 alwaysB","status":"passed","title":"SE Po2 n=42 alwaysB","duration":34.721708000000035,"failureMessages":[],"meta":{}},{"ancestorTitles":["bracket-v2 property N=3..64"],"fullName":"bracket-v2 property N=3..64 SE Po2 n=42 lowerSeed","status":"passed","title":"SE Po2 n=42 lowerSeed","duration":34.40987499999983,"failureMessages":[],"meta":{}},{"ancestorTitles":["bracket-v2 property N=3..64"],"fullName":"bracket-v2 property N=3..64 SE Po2 n=42 higherSeed","status":"passed","title":"SE Po2 n=42 higherSeed","duration":34.84587499999998,"failureMessages":[],"meta":{}},{"ancestorTitles":["bracket-v2 property N=3..64"],"fullName":"bracket-v2 property N=3..64 SE Po2 n=43 alwaysA","status":"passed","title":"SE Po2 n=43 alwaysA","duration":36.86883399999988,"failureMessages":[],"meta":{}},{"ancestorTitles":["bracket-v2 property N=3..64"],"fullName":"bracket-v2 property N=3..64 SE Po2 n=43 alwaysB","status":"passed","title":"SE Po2 n=43 alwaysB","duration":35.85374999999999,"failureMessages":[],"meta":{}},{"ancestorTitles":["bracket-v2 property N=3..64"],"fullName":"bracket-v2 property N=3..64 SE Po2 n=43 lowerSeed","status":"passed","title":"SE Po2 n=43 lowerSeed","duration":36.49204200000008,"failureMessages":[],"meta":{}},{"ancestorTitles":["bracket-v2 property N=3..64"],"fullName":"bracket-v2 property N=3..64 SE Po2 n=43 higherSeed","status":"passed","title":"SE Po2 n=43 higherSeed","duration":36.39829099999997,"failureMessages":[],"meta":{}},{"ancestorTitles":["bracket-v2 property N=3..64"],"fullName":"bracket-v2 property N=3..64 SE Po2 n=44 alwaysA","status":"passed","title":"SE Po2 n=44 alwaysA","duration":37.32670899999994,"failureMessages":[],"meta":{}},{"ancestorTitles":["bracket-v2 property N=3..64"],"fullName":"bracket-v2 property N=3..64 SE Po2 n=44 alwaysB","status":"passed","title":"SE Po2 n=44 alwaysB","duration":37.42724999999973,"failureMessages":[],"meta":{}},{"ancestorTitles":["bracket-v2 property N=3..64"],"fullName":"bracket-v2 property N=3..64 SE Po2 n=44 lowerSeed","status":"passed","title":"SE Po2 n=44 lowerSeed","duration":37.49983299999985,"failureMessages":[],"meta":{}},{"ancestorTitles":["bracket-v2 property N=3..64"],"fullName":"bracket-v2 property N=3..64 SE Po2 n=44 higherSeed","status":"passed","title":"SE Po2 n=44 higherSeed","duration":37.22154099999989,"failureMessages":[],"meta":{}},{"ancestorTitles":["bracket-v2 property N=3..64"],"fullName":"bracket-v2 property N=3..64 SE Po2 n=45 alwaysA","status":"passed","title":"SE Po2 n=45 alwaysA","duration":39.33720799999992,"failureMessages":[],"meta":{}},{"ancestorTitles":["bracket-v2 property N=3..64"],"fullName":"bracket-v2 property N=3..64 SE Po2 n=45 alwaysB","status":"passed","title":"SE Po2 n=45 alwaysB","duration":38.80858399999988,"failureMessages":[],"meta":{}},{"ancestorTitles":["bracket-v2 property N=3..64"],"fullName":"bracket-v2 property N=3..64 SE Po2 n=45 lowerSeed","status":"passed","title":"SE Po2 n=45 lowerSeed","duration":38.85679199999959,"failureMessages":[],"meta":{}},{"ancestorTitles":["bracket-v2 property N=3..64"],"fullName":"bracket-v2 property N=3..64 SE Po2 n=45 higherSeed","status":"passed","title":"SE Po2 n=45 higherSeed","duration":39.32833400000027,"failureMessages":[],"meta":{}},{"ancestorTitles":["bracket-v2 property N=3..64"],"fullName":"bracket-v2 property N=3..64 SE Po2 n=46 alwaysA","status":"passed","title":"SE Po2 n=46 alwaysA","duration":40.193874999999935,"failureMessages":[],"meta":{}},{"ancestorTitles":["bracket-v2 property N=3..64"],"fullName":"bracket-v2 property N=3..64 SE Po2 n=46 alwaysB","status":"passed","title":"SE Po2 n=46 alwaysB","duration":40.03754100000015,"failureMessages":[],"meta":{}},{"ancestorTitles":["bracket-v2 property N=3..64"],"fullName":"bracket-v2 property N=3..64 SE Po2 n=46 lowerSeed","status":"passed","title":"SE Po2 n=46 lowerSeed","duration":40.559792000000016,"failureMessages":[],"meta":{}},{"ancestorTitles":["bracket-v2 property N=3..64"],"fullName":"bracket-v2 property N=3..64 SE Po2 n=46 higherSeed","status":"passed","title":"SE Po2 n=46 higherSeed","duration":40.60187500000029,"failureMessages":[],"meta":{}},{"ancestorTitles":["bracket-v2 property N=3..64"],"fullName":"bracket-v2 property N=3..64 SE Po2 n=47 alwaysA","status":"passed","title":"SE Po2 n=47 alwaysA","duration":41.71233400000028,"failureMessages":[],"meta":{}},{"ancestorTitles":["bracket-v2 property N=3..64"],"fullName":"bracket-v2 property N=3..64 SE Po2 n=47 alwaysB","status":"passed","title":"SE Po2 n=47 alwaysB","duration":42.49420800000007,"failureMessages":[],"meta":{}},{"ancestorTitles":["bracket-v2 property N=3..64"],"fullName":"bracket-v2 property N=3..64 SE Po2 n=47 lowerSeed","status":"passed","title":"SE Po2 n=47 lowerSeed","duration":46.557374999999865,"failureMessages":[],"meta":{}},{"ancestorTitles":["bracket-v2 property N=3..64"],"fullName":"bracket-v2 property N=3..64 SE Po2 n=47 higherSeed","status":"passed","title":"SE Po2 n=47 higherSeed","duration":41.86395799999991,"failureMessages":[],"meta":{}},{"ancestorTitles":["bracket-v2 property N=3..64"],"fullName":"bracket-v2 property N=3..64 SE Po2 n=48 alwaysA","status":"passed","title":"SE Po2 n=48 alwaysA","duration":43.09654200000023,"failureMessages":[],"meta":{}},{"ancestorTitles":["bracket-v2 property N=3..64"],"fullName":"bracket-v2 property N=3..64 SE Po2 n=48 alwaysB","status":"passed","title":"SE Po2 n=48 alwaysB","duration":42.69329199999993,"failureMessages":[],"meta":{}},{"ancestorTitles":["bracket-v2 property N=3..64"],"fullName":"bracket-v2 property N=3..64 SE Po2 n=48 lowerSeed","status":"passed","title":"SE Po2 n=48 lowerSeed","duration":43.46979199999987,"failureMessages":[],"meta":{}},{"ancestorTitles":["bracket-v2 property N=3..64"],"fullName":"bracket-v2 property N=3..64 SE Po2 n=48 higherSeed","status":"passed","title":"SE Po2 n=48 higherSeed","duration":43.10829100000001,"failureMessages":[],"meta":{}},{"ancestorTitles":["bracket-v2 property N=3..64"],"fullName":"bracket-v2 property N=3..64 SE Po2 n=49 alwaysA","status":"passed","title":"SE Po2 n=49 alwaysA","duration":44.74829200000022,"failureMessages":[],"meta":{}},{"ancestorTitles":["bracket-v2 property N=3..64"],"fullName":"bracket-v2 property N=3..64 SE Po2 n=49 alwaysB","status":"passed","title":"SE Po2 n=49 alwaysB","duration":44.296208000000206,"failureMessages":[],"meta":{}},{"ancestorTitles":["bracket-v2 property N=3..64"],"fullName":"bracket-v2 property N=3..64 SE Po2 n=49 lowerSeed","status":"passed","title":"SE Po2 n=49 lowerSeed","duration":45.04041700000016,"failureMessages":[],"meta":{}},{"ancestorTitles":["bracket-v2 property N=3..64"],"fullName":"bracket-v2 property N=3..64 SE Po2 n=49 higherSeed","status":"passed","title":"SE Po2 n=49 higherSeed","duration":44.74020799999971,"failureMessages":[],"meta":{}},{"ancestorTitles":["bracket-v2 property N=3..64"],"fullName":"bracket-v2 property N=3..64 SE Po2 n=50 alwaysA","status":"passed","title":"SE Po2 n=50 alwaysA","duration":46.254459000000224,"failureMessages":[],"meta":{}},{"ancestorTitles":["bracket-v2 property N=3..64"],"fullName":"bracket-v2 property N=3..64 SE Po2 n=50 alwaysB","status":"passed","title":"SE Po2 n=50 alwaysB","duration":46.03991700000006,"failureMessages":[],"meta":{}},{"ancestorTitles":["bracket-v2 property N=3..64"],"fullName":"bracket-v2 property N=3..64 SE Po2 n=50 lowerSeed","status":"passed","title":"SE Po2 n=50 lowerSeed","duration":45.859457999999904,"failureMessages":[],"meta":{}},{"ancestorTitles":["bracket-v2 property N=3..64"],"fullName":"bracket-v2 property N=3..64 SE Po2 n=50 higherSeed","status":"passed","title":"SE Po2 n=50 higherSeed","duration":45.79874999999993,"failureMessages":[],"meta":{}},{"ancestorTitles":["bracket-v2 property N=3..64"],"fullName":"bracket-v2 property N=3..64 SE Po2 n=51 alwaysA","status":"passed","title":"SE Po2 n=51 alwaysA","duration":47.656167000000096,"failureMessages":[],"meta":{}},{"ancestorTitles":["bracket-v2 property N=3..64"],"fullName":"bracket-v2 property N=3..64 SE Po2 n=51 alwaysB","status":"passed","title":"SE Po2 n=51 alwaysB","duration":47.512083000000075,"failureMessages":[],"meta":{}},{"ancestorTitles":["bracket-v2 property N=3..64"],"fullName":"bracket-v2 property N=3..64 SE Po2 n=51 lowerSeed","status":"passed","title":"SE Po2 n=51 lowerSeed","duration":47.32929200000035,"failureMessages":[],"meta":{}},{"ancestorTitles":["bracket-v2 property N=3..64"],"fullName":"bracket-v2 property N=3..64 SE Po2 n=51 higherSeed","status":"passed","title":"SE Po2 n=51 higherSeed","duration":46.83874999999989,"failureMessages":[],"meta":{}},{"ancestorTitles":["bracket-v2 property N=3..64"],"fullName":"bracket-v2 property N=3..64 SE Po2 n=52 alwaysA","status":"passed","title":"SE Po2 n=52 alwaysA","duration":48.4800409999998,"failureMessages":[],"meta":{}},{"ancestorTitles":["bracket-v2 property N=3..64"],"fullName":"bracket-v2 property N=3..64 SE Po2 n=52 alwaysB","status":"passed","title":"SE Po2 n=52 alwaysB","duration":48.178499999999985,"failureMessages":[],"meta":{}},{"ancestorTitles":["bracket-v2 property N=3..64"],"fullName":"bracket-v2 property N=3..64 SE Po2 n=52 lowerSeed","status":"passed","title":"SE Po2 n=52 lowerSeed","duration":48.70283299999983,"failureMessages":[],"meta":{}},{"ancestorTitles":["bracket-v2 property N=3..64"],"fullName":"bracket-v2 property N=3..64 SE Po2 n=52 higherSeed","status":"passed","title":"SE Po2 n=52 higherSeed","duration":48.576458999999886,"failureMessages":[],"meta":{}},{"ancestorTitles":["bracket-v2 property N=3..64"],"fullName":"bracket-v2 property N=3..64 SE Po2 n=53 alwaysA","status":"passed","title":"SE Po2 n=53 alwaysA","duration":49.64274999999998,"failureMessages":[],"meta":{}},{"ancestorTitles":["bracket-v2 property N=3..64"],"fullName":"bracket-v2 property N=3..64 SE Po2 n=53 alwaysB","status":"passed","title":"SE Po2 n=53 alwaysB","duration":50.63533400000006,"failureMessages":[],"meta":{}},{"ancestorTitles":["bracket-v2 property N=3..64"],"fullName":"bracket-v2 property N=3..64 SE Po2 n=53 lowerSeed","status":"passed","title":"SE Po2 n=53 lowerSeed","duration":50.232332999999926,"failureMessages":[],"meta":{}},{"ancestorTitles":["bracket-v2 property N=3..64"],"fullName":"bracket-v2 property N=3..64 SE Po2 n=53 higherSeed","status":"passed","title":"SE Po2 n=53 higherSeed","duration":49.67858400000023,"failureMessages":[],"meta":{}},{"ancestorTitles":["bracket-v2 property N=3..64"],"fullName":"bracket-v2 property N=3..64 SE Po2 n=54 alwaysA","status":"passed","title":"SE Po2 n=54 alwaysA","duration":50.94404199999963,"failureMessages":[],"meta":{}},{"ancestorTitles":["bracket-v2 property N=3..64"],"fullName":"bracket-v2 property N=3..64 SE Po2 n=54 alwaysB","status":"passed","title":"SE Po2 n=54 alwaysB","duration":51.42466699999977,"failureMessages":[],"meta":{}},{"ancestorTitles":["bracket-v2 property N=3..64"],"fullName":"bracket-v2 property N=3..64 SE Po2 n=54 lowerSeed","status":"passed","title":"SE Po2 n=54 lowerSeed","duration":51.510457999999744,"failureMessages":[],"meta":{}},{"ancestorTitles":["bracket-v2 property N=3..64"],"fullName":"bracket-v2 property N=3..64 SE Po2 n=54 higherSeed","status":"passed","title":"SE Po2 n=54 higherSeed","duration":51.55637499999966,"failureMessages":[],"meta":{}},{"ancestorTitles":["bracket-v2 property N=3..64"],"fullName":"bracket-v2 property N=3..64 SE Po2 n=55 alwaysA","status":"passed","title":"SE Po2 n=55 alwaysA","duration":53.19945800000005,"failureMessages":[],"meta":{}},{"ancestorTitles":["bracket-v2 property N=3..64"],"fullName":"bracket-v2 property N=3..64 SE Po2 n=55 alwaysB","status":"passed","title":"SE Po2 n=55 alwaysB","duration":52.6769589999999,"failureMessages":[],"meta":{}},{"ancestorTitles":["bracket-v2 property N=3..64"],"fullName":"bracket-v2 property N=3..64 SE Po2 n=55 lowerSeed","status":"passed","title":"SE Po2 n=55 lowerSeed","duration":53.117125000000215,"failureMessages":[],"meta":{}},{"ancestorTitles":["bracket-v2 property N=3..64"],"fullName":"bracket-v2 property N=3..64 SE Po2 n=55 higherSeed","status":"passed","title":"SE Po2 n=55 higherSeed","duration":52.29029200000059,"failureMessages":[],"meta":{}},{"ancestorTitles":["bracket-v2 property N=3..64"],"fullName":"bracket-v2 property N=3..64 SE Po2 n=56 alwaysA","status":"passed","title":"SE Po2 n=56 alwaysA","duration":54.215541999999914,"failureMessages":[],"meta":{}},{"ancestorTitles":["bracket-v2 property N=3..64"],"fullName":"bracket-v2 property N=3..64 SE Po2 n=56 alwaysB","status":"passed","title":"SE Po2 n=56 alwaysB","duration":54.285375000000386,"failureMessages":[],"meta":{}},{"ancestorTitles":["bracket-v2 property N=3..64"],"fullName":"bracket-v2 property N=3..64 SE Po2 n=56 lowerSeed","status":"passed","title":"SE Po2 n=56 lowerSeed","duration":54.055083000000195,"failureMessages":[],"meta":{}},{"ancestorTitles":["bracket-v2 property N=3..64"],"fullName":"bracket-v2 property N=3..64 SE Po2 n=56 higherSeed","status":"passed","title":"SE Po2 n=56 higherSeed","duration":54.4223750000001,"failureMessages":[],"meta":{}},{"ancestorTitles":["bracket-v2 property N=3..64"],"fullName":"bracket-v2 property N=3..64 SE Po2 n=57 alwaysA","status":"passed","title":"SE Po2 n=57 alwaysA","duration":58.521834000000126,"failureMessages":[],"meta":{}},{"ancestorTitles":["bracket-v2 property N=3..64"],"fullName":"bracket-v2 property N=3..64 SE Po2 n=57 alwaysB","status":"passed","title":"SE Po2 n=57 alwaysB","duration":57.255333000000064,"failureMessages":[],"meta":{}},{"ancestorTitles":["bracket-v2 property N=3..64"],"fullName":"bracket-v2 property N=3..64 SE Po2 n=57 lowerSeed","status":"passed","title":"SE Po2 n=57 lowerSeed","duration":55.650541999999405,"failureMessages":[],"meta":{}},{"ancestorTitles":["bracket-v2 property N=3..64"],"fullName":"bracket-v2 property N=3..64 SE Po2 n=57 higherSeed","status":"passed","title":"SE Po2 n=57 higherSeed","duration":56.65483400000085,"failureMessages":[],"meta":{}},{"ancestorTitles":["bracket-v2 property N=3..64"],"fullName":"bracket-v2 property N=3..64 SE Po2 n=58 alwaysA","status":"passed","title":"SE Po2 n=58 alwaysA","duration":57.812542000000576,"failureMessages":[],"meta":{}},{"ancestorTitles":["bracket-v2 property N=3..64"],"fullName":"bracket-v2 property N=3..64 SE Po2 n=58 alwaysB","status":"passed","title":"SE Po2 n=58 alwaysB","duration":56.95787500000006,"failureMessages":[],"meta":{}},{"ancestorTitles":["bracket-v2 property N=3..64"],"fullName":"bracket-v2 property N=3..64 SE Po2 n=58 lowerSeed","status":"passed","title":"SE Po2 n=58 lowerSeed","duration":56.890166000000136,"failureMessages":[],"meta":{}},{"ancestorTitles":["bracket-v2 property N=3..64"],"fullName":"bracket-v2 property N=3..64 SE Po2 n=58 higherSeed","status":"passed","title":"SE Po2 n=58 higherSeed","duration":56.782500000000255,"failureMessages":[],"meta":{}},{"ancestorTitles":["bracket-v2 property N=3..64"],"fullName":"bracket-v2 property N=3..64 SE Po2 n=59 alwaysA","status":"passed","title":"SE Po2 n=59 alwaysA","duration":59.18041600000015,"failureMessages":[],"meta":{}},{"ancestorTitles":["bracket-v2 property N=3..64"],"fullName":"bracket-v2 property N=3..64 SE Po2 n=59 alwaysB","status":"passed","title":"SE Po2 n=59 alwaysB","duration":58.509000000000015,"failureMessages":[],"meta":{}},{"ancestorTitles":["bracket-v2 property N=3..64"],"fullName":"bracket-v2 property N=3..64 SE Po2 n=59 lowerSeed","status":"passed","title":"SE Po2 n=59 lowerSeed","duration":58.65545900000052,"failureMessages":[],"meta":{}},{"ancestorTitles":["bracket-v2 property N=3..64"],"fullName":"bracket-v2 property N=3..64 SE Po2 n=59 higherSeed","status":"passed","title":"SE Po2 n=59 higherSeed","duration":58.635291999999936,"failureMessages":[],"meta":{}},{"ancestorTitles":["bracket-v2 property N=3..64"],"fullName":"bracket-v2 property N=3..64 SE Po2 n=60 alwaysA","status":"passed","title":"SE Po2 n=60 alwaysA","duration":59.97987499999999,"failureMessages":[],"meta":{}},{"ancestorTitles":["bracket-v2 property N=3..64"],"fullName":"bracket-v2 property N=3..64 SE Po2 n=60 alwaysB","status":"passed","title":"SE Po2 n=60 alwaysB","duration":59.87541599999986,"failureMessages":[],"meta":{}},{"ancestorTitles":["bracket-v2 property N=3..64"],"fullName":"bracket-v2 property N=3..64 SE Po2 n=60 lowerSeed","status":"passed","title":"SE Po2 n=60 lowerSeed","duration":59.64862499999981,"failureMessages":[],"meta":{}},{"ancestorTitles":["bracket-v2 property N=3..64"],"fullName":"bracket-v2 property N=3..64 SE Po2 n=60 higherSeed","status":"passed","title":"SE Po2 n=60 higherSeed","duration":59.66887499999939,"failureMessages":[],"meta":{}},{"ancestorTitles":["bracket-v2 property N=3..64"],"fullName":"bracket-v2 property N=3..64 SE Po2 n=61 alwaysA","status":"passed","title":"SE Po2 n=61 alwaysA","duration":61.601416999999856,"failureMessages":[],"meta":{}},{"ancestorTitles":["bracket-v2 property N=3..64"],"fullName":"bracket-v2 property N=3..64 SE Po2 n=61 alwaysB","status":"passed","title":"SE Po2 n=61 alwaysB","duration":61.04920899999979,"failureMessages":[],"meta":{}},{"ancestorTitles":["bracket-v2 property N=3..64"],"fullName":"bracket-v2 property N=3..64 SE Po2 n=61 lowerSeed","status":"passed","title":"SE Po2 n=61 lowerSeed","duration":60.94062500000018,"failureMessages":[],"meta":{}},{"ancestorTitles":["bracket-v2 property N=3..64"],"fullName":"bracket-v2 property N=3..64 SE Po2 n=61 higherSeed","status":"passed","title":"SE Po2 n=61 higherSeed","duration":61.25408299999981,"failureMessages":[],"meta":{}},{"ancestorTitles":["bracket-v2 property N=3..64"],"fullName":"bracket-v2 property N=3..64 SE Po2 n=62 alwaysA","status":"passed","title":"SE Po2 n=62 alwaysA","duration":62.23616700000002,"failureMessages":[],"meta":{}},{"ancestorTitles":["bracket-v2 property N=3..64"],"fullName":"bracket-v2 property N=3..64 SE Po2 n=62 alwaysB","status":"passed","title":"SE Po2 n=62 alwaysB","duration":62.53962499999943,"failureMessages":[],"meta":{}},{"ancestorTitles":["bracket-v2 property N=3..64"],"fullName":"bracket-v2 property N=3..64 SE Po2 n=62 lowerSeed","status":"passed","title":"SE Po2 n=62 lowerSeed","duration":63.438750000000255,"failureMessages":[],"meta":{}},{"ancestorTitles":["bracket-v2 property N=3..64"],"fullName":"bracket-v2 property N=3..64 SE Po2 n=62 higherSeed","status":"passed","title":"SE Po2 n=62 higherSeed","duration":63.46508400000039,"failureMessages":[],"meta":{}},{"ancestorTitles":["bracket-v2 property N=3..64"],"fullName":"bracket-v2 property N=3..64 SE Po2 n=63 alwaysA","status":"passed","title":"SE Po2 n=63 alwaysA","duration":64.13025000000016,"failureMessages":[],"meta":{}},{"ancestorTitles":["bracket-v2 property N=3..64"],"fullName":"bracket-v2 property N=3..64 SE Po2 n=63 alwaysB","status":"passed","title":"SE Po2 n=63 alwaysB","duration":63.78887500000019,"failureMessages":[],"meta":{}},{"ancestorTitles":["bracket-v2 property N=3..64"],"fullName":"bracket-v2 property N=3..64 SE Po2 n=63 lowerSeed","status":"passed","title":"SE Po2 n=63 lowerSeed","duration":63.991917000000285,"failureMessages":[],"meta":{}},{"ancestorTitles":["bracket-v2 property N=3..64"],"fullName":"bracket-v2 property N=3..64 SE Po2 n=63 higherSeed","status":"passed","title":"SE Po2 n=63 higherSeed","duration":63.760291999999936,"failureMessages":[],"meta":{}},{"ancestorTitles":["bracket-v2 property N=3..64"],"fullName":"bracket-v2 property N=3..64 SE Po2 n=64 alwaysA","status":"passed","title":"SE Po2 n=64 alwaysA","duration":65.63654200000019,"failureMessages":[],"meta":{}},{"ancestorTitles":["bracket-v2 property N=3..64"],"fullName":"bracket-v2 property N=3..64 SE Po2 n=64 alwaysB","status":"passed","title":"SE Po2 n=64 alwaysB","duration":64.66924999999992,"failureMessages":[],"meta":{}},{"ancestorTitles":["bracket-v2 property N=3..64"],"fullName":"bracket-v2 property N=3..64 SE Po2 n=64 lowerSeed","status":"passed","title":"SE Po2 n=64 lowerSeed","duration":64.83887500000037,"failureMessages":[],"meta":{}},{"ancestorTitles":["bracket-v2 property N=3..64"],"fullName":"bracket-v2 property N=3..64 SE Po2 n=64 higherSeed","status":"passed","title":"SE Po2 n=64 higherSeed","duration":65.4634159999996,"failureMessages":[],"meta":{}},{"ancestorTitles":["bracket-v2 property N=3..64"],"fullName":"bracket-v2 property N=3..64 SE compact n=3 lowerSeed","status":"passed","title":"SE compact n=3 lowerSeed","duration":0.6789999999991778,"failureMessages":[],"meta":{}},{"ancestorTitles":["bracket-v2 property N=3..64"],"fullName":"bracket-v2 property N=3..64 SE compact n=4 lowerSeed","status":"passed","title":"SE compact n=4 lowerSeed","duration":0.12600000000020373,"failureMessages":[],"meta":{}},{"ancestorTitles":["bracket-v2 property N=3..64"],"fullName":"bracket-v2 property N=3..64 SE compact n=5 lowerSeed","status":"passed","title":"SE compact n=5 lowerSeed","duration":0.22100000000045839,"failureMessages":[],"meta":{}},{"ancestorTitles":["bracket-v2 property N=3..64"],"fullName":"bracket-v2 property N=3..64 SE compact n=6 lowerSeed","status":"passed","title":"SE compact n=6 lowerSeed","duration":0.20437500000025466,"failureMessages":[],"meta":{}},{"ancestorTitles":["bracket-v2 property N=3..64"],"fullName":"bracket-v2 property N=3..64 SE compact n=7 lowerSeed","status":"passed","title":"SE compact n=7 lowerSeed","duratio
[...]
tatus":"passed","title":"DE compact n=4 alwaysA","duration":0.1700830000008864,"failureMessages":[],"meta":{}},{"ancestorTitles":["bracket-v2 property N=3..64"],"fullName":"bracket-v2 property N=3..64 DE compact n=4 alwaysB","status":"passed","title":"DE compact n=4 alwaysB","duration":0.234375,"failureMessages":[],"meta":{}},{"ancestorTitles":["bracket-v2 property N=3..64"],"fullName":"bracket-v2 property N=3..64 DE compact n=5 lowerSeed","status":"passed","title":"DE compact n=5 lowerSeed","duration":0.7093750000021828,"failureMessages":[],"meta":{}},{"ancestorTitles":["bracket-v2 property N=3..64"],"fullName":"bracket-v2 property N=3..64 DE compact n=5 alwaysA","status":"passed","title":"DE compact n=5 alwaysA","duration":0.5279159999990952,"failureMessages":[],"meta":{}},{"ancestorTitles":["bracket-v2 property N=3..64"],"fullName":"bracket-v2 property N=3..64 DE compact n=5 alwaysB","status":"passed","title":"DE compact n=5 alwaysB","duration":0.4778330000008282,"failureMessages":[],"meta":{}},{"ancestorTitles":["bracket-v2 property N=3..64"],"fullName":"bracket-v2 property N=3..64 DE compact n=6 lowerSeed","status":"passed","title":"DE compact n=6 lowerSeed","duration":1.0597080000006827,"failureMessages":[],"meta":{}},{"ancestorTitles":["bracket-v2 property N=3..64"],"fullName":"bracket-v2 property N=3..64 DE compact n=6 alwaysA","status":"passed","title":"DE compact n=6 alwaysA","duration":1.018167000001995,"failureMessages":[],"meta":{}},{"ancestorTitles":["bracket-v2 property N=3..64"],"fullName":"bracket-v2 property N=3..64 DE compact n=6 alwaysB","status":"passed","title":"DE compact n=6 alwaysB","duration":0.9616669999995793,"failureMessages":[],"meta":{}},{"ancestorTitles":["bracket-v2 property N=3..64"],"fullName":"bracket-v2 property N=3..64 DE compact n=7 lowerSeed","status":"passed","title":"DE compact n=7 lowerSeed","duration":1.4012079999993148,"failureMessages":[],"meta":{}},{"ancestorTitles":["bracket-v2 property N=3..64"],"fullName":"bracket-v2 property N=3..64 DE compact n=7 alwaysA","status":"passed","title":"DE compact n=7 alwaysA","duration":1.3886660000025586,"failureMessages":[],"meta":{}},{"ancestorTitles":["bracket-v2 property N=3..64"],"fullName":"bracket-v2 property N=3..64 DE compact n=7 alwaysB","status":"passed","title":"DE compact n=7 alwaysB","duration":1.5154590000020107,"failureMessages":[],"meta":{}},{"ancestorTitles":["bracket-v2 property N=3..64"],"fullName":"bracket-v2 property N=3..64 DE compact n=8 lowerSeed","status":"passed","title":"DE compact n=8 lowerSeed","duration":1.6410419999992882,"failureMessages":[],"meta":{}},{"ancestorTitles":["bracket-v2 property N=3..64"],"fullName":"bracket-v2 property N=3..64 DE compact n=8 alwaysA","status":"passed","title":"DE compact n=8 alwaysA","duration":1.817125000001397,"failureMessages":[],"meta":{}},{"ancestorTitles":["bracket-v2 property N=3..64"],"fullName":"bracket-v2 property N=3..64 DE compact n=8 alwaysB","status":"passed","title":"DE compact n=8 alwaysB","duration":1.6010419999984151,"failureMessages":[],"meta":{}},{"ancestorTitles":["bracket-v2 property N=3..64"],"fullName":"bracket-v2 property N=3..64 DE compact n=9 lowerSeed","status":"passed","title":"DE compact n=9 lowerSeed","duration":4.304833999998664,"failureMessages":[],"meta":{}},{"ancestorTitles":["bracket-v2 property N=3..64"],"fullName":"bracket-v2 property N=3..64 DE compact n=9 alwaysA","status":"passed","title":"DE compact n=9 alwaysA","duration":4.14245800000208,"failureMessages":[],"meta":{}},{"ancestorTitles":["bracket-v2 property N=3..64"],"fullName":"bracket-v2 property N=3..64 DE compact n=9 alwaysB","status":"passed","title":"DE compact n=9 alwaysB","duration":4.146333000000595,"failureMessages":[],"meta":{}},{"ancestorTitles":["bracket-v2 property N=3..64"],"fullName":"bracket-v2 property N=3..64 DE compact n=10 lowerSeed","status":"passed","title":"DE compact n=10 lowerSeed","duration":5.72820800000045,"failureMessages":[],"meta":{}},{"ancestorTitles":["bracket-v2 property N=3..64"],"fullName":"bracket-v2 property N=3..64 DE compact n=10 alwaysA","status":"passed","title":"DE compact n=10 alwaysA","duration":5.383709000001545,"failureMessages":[],"meta":{}},{"ancestorTitles":["bracket-v2 property N=3..64"],"fullName":"bracket-v2 property N=3..64 DE compact n=10 alwaysB","status":"passed","title":"DE compact n=10 alwaysB","duration":5.640332999999373,"failureMessages":[],"meta":{}},{"ancestorTitles":["bracket-v2 property N=3..64"],"fullName":"bracket-v2 property N=3..64 DE compact n=11 lowerSeed","status":"passed","title":"DE compact n=11 lowerSeed","duration":7.053291000000172,"failureMessages":[],"meta":{}},{"ancestorTitles":["bracket-v2 property N=3..64"],"fullName":"bracket-v2 property N=3..64 DE compact n=11 alwaysA","status":"passed","title":"DE compact n=11 alwaysA","duration":6.97045799999978,"failureMessages":[],"meta":{}},{"ancestorTitles":["bracket-v2 property N=3..64"],"fullName":"bracket-v2 property N=3..64 DE compact n=11 alwaysB","status":"passed","title":"DE compact n=11 alwaysB","duration":7.213584000000992,"failureMessages":[],"meta":{}},{"ancestorTitles":["bracket-v2 property N=3..64"],"fullName":"bracket-v2 property N=3..64 DE compact n=12 lowerSeed","status":"passed","title":"DE compact n=12 lowerSeed","duration":7.551166000001103,"failureMessages":[],"meta":{}},{"ancestorTitles":["bracket-v2 property N=3..64"],"fullName":"bracket-v2 property N=3..64 DE compact n=12 alwaysA","status":"passed","title":"DE compact n=12 alwaysA","duration":7.927875000001222,"failureMessages":[],"meta":{}},{"ancestorTitles":["bracket-v2 property N=3..64"],"fullName":"bracket-v2 property N=3..64 DE compact n=12 alwaysB","status":"passed","title":"DE compact n=12 alwaysB","duration":7.687375000001339,"failureMessages":[],"meta":{}},{"ancestorTitles":["bracket-v2 property N=3..64"],"fullName":"bracket-v2 property N=3..64 DE compact n=13 lowerSeed","status":"passed","title":"DE compact n=13 lowerSeed","duration":9.969750000000204,"failureMessages":[],"meta":{}},{"ancestorTitles":["bracket-v2 property N=3..64"],"fullName":"bracket-v2 property N=3..64 DE compact n=13 alwaysA","status":"passed","title":"DE compact n=13 alwaysA","duration":10.016207999997278,"failureMessages":[],"meta":{}},{"ancestorTitles":["bracket-v2 property N=3..64"],"fullName":"bracket-v2 property N=3..64 DE compact n=13 alwaysB","status":"passed","title":"DE compact n=13 alwaysB","duration":9.766082999998616,"failureMessages":[],"meta":{}},{"ancestorTitles":["bracket-v2 property N=3..64"],"fullName":"bracket-v2 property N=3..64 DE compact n=14 lowerSeed","status":"passed","title":"DE compact n=14 lowerSeed","duration":12.38958300000013,"failureMessages":[],"meta":{}},{"ancestorTitles":["bracket-v2 property N=3..64"],"fullName":"bracket-v2 property N=3..64 DE compact n=14 alwaysA","status":"passed","title":"DE compact n=14 alwaysA","duration":12.392416999999114,"failureMessages":[],"meta":{}},{"ancestorTitles":["bracket-v2 property N=3..64"],"fullName":"bracket-v2 property N=3..64 DE compact n=14 alwaysB","status":"passed","title":"DE compact n=14 alwaysB","duration":12.307208000001992,"failureMessages":[],"meta":{}},{"ancestorTitles":["bracket-v2 property N=3..64"],"fullName":"bracket-v2 property N=3..64 DE compact n=15 lowerSeed","status":"passed","title":"DE compact n=15 lowerSeed","duration":15.023041000000376,"failureMessages":[],"meta":{}},{"ancestorTitles":["bracket-v2 property N=3..64"],"fullName":"bracket-v2 property N=3..64 DE compact n=15 alwaysA","status":"passed","title":"DE compact n=15 alwaysA","duration":14.141083999998955,"failureMessages":[],"meta":{}},{"ancestorTitles":["bracket-v2 property N=3..64"],"fullName":"bracket-v2 property N=3..64 DE compact n=15 alwaysB","status":"passed","title":"DE compact n=15 alwaysB","duration":14.9565419999999,"failureMessages":[],"meta":{}},{"ancestorTitles":["bracket-v2 property N=3..64"],"fullName":"bracket-v2 property N=3..64 DE compact n=16 lowerSeed","status":"passed","title":"DE compact n=16 lowerSeed","duration":15.742500000000291,"failureMessages":[],"meta":{}},{"ancestorTitles":["bracket-v2 property N=3..64"],"fullName":"bracket-v2 property N=3..64 DE compact n=16 alwaysA","status":"passed","title":"DE compact n=16 alwaysA","duration":15.737541999998939,"failureMessages":[],"meta":{}},{"ancestorTitles":["bracket-v2 property N=3..64"],"fullName":"bracket-v2 property N=3..64 DE compact n=16 alwaysB","status":"passed","title":"DE compact n=16 alwaysB","duration":15.911833999998635,"failureMessages":[],"meta":{}},{"ancestorTitles":["bracket-v2 property N=3..64"],"fullName":"bracket-v2 property N=3..64 DE compact n=17 lowerSeed","status":"passed","title":"DE compact n=17 lowerSeed","duration":32.04341700000077,"failureMessages":[],"meta":{}},{"ancestorTitles":["bracket-v2 property N=3..64"],"fullName":"bracket-v2 property N=3..64 DE compact n=17 alwaysA","status":"passed","title":"DE compact n=17 alwaysA","duration":32.461708999999246,"failureMessages":[],"meta":{}},{"ancestorTitles":["bracket-v2 property N=3..64"],"fullName":"bracket-v2 property N=3..64 DE compact n=17 alwaysB","status":"passed","title":"DE compact n=17 alwaysB","duration":32.775667000001704,"failureMessages":[],"meta":{}},{"ancestorTitles":["bracket-v2 property N=3..64"],"fullName":"bracket-v2 property N=3..64 DE compact n=18 lowerSeed","status":"passed","title":"DE compact n=18 lowerSeed","duration":37.32520799999838,"failureMessages":[],"meta":{}},{"ancestorTitles":["bracket-v2 property N=3..64"],"fullName":"bracket-v2 property N=3..64 DE compact n=18 alwaysA","status":"passed","title":"DE compact n=18 alwaysA","duration":37.17949999999837,"failureMessages":[],"meta":{}},{"ancestorTitles":["bracket-v2 property N=3..64"],"fullName":"bracket-v2 property N=3..64 DE compact n=18 alwaysB","status":"passed","title":"DE compact n=18 alwaysB","duration":36.76550000000134,"failureMessages":[],"meta":{}},{"ancestorTitles":["bracket-v2 property N=3..64"],"fullName":"bracket-v2 property N=3..64 DE compact n=19 lowerSeed","status":"passed","title":"DE compact n=19 lowerSeed","duration":44.58341699999801,"failureMessages":[],"meta":{}},{"ancestorTitles":["bracket-v2 property N=3..64"],"fullName":"bracket-v2 property N=3..64 DE compact n=19 alwaysA","status":"passed","title":"DE compact n=19 alwaysA","duration":44.23279199999888,"failureMessages":[],"meta":{}},{"ancestorTitles":["bracket-v2 property N=3..64"],"fullName":"bracket-v2 property N=3..64 DE compact n=19 alwaysB","status":"passed","title":"DE compact n=19 alwaysB","duration":43.9117499999993,"failureMessages":[],"meta":{}},{"ancestorTitles":["bracket-v2 property N=3..64"],"fullName":"bracket-v2 property N=3..64 DE compact n=20 lowerSeed","status":"passed","title":"DE compact n=20 lowerSeed","duration":46.49645800000144,"failureMessages":[],"meta":{}},{"ancestorTitles":["bracket-v2 property N=3..64"],"fullName":"bracket-v2 property N=3..64 DE compact n=20 alwaysA","status":"passed","title":"DE compact n=20 alwaysA","duration":46.63695799999914,"failureMessages":[],"meta":{}},{"ancestorTitles":["bracket-v2 property N=3..64"],"fullName":"bracket-v2 property N=3..64 DE compact n=20 alwaysB","status":"passed","title":"DE compact n=20 alwaysB","duration":47.31912499999817,"failureMessages":[],"meta":{}},{"ancestorTitles":["bracket-v2 property N=3..64"],"fullName":"bracket-v2 property N=3..64 DE compact n=21 lowerSeed","status":"passed","title":"DE compact n=21 lowerSeed","duration":54.40116699999999,"failureMessages":[],"meta":{}},{"ancestorTitles":["bracket-v2 property N=3..64"],"fullName":"bracket-v2 property N=3..64 DE compact n=21 alwaysA","status":"passed","title":"DE compact n=21 alwaysA","duration":55.07824999999866,"failureMessages":[],"meta":{}},{"ancestorTitles":["bracket-v2 property N=3..64"],"fullName":"bracket-v2 property N=3..64 DE compact n=21 alwaysB","status":"passed","title":"DE compact n=21 alwaysB","duration":54.419832999999926,"failureMessages":[],"meta":{}},{"ancestorTitles":["bracket-v2 property N=3..64"],"fullName":"bracket-v2 property N=3..64 DE compact n=22 lowerSeed","status":"passed","title":"DE compact n=22 lowerSeed","duration":61.54437500000131,"failureMessages":[],"meta":{}},{"ancestorTitles":["bracket-v2 property N=3..64"],"fullName":"bracket-v2 property N=3..64 DE compact n=22 alwaysA","status":"passed","title":"DE compact n=22 alwaysA","duration":61.324415999999474,"failureMessages":[],"meta":{}},{"ancestorTitles":["bracket-v2 property N=3..64"],"fullName":"bracket-v2 property N=3..64 DE compact n=22 alwaysB","status":"passed","title":"DE compact n=22 alwaysB","duration":60.50512499999968,"failureMessages":[],"meta":{}},{"ancestorTitles":["bracket-v2 property N=3..64"],"fullName":"bracket-v2 property N=3..64 DE compact n=23 lowerSeed","status":"passed","title":"DE compact n=23 lowerSeed","duration":67.48308299999917,"failureMessages":[],"meta":{}},{"ancestorTitles":["bracket-v2 property N=3..64"],"fullName":"bracket-v2 property N=3..64 DE compact n=23 alwaysA","status":"passed","title":"DE compact n=23 alwaysA","duration":67.29137499999706,"failureMessages":[],"meta":{}},{"ancestorTitles":["bracket-v2 property N=3..64"],"fullName":"bracket-v2 property N=3..64 DE compact n=23 alwaysB","status":"passed","title":"DE compact n=23 alwaysB","duration":67.10654200000135,"failureMessages":[],"meta":{}},{"ancestorTitles":["bracket-v2 property N=3..64"],"fullName":"bracket-v2 property N=3..64 DE compact n=24 lowerSeed","status":"passed","title":"DE compact n=24 lowerSeed","duration":70.81295899999895,"failureMessages":[],"meta":{}},{"ancestorTitles":["bracket-v2 property N=3..64"],"fullName":"bracket-v2 property N=3..64 DE compact n=24 alwaysA","status":"passed","title":"DE compact n=24 alwaysA","duration":70.58745800000179,"failureMessages":[],"meta":{}},{"ancestorTitles":["bracket-v2 property N=3..64"],"fullName":"bracket-v2 property N=3..64 DE compact n=24 alwaysB","status":"passed","title":"DE compact n=24 alwaysB","duration":69.94616700000188,"failureMessages":[],"meta":{}},{"ancestorTitles":["bracket-v2 property N=3..64"],"fullName":"bracket-v2 property N=3..64 DE compact n=25 lowerSeed","status":"passed","title":"DE compact n=25 lowerSeed","duration":108.6025840000002,"failureMessages":[],"meta":{}},{"ancestorTitles":["bracket-v2 property N=3..64"],"fullName":"bracket-v2 property N=3..64 DE compact n=25 alwaysA","status":"passed","title":"DE compact n=25 alwaysA","duration":108.21637499999997,"failureMessages":[],"meta":{}},{"ancestorTitles":["bracket-v2 property N=3..64"],"fullName":"bracket-v2 property N=3..64 DE compact n=25 alwaysB","status":"passed","title":"DE compact n=25 alwaysB","duration":108.86845800000083,"failureMessages":[],"meta":{}},{"ancestorTitles":["bracket-v2 property N=3..64"],"fullName":"bracket-v2 property N=3..64 DE compact n=26 lowerSeed","status":"passed","title":"DE compact n=26 lowerSeed","duration":116.39745799999946,"failureMessages":[],"meta":{}},{"ancestorTitles":["bracket-v2 property N=3..64"],"fullName":"bracket-v2 property N=3..64 DE compact n=26 alwaysA","status":"passed","title":"DE compact n=26 alwaysA","duration":117.66995799999859,"failureMessages":[],"meta":{}},{"ancestorTitles":["bracket-v2 property N=3..64"],"fullName":"bracket-v2 property N=3..64 DE compact n=26 alwaysB","status":"passed","title":"DE compact n=26 alwaysB","duration":116.66654199999903,"failureMessages":[],"meta":{}},{"ancestorTitles":["bracket-v2 property N=3..64"],"fullName":"bracket-v2 property N=3..64 DE compact n=27 lowerSeed","status":"passed","title":"DE compact n=27 lowerSeed","duration":129.74720899999738,"failureMessages":[],"meta":{}},{"ancestorTitles":["bracket-v2 property N=3..64"],"fullName":"bracket-v2 property N=3..64 DE compact n=27 alwaysA","status":"passed","title":"DE compact n=27 alwaysA","duration":128.62683299999844,"failureMessages":[],"meta":{}},{"ancestorTitles":["bracket-v2 property N=3..64"],"fullName":"bracket-v2 property N=3..64 DE compact n=27 alwaysB","status":"passed","title":"DE compact n=27 alwaysB","duration":129.19116699999722,"failureMessages":[],"meta":{}},{"ancestorTitles":["bracket-v2 property N=3..64"],"fullName":"bracket-v2 property N=3..64 DE compact n=28 lowerSeed","status":"passed","title":"DE compact n=28 lowerSeed","duration":133.9579159999994,"failureMessages":[],"meta":{}},{"ancestorTitles":["bracket-v2 property N=3..64"],"fullName":"bracket-v2 property N=3..64 DE compact n=28 alwaysA","status":"passed","title":"DE compact n=28 alwaysA","duration":133.68379099999947,"failureMessages":[],"meta":{}},{"ancestorTitles":["bracket-v2 property N=3..64"],"fullName":"bracket-v2 property N=3..64 DE compact n=28 alwaysB","status":"passed","title":"DE compact n=28 alwaysB","duration":133.54641700000138,"failureMessages":[],"meta":{}},{"ancestorTitles":["bracket-v2 property N=3..64"],"fullName":"bracket-v2 property N=3..64 DE compact n=29 lowerSeed","status":"passed","title":"DE compact n=29 lowerSeed","duration":155.00391700000182,"failureMessages":[],"meta":{}},{"ancestorTitles":["bracket-v2 property N=3..64"],"fullName":"bracket-v2 property N=3..64 DE compact n=29 alwaysA","status":"passed","title":"DE compact n=29 alwaysA","duration":153.9910830000008,"failureMessages":[],"meta":{}},{"ancestorTitles":["bracket-v2 property N=3..64"],"fullName":"bracket-v2 property N=3..64 DE compact n=29 alwaysB","status":"passed","title":"DE compact n=29 alwaysB","duration":155.33908299999894,"failureMessages":[],"meta":{}},{"ancestorTitles":["bracket-v2 property N=3..64"],"fullName":"bracket-v2 property N=3..64 DE compact n=30 lowerSeed","status":"passed","title":"DE compact n=30 lowerSeed","duration":167.20750000000044,"failureMessages":[],"meta":{}},{"ancestorTitles":["bracket-v2 property N=3..64"],"fullName":"bracket-v2 property N=3..64 DE compact n=30 alwaysA","status":"passed","title":"DE compact n=30 alwaysA","duration":165.994917,"failureMessages":[],"meta":{}},{"ancestorTitles":["bracket-v2 property N=3..64"],"fullName":"bracket-v2 property N=3..64 DE compact n=30 alwaysB","status":"passed","title":"DE compact n=30 alwaysB","duration":167.14858300000196,"failureMessages":[],"meta":{}},{"ancestorTitles":["bracket-v2 property N=3..64"],"fullName":"bracket-v2 property N=3..64 DE compact n=31 lowerSeed","status":"passed","title":"DE compact n=31 lowerSeed","duration":217.4354170000006,"failureMessages":[],"meta":{}},{"ancestorTitles":["bracket-v2 property N=3..64"],"fullName":"bracket-v2 property N=3..64 DE compact n=31 alwaysA","status":"passed","title":"DE compact n=31 alwaysA","duration":216.56416700000045,"failureMessages":[],"meta":{}},{"ancestorTitles":["bracket-v2 property N=3..64"],"fullName":"bracket-v2 property N=3..64 DE compact n=31 alwaysB","status":"passed","title":"DE compact n=31 alwaysB","duration":217.67462499999965,"failureMessages":[],"meta":{}},{"ancestorTitles":["bracket-v2 property N=3..64"],"fullName":"bracket-v2 property N=3..64 DE compact n=32 lowerSeed","status":"passed","title":"DE compact n=32 lowerSeed","duration":224.54149999999936,"failureMessages":[],"meta":{}},{"ancestorTitles":["bracket-v2 property N=3..64"],"fullName":"bracket-v2 property N=3..64 DE compact n=32 alwaysA","status":"passed","title":"DE compact n=32 alwaysA","duration":224.37691699999777,"failureMessages":[],"meta":{}},{"ancestorTitles":["bracket-v2 property N=3..64"],"fullName":"bracket-v2 property N=3..64 DE compact n=32 alwaysB","status":"passed","title":"DE compact n=32 alwaysB","duration":225.81704199999876,"failureMessages":[],"meta":{}},{"ancestorTitles":["bracket-v2 property N=3..64"],"fullName":"bracket-v2 property N=3..64 seeded rng DE n=8","status":"passed","title":"seeded rng DE n=8","duration":1.4575830000030692,"failureMessages":[],"meta":{}}],"startTime":1789778264743,"endTime":1789778287652.4575,"status":"passed","message":"","name":"/Users/liubavskii/.codex/worktrees/c870/tab10/packages/shared/src/bracket-v2/property.test.ts"}]}